{"/home/Derrik/Development/data6570/rpg-expo-app/src/context/GameContext.js": {"path":"/home/Derrik/Development/data6570/rpg-expo-app/src/context/GameContext.js","statementMap":{"0":{"start":{"line":19,"column":20},"end":{"line":19,"column":35}},"1":{"start":{"line":21,"column":23},"end":{"line":21,"column":52}},"2":{"start":{"line":21,"column":29},"end":{"line":21,"column":52}},"3":{"start":{"line":23,"column":17},"end":{"line":23,"column":36}},"4":{"start":{"line":25,"column":28},"end":{"line":636,"column":1}},"5":{"start":{"line":27,"column":38},"end":{"line":27,"column":52}},"6":{"start":{"line":28,"column":46},"end":{"line":28,"column":60}},"7":{"start":{"line":29,"column":24},"end":{"line":29,"column":35}},"8":{"start":{"line":30,"column":48},"end":{"line":30,"column":59}},"9":{"start":{"line":31,"column":38},"end":{"line":31,"column":50}},"10":{"start":{"line":32,"column":36},"end":{"line":42,"column":6}},"11":{"start":{"line":44,"column":30},"end":{"line":44,"column":41}},"12":{"start":{"line":45,"column":46},"end":{"line":45,"column":58}},"13":{"start":{"line":46,"column":48},"end":{"line":46,"column":60}},"14":{"start":{"line":47,"column":54},"end":{"line":47,"column":66}},"15":{"start":{"line":48,"column":38},"end":{"line":48,"column":49}},"16":{"start":{"line":49,"column":32},"end":{"line":49,"column":43}},"17":{"start":{"line":50,"column":42},"end":{"line":50,"column":56}},"18":{"start":{"line":51,"column":38},"end":{"line":51,"column":126}},"19":{"start":{"line":53,"column":4},"end":{"line":59,"column":20}},"20":{"start":{"line":55,"column":8},"end":{"line":58,"column":9}},"21":{"start":{"line":62,"column":18},"end":{"line":62,"column":36}},"22":{"start":{"line":70,"column":24},"end":{"line":70,"column":29}},"23":{"start":{"line":73,"column":22},"end":{"line":85,"column":18}},"24":{"start":{"line":74,"column":25},"end":{"line":74,"column":90}},"25":{"start":{"line":75,"column":8},"end":{"line":83,"column":11}},"26":{"start":{"line":76,"column":12},"end":{"line":82,"column":13}},"27":{"start":{"line":77,"column":16},"end":{"line":77,"column":64}},"28":{"start":{"line":78,"column":16},"end":{"line":78,"column":60}},"29":{"start":{"line":79,"column":16},"end":{"line":79,"column":62}},"30":{"start":{"line":80,"column":16},"end":{"line":80,"column":68}},"31":{"start":{"line":81,"column":16},"end":{"line":81,"column":62}},"32":{"start":{"line":84,"column":8},"end":{"line":84,"column":26}},"33":{"start":{"line":87,"column":24},"end":{"line":101,"column":47}},"34":{"start":{"line":88,"column":22},"end":{"line":88,"column":66}},"35":{"start":{"line":90,"column":20},"end":{"line":90,"column":30}},"36":{"start":{"line":92,"column":8},"end":{"line":98,"column":11}},"37":{"start":{"line":93,"column":12},"end":{"line":93,"column":67}},"38":{"start":{"line":93,"column":60},"end":{"line":93,"column":67}},"39":{"start":{"line":94,"column":12},"end":{"line":94,"column":114}},"40":{"start":{"line":94,"column":50},"end":{"line":94,"column":114}},"41":{"start":{"line":95,"column":12},"end":{"line":95,"column":110}},"42":{"start":{"line":95,"column":50},"end":{"line":95,"column":110}},"43":{"start":{"line":96,"column":12},"end":{"line":96,"column":111}},"44":{"start":{"line":96,"column":49},"end":{"line":96,"column":111}},"45":{"start":{"line":97,"column":12},"end":{"line":97,"column":111}},"46":{"start":{"line":97,"column":49},"end":{"line":97,"column":111}},"47":{"start":{"line":100,"column":8},"end":{"line":100,"column":21}},"48":{"start":{"line":104,"column":4},"end":{"line":110,"column":11}},"49":{"start":{"line":105,"column":25},"end":{"line":108,"column":16}},"50":{"start":{"line":106,"column":24},"end":{"line":106,"column":34}},"51":{"start":{"line":107,"column":12},"end":{"line":107,"column":91}},"52":{"start":{"line":107,"column":37},"end":{"line":107,"column":89}},"53":{"start":{"line":107,"column":54},"end":{"line":107,"column":88}},"54":{"start":{"line":109,"column":8},"end":{"line":109,"column":45}},"55":{"start":{"line":109,"column":21},"end":{"line":109,"column":44}},"56":{"start":{"line":113,"column":4},"end":{"line":117,"column":30}},"57":{"start":{"line":114,"column":8},"end":{"line":116,"column":9}},"58":{"start":{"line":115,"column":12},"end":{"line":115,"column":51}},"59":{"start":{"line":120,"column":28},"end":{"line":135,"column":5}},"60":{"start":{"line":121,"column":25},"end":{"line":121,"column":69}},"61":{"start":{"line":122,"column":20},"end":{"line":122,"column":75}},"62":{"start":{"line":123,"column":8},"end":{"line":134,"column":9}},"63":{"start":{"line":124,"column":12},"end":{"line":131,"column":13}},"64":{"start":{"line":125,"column":30},"end":{"line":125,"column":44}},"65":{"start":{"line":126,"column":16},"end":{"line":126,"column":65}},"66":{"start":{"line":127,"column":16},"end":{"line":127,"column":36}},"67":{"start":{"line":128,"column":16},"end":{"line":128,"column":33}},"68":{"start":{"line":130,"column":16},"end":{"line":130,"column":70}},"69":{"start":{"line":133,"column":12},"end":{"line":133,"column":44}},"70":{"start":{"line":137,"column":28},"end":{"line":145,"column":5}},"71":{"start":{"line":138,"column":20},"end":{"line":138,"column":72}},"72":{"start":{"line":139,"column":8},"end":{"line":144,"column":9}},"73":{"start":{"line":140,"column":12},"end":{"line":140,"column":35}},"74":{"start":{"line":141,"column":12},"end":{"line":141,"column":29}},"75":{"start":{"line":143,"column":12},"end":{"line":143,"column":44}},"76":{"start":{"line":147,"column":29},"end":{"line":153,"column":5}},"77":{"start":{"line":148,"column":22},"end":{"line":148,"column":63}},"78":{"start":{"line":149,"column":8},"end":{"line":152,"column":9}},"79":{"start":{"line":150,"column":12},"end":{"line":150,"column":32}},"80":{"start":{"line":151,"column":12},"end":{"line":151,"column":29}},"81":{"start":{"line":155,"column":19},"end":{"line":165,"column":5}},"82":{"start":{"line":156,"column":8},"end":{"line":156,"column":25}},"83":{"start":{"line":157,"column":8},"end":{"line":161,"column":9}},"84":{"start":{"line":158,"column":12},"end":{"line":158,"column":51}},"85":{"start":{"line":160,"column":12},"end":{"line":160,"column":50}},"86":{"start":{"line":162,"column":8},"end":{"line":162,"column":53}},"87":{"start":{"line":163,"column":8},"end":{"line":163,"column":27}},"88":{"start":{"line":164,"column":8},"end":{"line":164,"column":31}},"89":{"start":{"line":167,"column":4},"end":{"line":167,"column":49}},"90":{"start":{"line":167,"column":22},"end":{"line":167,"column":41}},"91":{"start":{"line":169,"column":21},"end":{"line":177,"column":5}},"92":{"start":{"line":170,"column":8},"end":{"line":170,"column":55}},"93":{"start":{"line":170,"column":42},"end":{"line":170,"column":55}},"94":{"start":{"line":171,"column":24},"end":{"line":174,"column":9}},"95":{"start":{"line":175,"column":20},"end":{"line":175,"column":71}},"96":{"start":{"line":176,"column":8},"end":{"line":176,"column":56}},"97":{"start":{"line":180,"column":4},"end":{"line":192,"column":161}},"98":{"start":{"line":181,"column":8},"end":{"line":181,"column":49}},"99":{"start":{"line":181,"column":42},"end":{"line":181,"column":49}},"100":{"start":{"line":183,"column":26},"end":{"line":189,"column":16}},"101":{"start":{"line":184,"column":28},"end":{"line":187,"column":13}},"102":{"start":{"line":188,"column":12},"end":{"line":188,"column":58}},"103":{"start":{"line":191,"column":8},"end":{"line":191,"column":45}},"104":{"start":{"line":191,"column":21},"end":{"line":191,"column":44}},"105":{"start":{"line":195,"column":4},"end":{"line":198,"column":16}},"106":{"start":{"line":196,"column":8},"end":{"line":196,"column":63}},"107":{"start":{"line":196,"column":56},"end":{"line":196,"column":63}},"108":{"start":{"line":197,"column":8},"end":{"line":197,"column":19}},"109":{"start":{"line":200,"column":21},"end":{"line":221,"column":5}},"110":{"start":{"line":201,"column":20},"end":{"line":201,"column":61}},"111":{"start":{"line":202,"column":8},"end":{"line":219,"column":9}},"112":{"start":{"line":203,"column":25},"end":{"line":203,"column":33}},"113":{"start":{"line":204,"column":12},"end":{"line":204,"column":40}},"114":{"start":{"line":205,"column":12},"end":{"line":205,"column":32}},"115":{"start":{"line":206,"column":12},"end":{"line":206,"column":56}},"116":{"start":{"line":207,"column":12},"end":{"line":207,"column":47}},"117":{"start":{"line":208,"column":12},"end":{"line":210,"column":15}},"118":{"start":{"line":211,"column":12},"end":{"line":211,"column":38}},"119":{"start":{"line":212,"column":12},"end":{"line":212,"column":57}},"120":{"start":{"line":213,"column":12},"end":{"line":213,"column":63}},"121":{"start":{"line":214,"column":12},"end":{"line":214,"column":46}},"122":{"start":{"line":215,"column":12},"end":{"line":215,"column":40}},"123":{"start":{"line":216,"column":12},"end":{"line":216,"column":53}},"124":{"start":{"line":217,"column":12},"end":{"line":217,"column":170}},"125":{"start":{"line":218,"column":12},"end":{"line":218,"column":24}},"126":{"start":{"line":220,"column":8},"end":{"line":220,"column":21}},"127":{"start":{"line":224,"column":24},"end":{"line":242,"column":5}},"128":{"start":{"line":225,"column":23},"end":{"line":225,"column":57}},"129":{"start":{"line":226,"column":25},"end":{"line":226,"column":43}},"130":{"start":{"line":228,"column":8},"end":{"line":237,"column":11}},"131":{"start":{"line":229,"column":27},"end":{"line":229,"column":40}},"132":{"start":{"line":230,"column":29},"end":{"line":230,"column":51}},"133":{"start":{"line":232,"column":12},"end":{"line":235,"column":13}},"134":{"start":{"line":233,"column":34},"end":{"line":233,"column":53}},"135":{"start":{"line":234,"column":16},"end":{"line":234,"column":61}},"136":{"start":{"line":234,"column":39},"end":{"line":234,"column":59}},"137":{"start":{"line":236,"column":12},"end":{"line":236,"column":26}},"138":{"start":{"line":239,"column":8},"end":{"line":239,"column":40}},"139":{"start":{"line":241,"column":8},"end":{"line":241,"column":22}},"140":{"start":{"line":244,"column":19},"end":{"line":255,"column":5}},"141":{"start":{"line":245,"column":25},"end":{"line":245,"column":43}},"142":{"start":{"line":246,"column":8},"end":{"line":254,"column":11}},"143":{"start":{"line":247,"column":27},"end":{"line":247,"column":40}},"144":{"start":{"line":248,"column":29},"end":{"line":248,"column":51}},"145":{"start":{"line":249,"column":12},"end":{"line":252,"column":13}},"146":{"start":{"line":250,"column":34},"end":{"line":250,"column":53}},"147":{"start":{"line":251,"column":16},"end":{"line":251,"column":61}},"148":{"start":{"line":251,"column":39},"end":{"line":251,"column":59}},"149":{"start":{"line":253,"column":12},"end":{"line":253,"column":26}},"150":{"start":{"line":257,"column":28},"end":{"line":278,"column":5}},"151":{"start":{"line":258,"column":8},"end":{"line":276,"column":9}},"152":{"start":{"line":259,"column":28},"end":{"line":259,"column":108}},"153":{"start":{"line":260,"column":12},"end":{"line":273,"column":13}},"154":{"start":{"line":261,"column":29},"end":{"line":261,"column":46}},"155":{"start":{"line":262,"column":30},"end":{"line":262,"column":100}},"156":{"start":{"line":263,"column":16},"end":{"line":271,"column":19}},"157":{"start":{"line":264,"column":37},"end":{"line":264,"column":73}},"158":{"start":{"line":264,"column":52},"end":{"line":264,"column":72}},"159":{"start":{"line":265,"column":20},"end":{"line":269,"column":21}},"160":{"start":{"line":266,"column":24},"end":{"line":266,"column":127}},"161":{"start":{"line":266,"column":45},"end":{"line":266,"column":125}},"162":{"start":{"line":267,"column":27},"end":{"line":269,"column":21}},"163":{"start":{"line":268,"column":24},"end":{"line":268,"column":146}},"164":{"start":{"line":270,"column":20},"end":{"line":270,"column":32}},"165":{"start":{"line":272,"column":16},"end":{"line":272,"column":28}},"166":{"start":{"line":275,"column":12},"end":{"line":275,"column":43}},"167":{"start":{"line":277,"column":8},"end":{"line":277,"column":20}},"168":{"start":{"line":280,"column":27},"end":{"line":285,"column":5}},"169":{"start":{"line":281,"column":8},"end":{"line":284,"column":11}},"170":{"start":{"line":282,"column":12},"end":{"line":282,"column":55}},"171":{"start":{"line":282,"column":43},"end":{"line":282,"column":55}},"172":{"start":{"line":283,"column":12},"end":{"line":283,"column":41}},"173":{"start":{"line":287,"column":23},"end":{"line":289,"column":5}},"174":{"start":{"line":288,"column":8},"end":{"line":288,"column":80}},"175":{"start":{"line":288,"column":34},"end":{"line":288,"column":78}},"176":{"start":{"line":291,"column":23},"end":{"line":293,"column":5}},"177":{"start":{"line":292,"column":8},"end":{"line":292,"column":62}},"178":{"start":{"line":292,"column":34},"end":{"line":292,"column":60}},"179":{"start":{"line":295,"column":25},"end":{"line":323,"column":5}},"180":{"start":{"line":296,"column":20},"end":{"line":296,"column":30}},"181":{"start":{"line":298,"column":25},"end":{"line":298,"column":30}},"182":{"start":{"line":300,"column":8},"end":{"line":320,"column":11}},"183":{"start":{"line":301,"column":28},"end":{"line":301,"column":39}},"184":{"start":{"line":303,"column":12},"end":{"line":309,"column":13}},"185":{"start":{"line":304,"column":16},"end":{"line":308,"column":17}},"186":{"start":{"line":305,"column":20},"end":{"line":305,"column":86}},"187":{"start":{"line":306,"column":20},"end":{"line":306,"column":58}},"188":{"start":{"line":307,"column":20},"end":{"line":307,"column":38}},"189":{"start":{"line":311,"column":12},"end":{"line":317,"column":13}},"190":{"start":{"line":312,"column":16},"end":{"line":316,"column":17}},"191":{"start":{"line":313,"column":20},"end":{"line":313,"column":78}},"192":{"start":{"line":314,"column":20},"end":{"line":314,"column":54}},"193":{"start":{"line":315,"column":20},"end":{"line":315,"column":38}},"194":{"start":{"line":319,"column":12},"end":{"line":319,"column":29}},"195":{"start":{"line":322,"column":8},"end":{"line":322,"column":26}},"196":{"start":{"line":325,"column":20},"end":{"line":339,"column":5}},"197":{"start":{"line":326,"column":8},"end":{"line":326,"column":90}},"198":{"start":{"line":326,"column":35},"end":{"line":326,"column":90}},"199":{"start":{"line":327,"column":8},"end":{"line":327,"column":98}},"200":{"start":{"line":327,"column":36},"end":{"line":327,"column":98}},"201":{"start":{"line":329,"column":8},"end":{"line":329,"column":47}},"202":{"start":{"line":329,"column":25},"end":{"line":329,"column":45}},"203":{"start":{"line":330,"column":8},"end":{"line":330,"column":46}},"204":{"start":{"line":330,"column":29},"end":{"line":330,"column":44}},"205":{"start":{"line":333,"column":8},"end":{"line":337,"column":12}},"206":{"start":{"line":333,"column":30},"end":{"line":337,"column":9}},"207":{"start":{"line":335,"column":52},"end":{"line":335,"column":68}},"208":{"start":{"line":336,"column":44},"end":{"line":336,"column":60}},"209":{"start":{"line":338,"column":8},"end":{"line":338,"column":33}},"210":{"start":{"line":341,"column":27},"end":{"line":352,"column":5}},"211":{"start":{"line":342,"column":20},"end":{"line":342,"column":35}},"212":{"start":{"line":343,"column":8},"end":{"line":345,"column":9}},"213":{"start":{"line":344,"column":12},"end":{"line":344,"column":44}},"214":{"start":{"line":346,"column":8},"end":{"line":346,"column":52}},"215":{"start":{"line":346,"column":25},"end":{"line":346,"column":50}},"216":{"start":{"line":347,"column":8},"end":{"line":351,"column":9}},"217":{"start":{"line":348,"column":12},"end":{"line":348,"column":114}},"218":{"start":{"line":348,"column":33},"end":{"line":348,"column":112}},"219":{"start":{"line":348,"column":47},"end":{"line":348,"column":111}},"220":{"start":{"line":350,"column":12},"end":{"line":350,"column":69}},"221":{"start":{"line":350,"column":33},"end":{"line":350,"column":67}},"222":{"start":{"line":350,"column":50},"end":{"line":350,"column":66}},"223":{"start":{"line":354,"column":22},"end":{"line":361,"column":5}},"224":{"start":{"line":355,"column":21},"end":{"line":355,"column":23}},"225":{"start":{"line":356,"column":8},"end":{"line":356,"column":39}},"226":{"start":{"line":356,"column":26},"end":{"line":356,"column":39}},"227":{"start":{"line":358,"column":8},"end":{"line":358,"column":38}},"228":{"start":{"line":358,"column":25},"end":{"line":358,"column":36}},"229":{"start":{"line":360,"column":8},"end":{"line":360,"column":20}},"230":{"start":{"line":363,"column":28},"end":{"line":365,"column":5}},"231":{"start":{"line":364,"column":8},"end":{"line":364,"column":47}},"232":{"start":{"line":367,"column":23},"end":{"line":371,"column":5}},"233":{"start":{"line":368,"column":8},"end":{"line":368,"column":60}},"234":{"start":{"line":368,"column":53},"end":{"line":368,"column":60}},"235":{"start":{"line":369,"column":25},"end":{"line":369,"column":49}},"236":{"start":{"line":370,"column":8},"end":{"line":370,"column":33}},"237":{"start":{"line":373,"column":32},"end":{"line":388,"column":5}},"238":{"start":{"line":374,"column":28},"end":{"line":374,"column":33}},"239":{"start":{"line":375,"column":8},"end":{"line":375,"column":66}},"240":{"start":{"line":375,"column":53},"end":{"line":375,"column":66}},"241":{"start":{"line":376,"column":8},"end":{"line":386,"column":9}},"242":{"start":{"line":377,"column":32},"end":{"line":377,"column":56}},"243":{"start":{"line":378,"column":12},"end":{"line":380,"column":13}},"244":{"start":{"line":379,"column":16},"end":{"line":379,"column":37}},"245":{"start":{"line":381,"column":12},"end":{"line":385,"column":16}},"246":{"start":{"line":381,"column":36},"end":{"line":385,"column":13}},"247":{"start":{"line":387,"column":8},"end":{"line":387,"column":29}},"248":{"start":{"line":390,"column":29},"end":{"line":406,"column":5}},"249":{"start":{"line":391,"column":8},"end":{"line":391,"column":61}},"250":{"start":{"line":391,"column":54},"end":{"line":391,"column":61}},"251":{"start":{"line":393,"column":8},"end":{"line":393,"column":57}},"252":{"start":{"line":393,"column":25},"end":{"line":393,"column":55}},"253":{"start":{"line":394,"column":8},"end":{"line":404,"column":11}},"254":{"start":{"line":395,"column":26},"end":{"line":395,"column":57}},"255":{"start":{"line":398,"column":30},"end":{"line":398,"column":68}},"256":{"start":{"line":399,"column":12},"end":{"line":402,"column":13}},"257":{"start":{"line":400,"column":16},"end":{"line":400,"column":41}},"258":{"start":{"line":400,"column":34},"end":{"line":400,"column":39}},"259":{"start":{"line":403,"column":12},"end":{"line":403,"column":25}},"260":{"start":{"line":405,"column":8},"end":{"line":405,"column":29}},"261":{"start":{"line":408,"column":23},"end":{"line":428,"column":5}},"262":{"start":{"line":409,"column":24},"end":{"line":409,"column":39}},"263":{"start":{"line":410,"column":8},"end":{"line":412,"column":9}},"264":{"start":{"line":411,"column":12},"end":{"line":411,"column":52}},"265":{"start":{"line":413,"column":24},"end":{"line":413,"column":61}},"266":{"start":{"line":415,"column":8},"end":{"line":419,"column":9}},"267":{"start":{"line":416,"column":12},"end":{"line":416,"column":114}},"268":{"start":{"line":416,"column":33},"end":{"line":416,"column":112}},"269":{"start":{"line":416,"column":47},"end":{"line":416,"column":111}},"270":{"start":{"line":418,"column":12},"end":{"line":418,"column":69}},"271":{"start":{"line":418,"column":33},"end":{"line":418,"column":67}},"272":{"start":{"line":418,"column":50},"end":{"line":418,"column":66}},"273":{"start":{"line":420,"column":8},"end":{"line":427,"column":11}},"274":{"start":{"line":421,"column":26},"end":{"line":421,"column":40}},"275":{"start":{"line":422,"column":30},"end":{"line":422,"column":68}},"276":{"start":{"line":423,"column":12},"end":{"line":425,"column":13}},"277":{"start":{"line":424,"column":16},"end":{"line":424,"column":41}},"278":{"start":{"line":424,"column":34},"end":{"line":424,"column":39}},"279":{"start":{"line":426,"column":12},"end":{"line":426,"column":25}},"280":{"start":{"line":431,"column":25},"end":{"line":456,"column":5}},"281":{"start":{"line":432,"column":27},"end":{"line":432,"column":53}},"282":{"start":{"line":433,"column":24},"end":{"line":433,"column":50}},"283":{"start":{"line":434,"column":8},"end":{"line":450,"column":9}},"284":{"start":{"line":435,"column":12},"end":{"line":435,"column":48}},"285":{"start":{"line":435,"column":38},"end":{"line":435,"column":46}},"286":{"start":{"line":436,"column":12},"end":{"line":449,"column":15}},"287":{"start":{"line":437,"column":16},"end":{"line":448,"column":17}},"288":{"start":{"line":438,"column":33},"end":{"line":438,"column":50}},"289":{"start":{"line":439,"column":20},"end":{"line":447,"column":23}},"290":{"start":{"line":440,"column":41},"end":{"line":440,"column":77}},"291":{"start":{"line":440,"column":56},"end":{"line":440,"column":76}},"292":{"start":{"line":441,"column":24},"end":{"line":445,"column":25}},"293":{"start":{"line":442,"column":28},"end":{"line":442,"column":131}},"294":{"start":{"line":442,"column":49},"end":{"line":442,"column":129}},"295":{"start":{"line":443,"column":31},"end":{"line":445,"column":25}},"296":{"start":{"line":444,"column":28},"end":{"line":444,"column":147}},"297":{"start":{"line":446,"column":24},"end":{"line":446,"column":36}},"298":{"start":{"line":452,"column":8},"end":{"line":454,"column":9}},"299":{"start":{"line":453,"column":12},"end":{"line":453,"column":33}},"300":{"start":{"line":455,"column":8},"end":{"line":455,"column":23}},"301":{"start":{"line":458,"column":27},"end":{"line":513,"column":5}},"302":{"start":{"line":460,"column":36},"end":{"line":469,"column":9}},"303":{"start":{"line":470,"column":24},"end":{"line":470,"column":62}},"304":{"start":{"line":472,"column":30},"end":{"line":472,"column":82}},"305":{"start":{"line":473,"column":21},"end":{"line":473,"column":40}},"306":{"start":{"line":474,"column":26},"end":{"line":474,"column":47}},"307":{"start":{"line":476,"column":8},"end":{"line":491,"column":9}},"308":{"start":{"line":478,"column":31},"end":{"line":478,"column":72}},"309":{"start":{"line":479,"column":23},"end":{"line":479,"column":28}},"310":{"start":{"line":480,"column":31},"end":{"line":480,"column":58}},"311":{"start":{"line":482,"column":12},"end":{"line":487,"column":13}},"312":{"start":{"line":483,"column":16},"end":{"line":483,"column":33}},"313":{"start":{"line":484,"column":16},"end":{"line":484,"column":28}},"314":{"start":{"line":485,"column":36},"end":{"line":485,"column":62}},"315":{"start":{"line":486,"column":16},"end":{"line":486,"column":66}},"316":{"start":{"line":486,"column":33},"end":{"line":486,"column":64}},"317":{"start":{"line":489,"column":12},"end":{"line":489,"column":35}},"318":{"start":{"line":490,"column":12},"end":{"line":490,"column":80}},"319":{"start":{"line":495,"column":23},"end":{"line":495,"column":53}},"320":{"start":{"line":496,"column":19},"end":{"line":496,"column":44}},"321":{"start":{"line":498,"column":8},"end":{"line":504,"column":9}},"322":{"start":{"line":499,"column":12},"end":{"line":499,"column":40}},"323":{"start":{"line":501,"column":39},"end":{"line":501,"column":50}},"324":{"start":{"line":502,"column":12},"end":{"line":502,"column":58}},"325":{"start":{"line":503,"column":12},"end":{"line":503,"column":47}},"326":{"start":{"line":507,"column":8},"end":{"line":512,"column":9}},"327":{"start":{"line":508,"column":12},"end":{"line":508,"column":50}},"328":{"start":{"line":508,"column":33},"end":{"line":508,"column":48}},"329":{"start":{"line":509,"column":12},"end":{"line":509,"column":51}},"330":{"start":{"line":511,"column":12},"end":{"line":511,"column":64}},"331":{"start":{"line":515,"column":22},"end":{"line":527,"column":5}},"332":{"start":{"line":516,"column":8},"end":{"line":516,"column":43}},"333":{"start":{"line":516,"column":36},"end":{"line":516,"column":43}},"334":{"start":{"line":518,"column":21},"end":{"line":518,"column":30}},"335":{"start":{"line":519,"column":8},"end":{"line":522,"column":11}},"336":{"start":{"line":520,"column":32},"end":{"line":520,"column":57}},"337":{"start":{"line":521,"column":12},"end":{"line":521,"column":31}},"338":{"start":{"line":523,"column":8},"end":{"line":523,"column":65}},"339":{"start":{"line":523,"column":29},"end":{"line":523,"column":63}},"340":{"start":{"line":523,"column":46},"end":{"line":523,"column":62}},"341":{"start":{"line":524,"column":8},"end":{"line":526,"column":9}},"342":{"start":{"line":525,"column":12},"end":{"line":525,"column":65}},"343":{"start":{"line":525,"column":33},"end":{"line":525,"column":63}},"344":{"start":{"line":529,"column":24},"end":{"line":535,"column":5}},"345":{"start":{"line":530,"column":21},"end":{"line":530,"column":35}},"346":{"start":{"line":531,"column":8},"end":{"line":534,"column":9}},"347":{"start":{"line":532,"column":12},"end":{"line":532,"column":61}},"348":{"start":{"line":532,"column":33},"end":{"line":532,"column":58}},"349":{"start":{"line":533,"column":12},"end":{"line":533,"column":50}},"350":{"start":{"line":533,"column":33},"end":{"line":533,"column":48}},"351":{"start":{"line":537,"column":21},"end":{"line":544,"column":5}},"352":{"start":{"line":538,"column":8},"end":{"line":538,"column":51}},"353":{"start":{"line":538,"column":25},"end":{"line":538,"column":49}},"354":{"start":{"line":539,"column":8},"end":{"line":543,"column":9}},"355":{"start":{"line":540,"column":12},"end":{"line":540,"column":107}},"356":{"start":{"line":540,"column":33},"end":{"line":540,"column":105}},"357":{"start":{"line":540,"column":47},"end":{"line":540,"column":104}},"358":{"start":{"line":542,"column":12},"end":{"line":542,"column":69}},"359":{"start":{"line":542,"column":33},"end":{"line":542,"column":67}},"360":{"start":{"line":542,"column":50},"end":{"line":542,"column":66}},"361":{"start":{"line":546,"column":26},"end":{"line":563,"column":5}},"362":{"start":{"line":547,"column":8},"end":{"line":551,"column":9}},"363":{"start":{"line":548,"column":12},"end":{"line":548,"column":77}},"364":{"start":{"line":549,"column":12},"end":{"line":549,"column":71}},"365":{"start":{"line":549,"column":33},"end":{"line":549,"column":69}},"366":{"start":{"line":549,"column":50},"end":{"line":549,"column":68}},"367":{"start":{"line":550,"column":12},"end":{"line":550,"column":19}},"368":{"start":{"line":554,"column":30},"end":{"line":554,"column":31}},"369":{"start":{"line":555,"column":8},"end":{"line":555,"column":62}},"370":{"start":{"line":555,"column":42},"end":{"line":555,"column":62}},"371":{"start":{"line":556,"column":8},"end":{"line":556,"column":62}},"372":{"start":{"line":556,"column":42},"end":{"line":556,"column":62}},"373":{"start":{"line":557,"column":8},"end":{"line":557,"column":67}},"374":{"start":{"line":557,"column":47},"end":{"line":557,"column":67}},"375":{"start":{"line":559,"column":31},"end":{"line":559,"column":99}},"376":{"start":{"line":561,"column":8},"end":{"line":561,"column":60}},"377":{"start":{"line":561,"column":33},"end":{"line":561,"column":58}},"378":{"start":{"line":562,"column":8},"end":{"line":562,"column":67}},"379":{"start":{"line":562,"column":29},"end":{"line":562,"column":65}},"380":{"start":{"line":562,"column":46},"end":{"line":562,"column":64}},"381":{"start":{"line":565,"column":21},"end":{"line":571,"column":5}},"382":{"start":{"line":566,"column":8},"end":{"line":569,"column":9}},"383":{"start":{"line":567,"column":12},"end":{"line":567,"column":44}},"384":{"start":{"line":567,"column":29},"end":{"line":567,"column":42}},"385":{"start":{"line":568,"column":12},"end":{"line":568,"column":24}},"386":{"start":{"line":570,"column":8},"end":{"line":570,"column":21}},"387":{"start":{"line":573,"column":24},"end":{"line":573,"column":54}},"388":{"start":{"line":574,"column":27},"end":{"line":574,"column":53}},"389":{"start":{"line":575,"column":24},"end":{"line":575,"column":43}},"390":{"start":{"line":576,"column":31},"end":{"line":576,"column":59}},"391":{"start":{"line":577,"column":26},"end":{"line":577,"column":89}},"392":{"start":{"line":579,"column":4},"end":{"line":635,"column":6}}},"fnMap":{"0":{"name":"(anonymous_0)","decl":{"start":{"line":21,"column":23},"end":{"line":21,"column":24}},"loc":{"start":{"line":21,"column":29},"end":{"line":21,"column":52}},"line":21},"1":{"name":"(anonymous_1)","decl":{"start":{"line":25,"column":28},"end":{"line":25,"column":29}},"loc":{"start":{"line":25,"column":46},"end":{"line":636,"column":1}},"line":25},"2":{"name":"(anonymous_2)","decl":{"start":{"line":53,"column":14},"end":{"line":53,"column":15}},"loc":{"start":{"line":53,"column":20},"end":{"line":59,"column":5}},"line":53},"3":{"name":"(anonymous_3)","decl":{"start":{"line":73,"column":30},"end":{"line":73,"column":31}},"loc":{"start":{"line":73,"column":36},"end":{"line":85,"column":5}},"line":73},"4":{"name":"(anonymous_4)","decl":{"start":{"line":75,"column":40},"end":{"line":75,"column":41}},"loc":{"start":{"line":75,"column":48},"end":{"line":83,"column":9}},"line":75},"5":{"name":"(anonymous_5)","decl":{"start":{"line":87,"column":32},"end":{"line":87,"column":33}},"loc":{"start":{"line":87,"column":38},"end":{"line":101,"column":5}},"line":87},"6":{"name":"(anonymous_6)","decl":{"start":{"line":92,"column":30},"end":{"line":92,"column":31}},"loc":{"start":{"line":92,"column":40},"end":{"line":98,"column":9}},"line":92},"7":{"name":"(anonymous_7)","decl":{"start":{"line":104,"column":14},"end":{"line":104,"column":15}},"loc":{"start":{"line":104,"column":20},"end":{"line":110,"column":5}},"line":104},"8":{"name":"(anonymous_8)","decl":{"start":{"line":105,"column":37},"end":{"line":105,"column":38}},"loc":{"start":{"line":105,"column":43},"end":{"line":108,"column":9}},"line":105},"9":{"name":"(anonymous_9)","decl":{"start":{"line":107,"column":29},"end":{"line":107,"column":30}},"loc":{"start":{"line":107,"column":37},"end":{"line":107,"column":89}},"line":107},"10":{"name":"(anonymous_10)","decl":{"start":{"line":107,"column":49},"end":{"line":107,"column":50}},"loc":{"start":{"line":107,"column":54},"end":{"line":107,"column":88}},"line":107},"11":{"name":"(anonymous_11)","decl":{"start":{"line":109,"column":15},"end":{"line":109,"column":16}},"loc":{"start":{"line":109,"column":21},"end":{"line":109,"column":44}},"line":109},"12":{"name":"(anonymous_12)","decl":{"start":{"line":113,"column":14},"end":{"line":113,"column":15}},"loc":{"start":{"line":113,"column":20},"end":{"line":117,"column":5}},"line":113},"13":{"name":"(anonymous_13)","decl":{"start":{"line":120,"column":28},"end":{"line":120,"column":29}},"loc":{"start":{"line":120,"column":67},"end":{"line":135,"column":5}},"line":120},"14":{"name":"(anonymous_14)","decl":{"start":{"line":137,"column":28},"end":{"line":137,"column":29}},"loc":{"start":{"line":137,"column":44},"end":{"line":145,"column":5}},"line":137},"15":{"name":"(anonymous_15)","decl":{"start":{"line":147,"column":29},"end":{"line":147,"column":30}},"loc":{"start":{"line":147,"column":41},"end":{"line":153,"column":5}},"line":147},"16":{"name":"(anonymous_16)","decl":{"start":{"line":155,"column":19},"end":{"line":155,"column":20}},"loc":{"start":{"line":155,"column":31},"end":{"line":165,"column":5}},"line":155},"17":{"name":"(anonymous_17)","decl":{"start":{"line":167,"column":14},"end":{"line":167,"column":15}},"loc":{"start":{"line":167,"column":20},"end":{"line":167,"column":43}},"line":167},"18":{"name":"(anonymous_18)","decl":{"start":{"line":169,"column":21},"end":{"line":169,"column":22}},"loc":{"start":{"line":169,"column":33},"end":{"line":177,"column":5}},"line":169},"19":{"name":"(anonymous_19)","decl":{"start":{"line":180,"column":14},"end":{"line":180,"column":15}},"loc":{"start":{"line":180,"column":20},"end":{"line":192,"column":5}},"line":180},"20":{"name":"(anonymous_20)","decl":{"start":{"line":183,"column":37},"end":{"line":183,"column":38}},"loc":{"start":{"line":183,"column":43},"end":{"line":189,"column":9}},"line":183},"21":{"name":"(anonymous_21)","decl":{"start":{"line":191,"column":15},"end":{"line":191,"column":16}},"loc":{"start":{"line":191,"column":21},"end":{"line":191,"column":44}},"line":191},"22":{"name":"(anonymous_22)","decl":{"start":{"line":195,"column":14},"end":{"line":195,"column":15}},"loc":{"start":{"line":195,"column":20},"end":{"line":198,"column":5}},"line":195},"23":{"name":"(anonymous_23)","decl":{"start":{"line":200,"column":21},"end":{"line":200,"column":22}},"loc":{"start":{"line":200,"column":33},"end":{"line":221,"column":5}},"line":200},"24":{"name":"(anonymous_24)","decl":{"start":{"line":224,"column":24},"end":{"line":224,"column":25}},"loc":{"start":{"line":224,"column":30},"end":{"line":242,"column":5}},"line":224},"25":{"name":"(anonymous_25)","decl":{"start":{"line":228,"column":14},"end":{"line":228,"column":15}},"loc":{"start":{"line":228,"column":22},"end":{"line":237,"column":9}},"line":228},"26":{"name":"(anonymous_26)","decl":{"start":{"line":234,"column":34},"end":{"line":234,"column":35}},"loc":{"start":{"line":234,"column":39},"end":{"line":234,"column":59}},"line":234},"27":{"name":"(anonymous_27)","decl":{"start":{"line":244,"column":19},"end":{"line":244,"column":20}},"loc":{"start":{"line":244,"column":31},"end":{"line":255,"column":5}},"line":244},"28":{"name":"(anonymous_28)","decl":{"start":{"line":246,"column":14},"end":{"line":246,"column":15}},"loc":{"start":{"line":246,"column":22},"end":{"line":254,"column":9}},"line":246},"29":{"name":"(anonymous_29)","decl":{"start":{"line":251,"column":34},"end":{"line":251,"column":35}},"loc":{"start":{"line":251,"column":39},"end":{"line":251,"column":59}},"line":251},"30":{"name":"(anonymous_30)","decl":{"start":{"line":257,"column":28},"end":{"line":257,"column":29}},"loc":{"start":{"line":257,"column":51},"end":{"line":278,"column":5}},"line":257},"31":{"name":"(anonymous_31)","decl":{"start":{"line":263,"column":29},"end":{"line":263,"column":30}},"loc":{"start":{"line":263,"column":37},"end":{"line":271,"column":17}},"line":263},"32":{"name":"(anonymous_32)","decl":{"start":{"line":264,"column":47},"end":{"line":264,"column":48}},"loc":{"start":{"line":264,"column":52},"end":{"line":264,"column":72}},"line":264},"33":{"name":"(anonymous_33)","decl":{"start":{"line":266,"column":40},"end":{"line":266,"column":41}},"loc":{"start":{"line":266,"column":45},"end":{"line":266,"column":125}},"line":266},"34":{"name":"(anonymous_34)","decl":{"start":{"line":280,"column":27},"end":{"line":280,"column":28}},"loc":{"start":{"line":280,"column":43},"end":{"line":285,"column":5}},"line":280},"35":{"name":"(anonymous_35)","decl":{"start":{"line":281,"column":29},"end":{"line":281,"column":30}},"loc":{"start":{"line":281,"column":37},"end":{"line":284,"column":9}},"line":281},"36":{"name":"(anonymous_36)","decl":{"start":{"line":287,"column":23},"end":{"line":287,"column":24}},"loc":{"start":{"line":287,"column":35},"end":{"line":289,"column":5}},"line":287},"37":{"name":"(anonymous_37)","decl":{"start":{"line":288,"column":26},"end":{"line":288,"column":27}},"loc":{"start":{"line":288,"column":34},"end":{"line":288,"column":78}},"line":288},"38":{"name":"(anonymous_38)","decl":{"start":{"line":291,"column":23},"end":{"line":291,"column":24}},"loc":{"start":{"line":291,"column":35},"end":{"line":293,"column":5}},"line":291},"39":{"name":"(anonymous_39)","decl":{"start":{"line":292,"column":26},"end":{"line":292,"column":27}},"loc":{"start":{"line":292,"column":34},"end":{"line":292,"column":60}},"line":292},"40":{"name":"(anonymous_40)","decl":{"start":{"line":295,"column":25},"end":{"line":295,"column":26}},"loc":{"start":{"line":295,"column":61},"end":{"line":323,"column":5}},"line":295},"41":{"name":"(anonymous_41)","decl":{"start":{"line":300,"column":21},"end":{"line":300,"column":22}},"loc":{"start":{"line":300,"column":29},"end":{"line":320,"column":9}},"line":300},"42":{"name":"(anonymous_42)","decl":{"start":{"line":325,"column":20},"end":{"line":325,"column":21}},"loc":{"start":{"line":325,"column":30},"end":{"line":339,"column":5}},"line":325},"43":{"name":"(anonymous_43)","decl":{"start":{"line":329,"column":17},"end":{"line":329,"column":18}},"loc":{"start":{"line":329,"column":25},"end":{"line":329,"column":45}},"line":329},"44":{"name":"(anonymous_44)","decl":{"start":{"line":330,"column":21},"end":{"line":330,"column":22}},"loc":{"start":{"line":330,"column":29},"end":{"line":330,"column":44}},"line":330},"45":{"name":"(anonymous_45)","decl":{"start":{"line":333,"column":21},"end":{"line":333,"column":22}},"loc":{"start":{"line":333,"column":30},"end":{"line":337,"column":9}},"line":333},"46":{"name":"(anonymous_46)","decl":{"start":{"line":335,"column":47},"end":{"line":335,"column":48}},"loc":{"start":{"line":335,"column":52},"end":{"line":335,"column":68}},"line":335},"47":{"name":"(anonymous_47)","decl":{"start":{"line":336,"column":39},"end":{"line":336,"column":40}},"loc":{"start":{"line":336,"column":44},"end":{"line":336,"column":60}},"line":336},"48":{"name":"(anonymous_48)","decl":{"start":{"line":341,"column":27},"end":{"line":341,"column":28}},"loc":{"start":{"line":341,"column":51},"end":{"line":352,"column":5}},"line":341},"49":{"name":"(anonymous_49)","decl":{"start":{"line":346,"column":17},"end":{"line":346,"column":18}},"loc":{"start":{"line":346,"column":25},"end":{"line":346,"column":50}},"line":346},"50":{"name":"(anonymous_50)","decl":{"start":{"line":348,"column":25},"end":{"line":348,"column":26}},"loc":{"start":{"line":348,"column":33},"end":{"line":348,"column":112}},"line":348},"51":{"name":"(anonymous_51)","decl":{"start":{"line":348,"column":42},"end":{"line":348,"column":43}},"loc":{"start":{"line":348,"column":47},"end":{"line":348,"column":111}},"line":348},"52":{"name":"(anonymous_52)","decl":{"start":{"line":350,"column":25},"end":{"line":350,"column":26}},"loc":{"start":{"line":350,"column":33},"end":{"line":350,"column":67}},"line":350},"53":{"name":"(anonymous_53)","decl":{"start":{"line":350,"column":45},"end":{"line":350,"column":46}},"loc":{"start":{"line":350,"column":50},"end":{"line":350,"column":66}},"line":350},"54":{"name":"(anonymous_54)","decl":{"start":{"line":354,"column":22},"end":{"line":354,"column":23}},"loc":{"start":{"line":354,"column":34},"end":{"line":361,"column":5}},"line":354},"55":{"name":"(anonymous_55)","decl":{"start":{"line":358,"column":17},"end":{"line":358,"column":18}},"loc":{"start":{"line":358,"column":25},"end":{"line":358,"column":36}},"line":358},"56":{"name":"(anonymous_56)","decl":{"start":{"line":363,"column":28},"end":{"line":363,"column":29}},"loc":{"start":{"line":363,"column":34},"end":{"line":365,"column":5}},"line":363},"57":{"name":"(anonymous_57)","decl":{"start":{"line":367,"column":23},"end":{"line":367,"column":24}},"loc":{"start":{"line":367,"column":29},"end":{"line":371,"column":5}},"line":367},"58":{"name":"(anonymous_58)","decl":{"start":{"line":373,"column":32},"end":{"line":373,"column":33}},"loc":{"start":{"line":373,"column":48},"end":{"line":388,"column":5}},"line":373},"59":{"name":"(anonymous_59)","decl":{"start":{"line":381,"column":27},"end":{"line":381,"column":28}},"loc":{"start":{"line":381,"column":36},"end":{"line":385,"column":13}},"line":381},"60":{"name":"(anonymous_60)","decl":{"start":{"line":390,"column":29},"end":{"line":390,"column":30}},"loc":{"start":{"line":390,"column":35},"end":{"line":406,"column":5}},"line":390},"61":{"name":"(anonymous_61)","decl":{"start":{"line":393,"column":17},"end":{"line":393,"column":18}},"loc":{"start":{"line":393,"column":25},"end":{"line":393,"column":55}},"line":393},"62":{"name":"(anonymous_62)","decl":{"start":{"line":394,"column":18},"end":{"line":394,"column":19}},"loc":{"start":{"line":394,"column":26},"end":{"line":404,"column":9}},"line":394},"63":{"name":"(anonymous_63)","decl":{"start":{"line":400,"column":29},"end":{"line":400,"column":30}},"loc":{"start":{"line":400,"column":34},"end":{"line":400,"column":39}},"line":400},"64":{"name":"(anonymous_64)","decl":{"start":{"line":408,"column":23},"end":{"line":408,"column":24}},"loc":{"start":{"line":408,"column":47},"end":{"line":428,"column":5}},"line":408},"65":{"name":"(anonymous_65)","decl":{"start":{"line":416,"column":25},"end":{"line":416,"column":26}},"loc":{"start":{"line":416,"column":33},"end":{"line":416,"column":112}},"line":416},"66":{"name":"(anonymous_66)","decl":{"start":{"line":416,"column":42},"end":{"line":416,"column":43}},"loc":{"start":{"line":416,"column":47},"end":{"line":416,"column":111}},"line":416},"67":{"name":"(anonymous_67)","decl":{"start":{"line":418,"column":25},"end":{"line":418,"column":26}},"loc":{"start":{"line":418,"column":33},"end":{"line":418,"column":67}},"line":418},"68":{"name":"(anonymous_68)","decl":{"start":{"line":418,"column":45},"end":{"line":418,"column":46}},"loc":{"start":{"line":418,"column":50},"end":{"line":418,"column":66}},"line":418},"69":{"name":"(anonymous_69)","decl":{"start":{"line":420,"column":18},"end":{"line":420,"column":19}},"loc":{"start":{"line":420,"column":26},"end":{"line":427,"column":9}},"line":420},"70":{"name":"(anonymous_70)","decl":{"start":{"line":424,"column":29},"end":{"line":424,"column":30}},"loc":{"start":{"line":424,"column":34},"end":{"line":424,"column":39}},"line":424},"71":{"name":"(anonymous_71)","decl":{"start":{"line":431,"column":25},"end":{"line":431,"column":26}},"loc":{"start":{"line":431,"column":31},"end":{"line":456,"column":5}},"line":431},"72":{"name":"(anonymous_72)","decl":{"start":{"line":435,"column":30},"end":{"line":435,"column":31}},"loc":{"start":{"line":435,"column":38},"end":{"line":435,"column":46}},"line":435},"73":{"name":"(anonymous_73)","decl":{"start":{"line":436,"column":62},"end":{"line":436,"column":63}},"loc":{"start":{"line":436,"column":73},"end":{"line":449,"column":13}},"line":436},"74":{"name":"(anonymous_74)","decl":{"start":{"line":439,"column":33},"end":{"line":439,"column":34}},"loc":{"start":{"line":439,"column":41},"end":{"line":447,"column":21}},"line":439},"75":{"name":"(anonymous_75)","decl":{"start":{"line":440,"column":51},"end":{"line":440,"column":52}},"loc":{"start":{"line":440,"column":56},"end":{"line":440,"column":76}},"line":440},"76":{"name":"(anonymous_76)","decl":{"start":{"line":442,"column":44},"end":{"line":442,"column":45}},"loc":{"start":{"line":442,"column":49},"end":{"line":442,"column":129}},"line":442},"77":{"name":"(anonymous_77)","decl":{"start":{"line":458,"column":27},"end":{"line":458,"column":28}},"loc":{"start":{"line":458,"column":50},"end":{"line":513,"column":5}},"line":458},"78":{"name":"(anonymous_78)","decl":{"start":{"line":486,"column":25},"end":{"line":486,"column":26}},"loc":{"start":{"line":486,"column":33},"end":{"line":486,"column":64}},"line":486},"79":{"name":"(anonymous_79)","decl":{"start":{"line":508,"column":25},"end":{"line":508,"column":26}},"loc":{"start":{"line":508,"column":33},"end":{"line":508,"column":48}},"line":508},"80":{"name":"(anonymous_80)","decl":{"start":{"line":515,"column":22},"end":{"line":515,"column":23}},"loc":{"start":{"line":515,"column":32},"end":{"line":527,"column":5}},"line":515},"81":{"name":"(anonymous_81)","decl":{"start":{"line":519,"column":20},"end":{"line":519,"column":21}},"loc":{"start":{"line":519,"column":28},"end":{"line":522,"column":9}},"line":519},"82":{"name":"(anonymous_82)","decl":{"start":{"line":523,"column":21},"end":{"line":523,"column":22}},"loc":{"start":{"line":523,"column":29},"end":{"line":523,"column":63}},"line":523},"83":{"name":"(anonymous_83)","decl":{"start":{"line":523,"column":41},"end":{"line":523,"column":42}},"loc":{"start":{"line":523,"column":46},"end":{"line":523,"column":62}},"line":523},"84":{"name":"(anonymous_84)","decl":{"start":{"line":525,"column":25},"end":{"line":525,"column":26}},"loc":{"start":{"line":525,"column":33},"end":{"line":525,"column":63}},"line":525},"85":{"name":"(anonymous_85)","decl":{"start":{"line":529,"column":24},"end":{"line":529,"column":25}},"loc":{"start":{"line":529,"column":34},"end":{"line":535,"column":5}},"line":529},"86":{"name":"(anonymous_86)","decl":{"start":{"line":532,"column":24},"end":{"line":532,"column":25}},"loc":{"start":{"line":532,"column":33},"end":{"line":532,"column":58}},"line":532},"87":{"name":"(anonymous_87)","decl":{"start":{"line":533,"column":25},"end":{"line":533,"column":26}},"loc":{"start":{"line":533,"column":33},"end":{"line":533,"column":48}},"line":533},"88":{"name":"(anonymous_88)","decl":{"start":{"line":537,"column":21},"end":{"line":537,"column":22}},"loc":{"start":{"line":537,"column":31},"end":{"line":544,"column":5}},"line":537},"89":{"name":"(anonymous_89)","decl":{"start":{"line":538,"column":17},"end":{"line":538,"column":18}},"loc":{"start":{"line":538,"column":25},"end":{"line":538,"column":49}},"line":538},"90":{"name":"(anonymous_90)","decl":{"start":{"line":540,"column":25},"end":{"line":540,"column":26}},"loc":{"start":{"line":540,"column":33},"end":{"line":540,"column":105}},"line":540},"91":{"name":"(anonymous_91)","decl":{"start":{"line":540,"column":42},"end":{"line":540,"column":43}},"loc":{"start":{"line":540,"column":47},"end":{"line":540,"column":104}},"line":540},"92":{"name":"(anonymous_92)","decl":{"start":{"line":542,"column":25},"end":{"line":542,"column":26}},"loc":{"start":{"line":542,"column":33},"end":{"line":542,"column":67}},"line":542},"93":{"name":"(anonymous_93)","decl":{"start":{"line":542,"column":45},"end":{"line":542,"column":46}},"loc":{"start":{"line":542,"column":50},"end":{"line":542,"column":66}},"line":542},"94":{"name":"(anonymous_94)","decl":{"start":{"line":546,"column":26},"end":{"line":546,"column":27}},"loc":{"start":{"line":546,"column":38},"end":{"line":563,"column":5}},"line":546},"95":{"name":"(anonymous_95)","decl":{"start":{"line":549,"column":25},"end":{"line":549,"column":26}},"loc":{"start":{"line":549,"column":33},"end":{"line":549,"column":69}},"line":549},"96":{"name":"(anonymous_96)","decl":{"start":{"line":549,"column":45},"end":{"line":549,"column":46}},"loc":{"start":{"line":549,"column":50},"end":{"line":549,"column":68}},"line":549},"97":{"name":"(anonymous_97)","decl":{"start":{"line":561,"column":25},"end":{"line":561,"column":26}},"loc":{"start":{"line":561,"column":33},"end":{"line":561,"column":58}},"line":561},"98":{"name":"(anonymous_98)","decl":{"start":{"line":562,"column":21},"end":{"line":562,"column":22}},"loc":{"start":{"line":562,"column":29},"end":{"line":562,"column":65}},"line":562},"99":{"name":"(anonymous_99)","decl":{"start":{"line":562,"column":41},"end":{"line":562,"column":42}},"loc":{"start":{"line":562,"column":46},"end":{"line":562,"column":64}},"line":562},"100":{"name":"(anonymous_100)","decl":{"start":{"line":565,"column":21},"end":{"line":565,"column":22}},"loc":{"start":{"line":565,"column":33},"end":{"line":571,"column":5}},"line":565},"101":{"name":"(anonymous_101)","decl":{"start":{"line":567,"column":21},"end":{"line":567,"column":22}},"loc":{"start":{"line":567,"column":29},"end":{"line":567,"column":42}},"line":567}},"branchMap":{"0":{"loc":{"start":{"line":55,"column":8},"end":{"line":58,"column":9}},"type":"if","locations":[{"start":{"line":55,"column":8},"end":{"line":58,"column":9}},{"start":{},"end":{}}],"line":55},"1":{"loc":{"start":{"line":55,"column":12},"end":{"line":55,"column":78}},"type":"binary-expr","locations":[{"start":{"line":55,"column":12},"end":{"line":55,"column":45}},{"start":{"line":55,"column":49},"end":{"line":55,"column":78}}],"line":55},"2":{"loc":{"start":{"line":76,"column":12},"end":{"line":82,"column":13}},"type":"if","locations":[{"start":{"line":76,"column":12},"end":{"line":82,"column":13}},{"start":{},"end":{}}],"line":76},"3":{"loc":{"start":{"line":77,"column":39},"end":{"line":77,"column":63}},"type":"binary-expr","locations":[{"start":{"line":77,"column":39},"end":{"line":77,"column":58}},{"start":{"line":77,"column":62},"end":{"line":77,"column":63}}],"line":77},"4":{"loc":{"start":{"line":78,"column":37},"end":{"line":78,"column":59}},"type":"binary-expr","locations":[{"start":{"line":78,"column":37},"end":{"line":78,"column":54}},{"start":{"line":78,"column":58},"end":{"line":78,"column":59}}],"line":78},"5":{"loc":{"start":{"line":79,"column":38},"end":{"line":79,"column":61}},"type":"binary-expr","locations":[{"start":{"line":79,"column":38},"end":{"line":79,"column":56}},{"start":{"line":79,"column":60},"end":{"line":79,"column":61}}],"line":79},"6":{"loc":{"start":{"line":80,"column":41},"end":{"line":80,"column":67}},"type":"binary-expr","locations":[{"start":{"line":80,"column":41},"end":{"line":80,"column":62}},{"start":{"line":80,"column":66},"end":{"line":80,"column":67}}],"line":80},"7":{"loc":{"start":{"line":81,"column":38},"end":{"line":81,"column":61}},"type":"binary-expr","locations":[{"start":{"line":81,"column":38},"end":{"line":81,"column":56}},{"start":{"line":81,"column":60},"end":{"line":81,"column":61}}],"line":81},"8":{"loc":{"start":{"line":93,"column":12},"end":{"line":93,"column":67}},"type":"if","locations":[{"start":{"line":93,"column":12},"end":{"line":93,"column":67}},{"start":{},"end":{}}],"line":93},"9":{"loc":{"start":{"line":93,"column":16},"end":{"line":93,"column":58}},"type":"binary-expr","locations":[{"start":{"line":93,"column":16},"end":{"line":93,"column":32}},{"start":{"line":93,"column":36},"end":{"line":93,"column":58}}],"line":93},"10":{"loc":{"start":{"line":94,"column":12},"end":{"line":94,"column":114}},"type":"if","locations":[{"start":{"line":94,"column":12},"end":{"line":94,"column":114}},{"start":{},"end":{}}],"line":94},"11":{"loc":{"start":{"line":95,"column":12},"end":{"line":95,"column":110}},"type":"if","locations":[{"start":{"line":95,"column":12},"end":{"line":95,"column":110}},{"start":{},"end":{}}],"line":95},"12":{"loc":{"start":{"line":96,"column":12},"end":{"line":96,"column":111}},"type":"if","locations":[{"start":{"line":96,"column":12},"end":{"line":96,"column":111}},{"start":{},"end":{}}],"line":96},"13":{"loc":{"start":{"line":97,"column":12},"end":{"line":97,"column":111}},"type":"if","locations":[{"start":{"line":97,"column":12},"end":{"line":97,"column":111}},{"start":{},"end":{}}],"line":97},"14":{"loc":{"start":{"line":107,"column":54},"end":{"line":107,"column":88}},"type":"binary-expr","locations":[{"start":{"line":107,"column":54},"end":{"line":107,"column":66}},{"start":{"line":107,"column":70},"end":{"line":107,"column":88}}],"line":107},"15":{"loc":{"start":{"line":114,"column":8},"end":{"line":116,"column":9}},"type":"if","locations":[{"start":{"line":114,"column":8},"end":{"line":116,"column":9}},{"start":{},"end":{}}],"line":114},"16":{"loc":{"start":{"line":121,"column":25},"end":{"line":121,"column":69}},"type":"cond-expr","locations":[{"start":{"line":121,"column":35},"end":{"line":121,"column":49}},{"start":{"line":121,"column":52},"end":{"line":121,"column":69}}],"line":121},"17":{"loc":{"start":{"line":123,"column":8},"end":{"line":134,"column":9}},"type":"if","locations":[{"start":{"line":123,"column":8},"end":{"line":134,"column":9}},{"start":{"line":132,"column":15},"end":{"line":134,"column":9}}],"line":123},"18":{"loc":{"start":{"line":123,"column":12},"end":{"line":123,"column":52}},"type":"binary-expr","locations":[{"start":{"line":123,"column":12},"end":{"line":123,"column":30}},{"start":{"line":123,"column":34},"end":{"line":123,"column":52}}],"line":123},"19":{"loc":{"start":{"line":124,"column":12},"end":{"line":131,"column":13}},"type":"if","locations":[{"start":{"line":124,"column":12},"end":{"line":131,"column":13}},{"start":{"line":129,"column":19},"end":{"line":131,"column":13}}],"line":124},"20":{"loc":{"start":{"line":139,"column":8},"end":{"line":144,"column":9}},"type":"if","locations":[{"start":{"line":139,"column":8},"end":{"line":144,"column":9}},{"start":{"line":142,"column":15},"end":{"line":144,"column":9}}],"line":139},"21":{"loc":{"start":{"line":149,"column":8},"end":{"line":152,"column":9}},"type":"if","locations":[{"start":{"line":149,"column":8},"end":{"line":152,"column":9}},{"start":{},"end":{}}],"line":149},"22":{"loc":{"start":{"line":170,"column":8},"end":{"line":170,"column":55}},"type":"if","locations":[{"start":{"line":170,"column":8},"end":{"line":170,"column":55}},{"start":{},"end":{}}],"line":170},"23":{"loc":{"start":{"line":170,"column":12},"end":{"line":170,"column":40}},"type":"binary-expr","locations":[{"start":{"line":170,"column":12},"end":{"line":170,"column":22}},{"start":{"line":170,"column":26},"end":{"line":170,"column":40}}],"line":170},"24":{"loc":{"start":{"line":176,"column":15},"end":{"line":176,"column":55}},"type":"binary-expr","locations":[{"start":{"line":176,"column":15},"end":{"line":176,"column":33}},{"start":{"line":176,"column":37},"end":{"line":176,"column":55}}],"line":176},"25":{"loc":{"start":{"line":181,"column":8},"end":{"line":181,"column":49}},"type":"if","locations":[{"start":{"line":181,"column":8},"end":{"line":181,"column":49}},{"start":{},"end":{}}],"line":181},"26":{"loc":{"start":{"line":181,"column":12},"end":{"line":181,"column":40}},"type":"binary-expr","locations":[{"start":{"line":181,"column":12},"end":{"line":181,"column":22}},{"start":{"line":181,"column":26},"end":{"line":181,"column":40}}],"line":181},"27":{"loc":{"start":{"line":196,"column":8},"end":{"line":196,"column":63}},"type":"if","locations":[{"start":{"line":196,"column":8},"end":{"line":196,"column":63}},{"start":{},"end":{}}],"line":196},"28":{"loc":{"start":{"line":196,"column":12},"end":{"line":196,"column":54}},"type":"binary-expr","locations":[{"start":{"line":196,"column":12},"end":{"line":196,"column":22}},{"start":{"line":196,"column":26},"end":{"line":196,"column":40}},{"start":{"line":196,"column":44},"end":{"line":196,"column":54}}],"line":196},"29":{"loc":{"start":{"line":202,"column":8},"end":{"line":219,"column":9}},"type":"if","locations":[{"start":{"line":202,"column":8},"end":{"line":219,"column":9}},{"start":{},"end":{}}],"line":202},"30":{"loc":{"start":{"line":205,"column":18},"end":{"line":205,"column":30}},"type":"binary-expr","locations":[{"start":{"line":205,"column":18},"end":{"line":205,"column":25}},{"start":{"line":205,"column":29},"end":{"line":205,"column":30}}],"line":205},"31":{"loc":{"start":{"line":206,"column":30},"end":{"line":206,"column":54}},"type":"binary-expr","locations":[{"start":{"line":206,"column":30},"end":{"line":206,"column":49}},{"start":{"line":206,"column":53},"end":{"line":206,"column":54}}],"line":206},"32":{"loc":{"start":{"line":207,"column":25},"end":{"line":207,"column":45}},"type":"binary-expr","locations":[{"start":{"line":207,"column":25},"end":{"line":207,"column":39}},{"start":{"line":207,"column":43},"end":{"line":207,"column":45}}],"line":207},"33":{"loc":{"start":{"line":208,"column":24},"end":{"line":210,"column":13}},"type":"cond-expr","locations":[{"start":{"line":208,"column":81},"end":{"line":208,"column":94}},{"start":{"line":208,"column":97},"end":{"line":210,"column":13}}],"line":208},"34":{"loc":{"start":{"line":208,"column":24},"end":{"line":208,"column":78}},"type":"binary-expr","locations":[{"start":{"line":208,"column":24},"end":{"line":208,"column":37}},{"start":{"line":208,"column":41},"end":{"line":208,"column":78}}],"line":208},"35":{"loc":{"start":{"line":211,"column":21},"end":{"line":211,"column":36}},"type":"binary-expr","locations":[{"start":{"line":211,"column":21},"end":{"line":211,"column":31}},{"start":{"line":211,"column":35},"end":{"line":211,"column":36}}],"line":211},"36":{"loc":{"start":{"line":212,"column":30},"end":{"line":212,"column":55}},"type":"binary-expr","locations":[{"start":{"line":212,"column":30},"end":{"line":212,"column":49}},{"start":{"line":212,"column":53},"end":{"line":212,"column":55}}],"line":212},"37":{"loc":{"start":{"line":213,"column":33},"end":{"line":213,"column":61}},"type":"binary-expr","locations":[{"start":{"line":213,"column":33},"end":{"line":213,"column":55}},{"start":{"line":213,"column":59},"end":{"line":213,"column":61}}],"line":213},"38":{"loc":{"start":{"line":214,"column":25},"end":{"line":214,"column":44}},"type":"binary-expr","locations":[{"start":{"line":214,"column":25},"end":{"line":214,"column":39}},{"start":{"line":214,"column":43},"end":{"line":214,"column":44}}],"line":214},"39":{"loc":{"start":{"line":215,"column":22},"end":{"line":215,"column":38}},"type":"binary-expr","locations":[{"start":{"line":215,"column":22},"end":{"line":215,"column":33}},{"start":{"line":215,"column":37},"end":{"line":215,"column":38}}],"line":215},"40":{"loc":{"start":{"line":216,"column":27},"end":{"line":216,"column":51}},"type":"binary-expr","locations":[{"start":{"line":216,"column":27},"end":{"line":216,"column":43}},{"start":{"line":216,"column":47},"end":{"line":216,"column":51}}],"line":216},"41":{"loc":{"start":{"line":217,"column":25},"end":{"line":217,"column":168}},"type":"cond-expr","locations":[{"start":{"line":217,"column":73},"end":{"line":217,"column":87}},{"start":{"line":217,"column":90},"end":{"line":217,"column":168}}],"line":217},"42":{"loc":{"start":{"line":217,"column":26},"end":{"line":217,"column":69}},"type":"binary-expr","locations":[{"start":{"line":217,"column":26},"end":{"line":217,"column":40}},{"start":{"line":217,"column":44},"end":{"line":217,"column":69}}],"line":217},"43":{"loc":{"start":{"line":232,"column":12},"end":{"line":235,"column":13}},"type":"if","locations":[{"start":{"line":232,"column":12},"end":{"line":235,"column":13}},{"start":{},"end":{}}],"line":232},"44":{"loc":{"start":{"line":249,"column":12},"end":{"line":252,"column":13}},"type":"if","locations":[{"start":{"line":249,"column":12},"end":{"line":252,"column":13}},{"start":{},"end":{}}],"line":249},"45":{"loc":{"start":{"line":260,"column":12},"end":{"line":273,"column":13}},"type":"if","locations":[{"start":{"line":260,"column":12},"end":{"line":273,"column":13}},{"start":{},"end":{}}],"line":260},"46":{"loc":{"start":{"line":260,"column":16},"end":{"line":260,"column":59}},"type":"binary-expr","locations":[{"start":{"line":260,"column":16},"end":{"line":260,"column":38}},{"start":{"line":260,"column":42},"end":{"line":260,"column":59}}],"line":260},"47":{"loc":{"start":{"line":262,"column":30},"end":{"line":262,"column":100}},"type":"cond-expr","locations":[{"start":{"line":262,"column":62},"end":{"line":262,"column":63}},{"start":{"line":262,"column":66},"end":{"line":262,"column":100}}],"line":262},"48":{"loc":{"start":{"line":265,"column":20},"end":{"line":269,"column":21}},"type":"if","locations":[{"start":{"line":265,"column":20},"end":{"line":269,"column":21}},{"start":{"line":267,"column":27},"end":{"line":269,"column":21}}],"line":265},"49":{"loc":{"start":{"line":266,"column":45},"end":{"line":266,"column":125}},"type":"cond-expr","locations":[{"start":{"line":266,"column":68},"end":{"line":266,"column":121}},{"start":{"line":266,"column":124},"end":{"line":266,"column":125}}],"line":266},"50":{"loc":{"start":{"line":266,"column":87},"end":{"line":266,"column":102}},"type":"binary-expr","locations":[{"start":{"line":266,"column":87},"end":{"line":266,"column":97}},{"start":{"line":266,"column":101},"end":{"line":266,"column":102}}],"line":266},"51":{"loc":{"start":{"line":267,"column":27},"end":{"line":269,"column":21}},"type":"if","locations":[{"start":{"line":267,"column":27},"end":{"line":269,"column":21}},{"start":{},"end":{}}],"line":267},"52":{"loc":{"start":{"line":282,"column":12},"end":{"line":282,"column":55}},"type":"if","locations":[{"start":{"line":282,"column":12},"end":{"line":282,"column":55}},{"start":{},"end":{}}],"line":282},"53":{"loc":{"start":{"line":295,"column":26},"end":{"line":295,"column":41}},"type":"default-arg","locations":[{"start":{"line":295,"column":37},"end":{"line":295,"column":41}}],"line":295},"54":{"loc":{"start":{"line":295,"column":43},"end":{"line":295,"column":56}},"type":"default-arg","locations":[{"start":{"line":295,"column":51},"end":{"line":295,"column":56}}],"line":295},"55":{"loc":{"start":{"line":303,"column":12},"end":{"line":309,"column":13}},"type":"if","locations":[{"start":{"line":303,"column":12},"end":{"line":309,"column":13}},{"start":{},"end":{}}],"line":303},"56":{"loc":{"start":{"line":303,"column":16},"end":{"line":303,"column":54}},"type":"binary-expr","locations":[{"start":{"line":303,"column":16},"end":{"line":303,"column":25}},{"start":{"line":303,"column":29},"end":{"line":303,"column":54}}],"line":303},"57":{"loc":{"start":{"line":304,"column":16},"end":{"line":308,"column":17}},"type":"if","locations":[{"start":{"line":304,"column":16},"end":{"line":308,"column":17}},{"start":{},"end":{}}],"line":304},"58":{"loc":{"start":{"line":304,"column":20},"end":{"line":304,"column":70}},"type":"binary-expr","locations":[{"start":{"line":304,"column":20},"end":{"line":304,"column":25}},{"start":{"line":304,"column":29},"end":{"line":304,"column":70}}],"line":304},"59":{"loc":{"start":{"line":311,"column":12},"end":{"line":317,"column":13}},"type":"if","locations":[{"start":{"line":311,"column":12},"end":{"line":317,"column":13}},{"start":{},"end":{}}],"line":311},"60":{"loc":{"start":{"line":311,"column":16},"end":{"line":311,"column":50}},"type":"binary-expr","locations":[{"start":{"line":311,"column":16},"end":{"line":311,"column":25}},{"start":{"line":311,"column":29},"end":{"line":311,"column":50}}],"line":311},"61":{"loc":{"start":{"line":312,"column":16},"end":{"line":316,"column":17}},"type":"if","locations":[{"start":{"line":312,"column":16},"end":{"line":316,"column":17}},{"start":{},"end":{}}],"line":312},"62":{"loc":{"start":{"line":312,"column":20},"end":{"line":312,"column":66}},"type":"binary-expr","locations":[{"start":{"line":312,"column":20},"end":{"line":312,"column":25}},{"start":{"line":312,"column":29},"end":{"line":312,"column":66}}],"line":312},"63":{"loc":{"start":{"line":326,"column":8},"end":{"line":326,"column":90}},"type":"if","locations":[{"start":{"line":326,"column":8},"end":{"line":326,"column":90}},{"start":{},"end":{}}],"line":326},"64":{"loc":{"start":{"line":327,"column":8},"end":{"line":327,"column":98}},"type":"if","locations":[{"start":{"line":327,"column":8},"end":{"line":327,"column":98}},{"start":{},"end":{}}],"line":327},"65":{"loc":{"start":{"line":341,"column":34},"end":{"line":341,"column":46}},"type":"default-arg","locations":[{"start":{"line":341,"column":45},"end":{"line":341,"column":46}}],"line":341},"66":{"loc":{"start":{"line":342,"column":20},"end":{"line":342,"column":35}},"type":"binary-expr","locations":[{"start":{"line":342,"column":20},"end":{"line":342,"column":30}},{"start":{"line":342,"column":34},"end":{"line":342,"column":35}}],"line":342},"67":{"loc":{"start":{"line":343,"column":8},"end":{"line":345,"column":9}},"type":"if","locations":[{"start":{"line":343,"column":8},"end":{"line":345,"column":9}},{"start":{},"end":{}}],"line":343},"68":{"loc":{"start":{"line":347,"column":8},"end":{"line":351,"column":9}},"type":"if","locations":[{"start":{"line":347,"column":8},"end":{"line":351,"column":9}},{"start":{"line":349,"column":15},"end":{"line":351,"column":9}}],"line":347},"69":{"loc":{"start":{"line":347,"column":12},"end":{"line":347,"column":64}},"type":"binary-expr","locations":[{"start":{"line":347,"column":12},"end":{"line":347,"column":36}},{"start":{"line":347,"column":40},"end":{"line":347,"column":64}}],"line":347},"70":{"loc":{"start":{"line":348,"column":47},"end":{"line":348,"column":111}},"type":"cond-expr","locations":[{"start":{"line":348,"column":66},"end":{"line":348,"column":107}},{"start":{"line":348,"column":110},"end":{"line":348,"column":111}}],"line":348},"71":{"loc":{"start":{"line":356,"column":8},"end":{"line":356,"column":39}},"type":"if","locations":[{"start":{"line":356,"column":8},"end":{"line":356,"column":39}},{"start":{},"end":{}}],"line":356},"72":{"loc":{"start":{"line":368,"column":8},"end":{"line":368,"column":60}},"type":"if","locations":[{"start":{"line":368,"column":8},"end":{"line":368,"column":60}},{"start":{},"end":{}}],"line":368},"73":{"loc":{"start":{"line":368,"column":12},"end":{"line":368,"column":51}},"type":"binary-expr","locations":[{"start":{"line":368,"column":12},"end":{"line":368,"column":23}},{"start":{"line":368,"column":27},"end":{"line":368,"column":51}}],"line":368},"74":{"loc":{"start":{"line":375,"column":8},"end":{"line":375,"column":66}},"type":"if","locations":[{"start":{"line":375,"column":8},"end":{"line":375,"column":66}},{"start":{},"end":{}}],"line":375},"75":{"loc":{"start":{"line":375,"column":12},"end":{"line":375,"column":51}},"type":"binary-expr","locations":[{"start":{"line":375,"column":12},"end":{"line":375,"column":24}},{"start":{"line":375,"column":28},"end":{"line":375,"column":51}}],"line":375},"76":{"loc":{"start":{"line":376,"column":8},"end":{"line":386,"column":9}},"type":"if","locations":[{"start":{"line":376,"column":8},"end":{"line":386,"column":9}},{"start":{},"end":{}}],"line":376},"77":{"loc":{"start":{"line":378,"column":12},"end":{"line":380,"column":13}},"type":"if","locations":[{"start":{"line":378,"column":12},"end":{"line":380,"column":13}},{"start":{},"end":{}}],"line":378},"78":{"loc":{"start":{"line":391,"column":8},"end":{"line":391,"column":61}},"type":"if","locations":[{"start":{"line":391,"column":8},"end":{"line":391,"column":61}},{"start":{},"end":{}}],"line":391},"79":{"loc":{"start":{"line":391,"column":12},"end":{"line":391,"column":52}},"type":"binary-expr","locations":[{"start":{"line":391,"column":12},"end":{"line":391,"column":24}},{"start":{"line":391,"column":28},"end":{"line":391,"column":52}}],"line":391},"80":{"loc":{"start":{"line":399,"column":12},"end":{"line":402,"column":13}},"type":"if","locations":[{"start":{"line":399,"column":12},"end":{"line":402,"column":13}},{"start":{},"end":{}}],"line":399},"81":{"loc":{"start":{"line":408,"column":30},"end":{"line":408,"column":42}},"type":"default-arg","locations":[{"start":{"line":408,"column":41},"end":{"line":408,"column":42}}],"line":408},"82":{"loc":{"start":{"line":409,"column":24},"end":{"line":409,"column":39}},"type":"binary-expr","locations":[{"start":{"line":409,"column":24},"end":{"line":409,"column":34}},{"start":{"line":409,"column":38},"end":{"line":409,"column":39}}],"line":409},"83":{"loc":{"start":{"line":410,"column":8},"end":{"line":412,"column":9}},"type":"if","locations":[{"start":{"line":410,"column":8},"end":{"line":412,"column":9}},{"start":{},"end":{}}],"line":410},"84":{"loc":{"start":{"line":415,"column":8},"end":{"line":419,"column":9}},"type":"if","locations":[{"start":{"line":415,"column":8},"end":{"line":419,"column":9}},{"start":{"line":417,"column":15},"end":{"line":419,"column":9}}],"line":415},"85":{"loc":{"start":{"line":415,"column":12},"end":{"line":415,"column":64}},"type":"binary-expr","locations":[{"start":{"line":415,"column":12},"end":{"line":415,"column":36}},{"start":{"line":415,"column":40},"end":{"line":415,"column":64}}],"line":415},"86":{"loc":{"start":{"line":416,"column":47},"end":{"line":416,"column":111}},"type":"cond-expr","locations":[{"start":{"line":416,"column":66},"end":{"line":416,"column":107}},{"start":{"line":416,"column":110},"end":{"line":416,"column":111}}],"line":416},"87":{"loc":{"start":{"line":423,"column":12},"end":{"line":425,"column":13}},"type":"if","locations":[{"start":{"line":423,"column":12},"end":{"line":425,"column":13}},{"start":{},"end":{}}],"line":423},"88":{"loc":{"start":{"line":434,"column":8},"end":{"line":450,"column":9}},"type":"if","locations":[{"start":{"line":434,"column":8},"end":{"line":450,"column":9}},{"start":{},"end":{}}],"line":434},"89":{"loc":{"start":{"line":437,"column":16},"end":{"line":448,"column":17}},"type":"if","locations":[{"start":{"line":437,"column":16},"end":{"line":448,"column":17}},{"start":{},"end":{}}],"line":437},"90":{"loc":{"start":{"line":437,"column":20},"end":{"line":437,"column":63}},"type":"binary-expr","locations":[{"start":{"line":437,"column":20},"end":{"line":437,"column":42}},{"start":{"line":437,"column":46},"end":{"line":437,"column":63}}],"line":437},"91":{"loc":{"start":{"line":441,"column":24},"end":{"line":445,"column":25}},"type":"if","locations":[{"start":{"line":441,"column":24},"end":{"line":445,"column":25}},{"start":{"line":443,"column":31},"end":{"line":445,"column":25}}],"line":441},"92":{"loc":{"start":{"line":442,"column":49},"end":{"line":442,"column":129}},"type":"cond-expr","locations":[{"start":{"line":442,"column":72},"end":{"line":442,"column":125}},{"start":{"line":442,"column":128},"end":{"line":442,"column":129}}],"line":442},"93":{"loc":{"start":{"line":442,"column":91},"end":{"line":442,"column":106}},"type":"binary-expr","locations":[{"start":{"line":442,"column":91},"end":{"line":442,"column":101}},{"start":{"line":442,"column":105},"end":{"line":442,"column":106}}],"line":442},"94":{"loc":{"start":{"line":443,"column":31},"end":{"line":445,"column":25}},"type":"if","locations":[{"start":{"line":443,"column":31},"end":{"line":445,"column":25}},{"start":{},"end":{}}],"line":443},"95":{"loc":{"start":{"line":452,"column":8},"end":{"line":454,"column":9}},"type":"if","locations":[{"start":{"line":452,"column":8},"end":{"line":454,"column":9}},{"start":{},"end":{}}],"line":452},"96":{"loc":{"start":{"line":470,"column":24},"end":{"line":470,"column":62}},"type":"binary-expr","locations":[{"start":{"line":470,"column":24},"end":{"line":470,"column":56}},{"start":{"line":470,"column":60},"end":{"line":470,"column":62}}],"line":470},"97":{"loc":{"start":{"line":476,"column":8},"end":{"line":491,"column":9}},"type":"if","locations":[{"start":{"line":476,"column":8},"end":{"line":491,"column":9}},{"start":{},"end":{}}],"line":476},"98":{"loc":{"start":{"line":482,"column":12},"end":{"line":487,"column":13}},"type":"if","locations":[{"start":{"line":482,"column":12},"end":{"line":487,"column":13}},{"start":{},"end":{}}],"line":482},"99":{"loc":{"start":{"line":498,"column":8},"end":{"line":504,"column":9}},"type":"if","locations":[{"start":{"line":498,"column":8},"end":{"line":504,"column":9}},{"start":{"line":500,"column":15},"end":{"line":504,"column":9}}],"line":498},"100":{"loc":{"start":{"line":507,"column":8},"end":{"line":512,"column":9}},"type":"if","locations":[{"start":{"line":507,"column":8},"end":{"line":512,"column":9}},{"start":{"line":510,"column":15},"end":{"line":512,"column":9}}],"line":507},"101":{"loc":{"start":{"line":516,"column":8},"end":{"line":516,"column":43}},"type":"if","locations":[{"start":{"line":516,"column":8},"end":{"line":516,"column":43}},{"start":{},"end":{}}],"line":516},"102":{"loc":{"start":{"line":524,"column":8},"end":{"line":526,"column":9}},"type":"if","locations":[{"start":{"line":524,"column":8},"end":{"line":526,"column":9}},{"start":{},"end":{}}],"line":524},"103":{"loc":{"start":{"line":531,"column":8},"end":{"line":534,"column":9}},"type":"if","locations":[{"start":{"line":531,"column":8},"end":{"line":534,"column":9}},{"start":{},"end":{}}],"line":531},"104":{"loc":{"start":{"line":538,"column":33},"end":{"line":538,"column":48}},"type":"binary-expr","locations":[{"start":{"line":538,"column":33},"end":{"line":538,"column":43}},{"start":{"line":538,"column":47},"end":{"line":538,"column":48}}],"line":538},"105":{"loc":{"start":{"line":539,"column":8},"end":{"line":543,"column":9}},"type":"if","locations":[{"start":{"line":539,"column":8},"end":{"line":543,"column":9}},{"start":{"line":541,"column":15},"end":{"line":543,"column":9}}],"line":539},"106":{"loc":{"start":{"line":539,"column":12},"end":{"line":539,"column":57}},"type":"binary-expr","locations":[{"start":{"line":539,"column":12},"end":{"line":539,"column":36}},{"start":{"line":539,"column":40},"end":{"line":539,"column":57}}],"line":539},"107":{"loc":{"start":{"line":540,"column":47},"end":{"line":540,"column":104}},"type":"cond-expr","locations":[{"start":{"line":540,"column":66},"end":{"line":540,"column":100}},{"start":{"line":540,"column":103},"end":{"line":540,"column":104}}],"line":540},"108":{"loc":{"start":{"line":547,"column":8},"end":{"line":551,"column":9}},"type":"if","locations":[{"start":{"line":547,"column":8},"end":{"line":551,"column":9}},{"start":{},"end":{}}],"line":547},"109":{"loc":{"start":{"line":555,"column":8},"end":{"line":555,"column":62}},"type":"if","locations":[{"start":{"line":555,"column":8},"end":{"line":555,"column":62}},{"start":{},"end":{}}],"line":555},"110":{"loc":{"start":{"line":556,"column":8},"end":{"line":556,"column":62}},"type":"if","locations":[{"start":{"line":556,"column":8},"end":{"line":556,"column":62}},{"start":{},"end":{}}],"line":556},"111":{"loc":{"start":{"line":557,"column":8},"end":{"line":557,"column":67}},"type":"if","locations":[{"start":{"line":557,"column":8},"end":{"line":557,"column":67}},{"start":{},"end":{}}],"line":557},"112":{"loc":{"start":{"line":566,"column":8},"end":{"line":569,"column":9}},"type":"if","locations":[{"start":{"line":566,"column":8},"end":{"line":569,"column":9}},{"start":{},"end":{}}],"line":566},"113":{"loc":{"start":{"line":577,"column":26},"end":{"line":577,"column":89}},"type":"cond-expr","locations":[{"start":{"line":577,"column":52},"end":{"line":577,"column":84}},{"start":{"line":577,"column":88},"end":{"line":577,"column":89}}],"line":577}},"s":{"0":5,"1":5,"2":51,"3":5,"4":5,"5":51,"6":51,"7":51,"8":51,"9":51,"10":51,"11":51,"12":51,"13":51,"14":51,"15":51,"16":51,"17":51,"18":51,"19":51,"20":19,"21":51,"22":51,"23":51,"24":35,"25":35,"26":317,"27":2,"28":0,"29":0,"30":0,"31":0,"32":33,"33":49,"34":36,"35":36,"36":36,"37":0,"38":0,"39":0,"40":0,"41":0,"42":0,"43":0,"44":0,"45":0,"46":0,"47":36,"48":49,"49":17,"50":5,"51":5,"52":5,"53":0,"54":17,"55":17,"56":49,"57":19,"58":0,"59":49,"60":0,"61":0,"62":0,"63":0,"64":0,"65":0,"66":0,"67":0,"68":0,"69":0,"70":49,"71":0,"72":0,"73":0,"74":0,"75":0,"76":49,"77":17,"78":17,"79":2,"80":2,"81":49,"82":0,"83":0,"84":0,"85":0,"86":0,"87":0,"88":0,"89":49,"90":17,"91":49,"92":1,"93":1,"94":0,"95":0,"96":0,"97":49,"98":30,"99":30,"100":0,"101":0,"102":0,"103":0,"104":0,"105":49,"106":19,"107":19,"108":0,"109":49,"110":3,"111":3,"112":0,"113":0,"114":0,"115":0,"116":0,"117":0,"118":0,"119":0,"120":0,"121":0,"122":0,"123":0,"124":0,"125":0,"126":3,"127":49,"128":1,"129":1,"130":1,"131":1,"132":1,"133":1,"134":0,"135":0,"136":0,"137":1,"138":1,"139":1,"140":49,"141":4,"142":4,"143":4,"144":4,"145":4,"146":2,"147":2,"148":2,"149":4,"150":49,"151":1,"152":1,"153":1,"154":0,"155":0,"156":0,"157":0,"158":0,"159":0,"160":0,"161":0,"162":0,"163":0,"164":0,"165":0,"166":0,"167":1,"168":49,"169":2,"170":2,"171":1,"172":1,"173":49,"174":2,"175":2,"176":49,"177":3,"178":3,"179":49,"180":2,"181":2,"182":2,"183":2,"184":2,"185":0,"186":0,"187":0,"188":0,"189":2,"190":0,"191":0,"192":0,"193":0,"194":2,"195":2,"196":49,"197":1,"198":0,"199":0,"200":0,"201":0,"202":0,"203":0,"204":0,"205":0,"206":0,"207":0,"208":0,"209":0,"210":49,"211":0,"212":0,"213":0,"214":0,"215":0,"216":0,"217":0,"218":0,"219":0,"220":0,"221":0,"222":0,"223":49,"224":0,"225":0,"226":0,"227":0,"228":0,"229":0,"230":49,"231":0,"232":49,"233":0,"234":0,"235":0,"236":0,"237":49,"238":0,"239":0,"240":0,"241":0,"242":0,"243":0,"244":0,"245":0,"246":0,"247":0,"248":49,"249":0,"250":0,"251":0,"252":0,"253":0,"254":0,"255":0,"256":0,"257":0,"258":0,"259":0,"260":0,"261":49,"262":0,"263":0,"264":0,"265":0,"266":0,"267":0,"268":0,"269":0,"270":0,"271":0,"272":0,"273":0,"274":0,"275":0,"276":0,"277":0,"278":0,"279":0,"280":49,"281":1,"282":1,"283":1,"284":0,"285":0,"286":0,"287":0,"288":0,"289":0,"290":0,"291":0,"292":0,"293":0,"294":0,"295":0,"296":0,"297":0,"298":1,"299":0,"300":1,"301":49,"302":2,"303":2,"304":2,"305":2,"306":2,"307":2,"308":1,"309":1,"310":1,"311":1,"312":0,"313":0,"314":0,"315":0,"316":0,"317":1,"318":1,"319":1,"320":1,"321":1,"322":0,"323":1,"324":1,"325":1,"326":1,"327":1,"328":1,"329":1,"330":0,"331":49,"332":1,"333":0,"334":1,"335":1,"336":2,"337":2,"338":1,"339":2,"340":2,"341":1,"342":0,"343":0,"344":49,"345":0,"346":0,"347":0,"348":0,"349":0,"350":0,"351":49,"352":0,"353":0,"354":0,"355":0,"356":0,"357":0,"358":0,"359":0,"360":0,"361":49,"362":1,"363":0,"364":0,"365":0,"366":0,"367":0,"368":1,"369":1,"370":0,"371":0,"372":0,"373":0,"374":0,"375":0,"376":0,"377":0,"378":0,"379":0,"380":0,"381":49,"382":0,"383":0,"384":0,"385":0,"386":0,"387":49,"388":49,"389":49,"390":49,"391":49,"392":49},"f":{"0":51,"1":51,"2":19,"3":35,"4":317,"5":36,"6":0,"7":17,"8":5,"9":5,"10":0,"11":17,"12":19,"13":0,"14":0,"15":17,"16":0,"17":17,"18":1,"19":30,"20":0,"21":0,"22":19,"23":3,"24":1,"25":1,"26":0,"27":4,"28":4,"29":2,"30":1,"31":0,"32":0,"33":0,"34":2,"35":2,"36":2,"37":2,"38":3,"39":3,"40":2,"41":2,"42":1,"43":0,"44":0,"45":0,"46":0,"47":0,"48":0,"49":0,"50":0,"51":0,"52":0,"53":0,"54":0,"55":0,"56":0,"57":0,"58":0,"59":0,"60":0,"61":0,"62":0,"63":0,"64":0,"65":0,"66":0,"67":0,"68":0,"69":0,"70":0,"71":1,"72":0,"73":0,"74":0,"75":0,"76":0,"77":2,"78":0,"79":1,"80":1,"81":2,"82":2,"83":2,"84":0,"85":0,"86":0,"87":0,"88":0,"89":0,"90":0,"91":0,"92":0,"93":0,"94":1,"95":0,"96":0,"97":0,"98":0,"99":0,"100":0,"101":0},"b":{"0":[19,0],"1":[19,19],"2":[2,315],"3":[2,0],"4":[0,0],"5":[0,0],"6":[0,0],"7":[0,0],"8":[0,0],"9":[0,0],"10":[0,0],"11":[0,0],"12":[0,0],"13":[0,0],"14":[0,0],"15":[0,19],"16":[0,0],"17":[0,0],"18":[0,0],"19":[0,0],"20":[0,0],"21":[2,15],"22":[1,0],"23":[1,0],"24":[0,0],"25":[30,0],"26":[30,1],"27":[19,0],"28":[19,0,0],"29":[0,3],"30":[0,0],"31":[0,0],"32":[0,0],"33":[0,0],"34":[0,0],"35":[0,0],"36":[0,0],"37":[0,0],"38":[0,0],"39":[0,0],"40":[0,0],"41":[0,0],"42":[0,0],"43":[0,1],"44":[2,2],"45":[0,1],"46":[1,0],"47":[0,0],"48":[0,0],"49":[0,0],"50":[0,0],"51":[0,0],"52":[1,1],"53":[0],"54":[2],"55":[0,2],"56":[2,2],"57":[0,0],"58":[0,0],"59":[0,2],"60":[2,2],"61":[0,0],"62":[0,0],"63":[0,0],"64":[0,0],"65":[0],"66":[0,0],"67":[0,0],"68":[0,0],"69":[0,0],"70":[0,0],"71":[0,0],"72":[0,0],"73":[0,0],"74":[0,0],"75":[0,0],"76":[0,0],"77":[0,0],"78":[0,0],"79":[0,0],"80":[0,0],"81":[0],"82":[0,0],"83":[0,0],"84":[0,0],"85":[0,0],"86":[0,0],"87":[0,0],"88":[0,1],"89":[0,0],"90":[0,0],"91":[0,0],"92":[0,0],"93":[0,0],"94":[0,0],"95":[0,1],"96":[2,2],"97":[1,1],"98":[0,1],"99":[0,1],"100":[1,0],"101":[0,1],"102":[0,1],"103":[0,0],"104":[0,0],"105":[0,0],"106":[0,0],"107":[0,0],"108":[0,1],"109":[0,0],"110":[0,0],"111":[0,0],"112":[0,0],"113":[49,0]},"_coverageSchema":"1a1c01bbd47fc00a2c39e90264f33305004495a9","hash":"d7d9bbc9de8b6c217c7919e416c6438c45c9900a"}
[...]
{"start":{"line":263,"column":4},"end":{"line":269,"column":5}},"121":{"start":{"line":264,"column":8},"end":{"line":264,"column":41}},"122":{"start":{"line":266,"column":27},"end":{"line":266,"column":65}},"123":{"start":{"line":267,"column":8},"end":{"line":267,"column":60}},"124":{"start":{"line":268,"column":8},"end":{"line":268,"column":56}},"125":{"start":{"line":271,"column":4},"end":{"line":277,"column":6}},"126":{"start":{"line":281,"column":28},"end":{"line":281,"column":73}},"127":{"start":{"line":282,"column":28},"end":{"line":282,"column":66}},"128":{"start":{"line":284,"column":29},"end":{"line":289,"column":1}},"129":{"start":{"line":291,"column":30},"end":{"line":334,"column":1}},"130":{"start":{"line":293,"column":24},"end":{"line":293,"column":26}},"131":{"start":{"line":294,"column":4},"end":{"line":294,"column":74}},"132":{"start":{"line":294,"column":40},"end":{"line":294,"column":74}},"133":{"start":{"line":295,"column":4},"end":{"line":295,"column":72}},"134":{"start":{"line":295,"column":39},"end":{"line":295,"column":72}},"135":{"start":{"line":296,"column":4},"end":{"line":296,"column":77}},"136":{"start":{"line":296,"column":39},"end":{"line":296,"column":77}},"137":{"start":{"line":300,"column":21},"end":{"line":300,"column":40}},"138":{"start":{"line":301,"column":17},"end":{"line":301,"column":63}},"139":{"start":{"line":303,"column":17},"end":{"line":303,"column":78}},"140":{"start":{"line":305,"column":21},"end":{"line":305,"column":24}},"141":{"start":{"line":306,"column":22},"end":{"line":306,"column":26}},"142":{"start":{"line":307,"column":16},"end":{"line":307,"column":17}},"143":{"start":{"line":309,"column":4},"end":{"line":313,"column":5}},"144":{"start":{"line":310,"column":8},"end":{"line":310,"column":26}},"145":{"start":{"line":311,"column":8},"end":{"line":311,"column":27}},"146":{"start":{"line":312,"column":8},"end":{"line":312,"column":19}},"147":{"start":{"line":314,"column":4},"end":{"line":318,"column":5}},"148":{"start":{"line":315,"column":8},"end":{"line":315,"column":25}},"149":{"start":{"line":316,"column":8},"end":{"line":316,"column":27}},"150":{"start":{"line":317,"column":8},"end":{"line":317,"column":20}},"151":{"start":{"line":319,"column":4},"end":{"line":323,"column":5}},"152":{"start":{"line":320,"column":8},"end":{"line":320,"column":25}},"153":{"start":{"line":321,"column":8},"end":{"line":321,"column":26}},"154":{"start":{"line":322,"column":8},"end":{"line":322,"column":20}},"155":{"start":{"line":325,"column":4},"end":{"line":333,"column":6}},"156":{"start":{"line":337,"column":39},"end":{"line":339,"column":1}},"157":{"start":{"line":338,"column":4},"end":{"line":338,"column":54}},"158":{"start":{"line":341,"column":27},"end":{"line":347,"column":1}},"159":{"start":{"line":349,"column":29},"end":{"line":353,"column":1}},"160":{"start":{"line":351,"column":18},"end":{"line":351,"column":77}},"161":{"start":{"line":352,"column":4},"end":{"line":352,"column":57}},"162":{"start":{"line":355,"column":33},"end":{"line":387,"column":1}},"163":{"start":{"line":356,"column":18},"end":{"line":356,"column":20}},"164":{"start":{"line":357,"column":22},"end":{"line":357,"column":51}},"165":{"start":{"line":359,"column":4},"end":{"line":385,"column":5}},"166":{"start":{"line":359,"column":17},"end":{"line":359,"column":18}},"167":{"start":{"line":360,"column":8},"end":{"line":384,"column":9}},"168":{"start":{"line":368,"column":25},"end":{"line":368,"column":58}},"169":{"start":{"line":370,"column":12},"end":{"line":370,"column":43}},"170":{"start":{"line":373,"column":12},"end":{"line":373,"column":29}},"171":{"start":{"line":374,"column":15},"end":{"line":384,"column":9}},"172":{"start":{"line":377,"column":30},"end":{"line":377,"column":44}},"173":{"start":{"line":378,"column":12},"end":{"line":378,"column":60}},"174":{"start":{"line":378,"column":32},"end":{"line":378,"column":60}},"175":{"start":{"line":379,"column":12},"end":{"line":379,"column":60}},"176":{"start":{"line":379,"column":32},"end":{"line":379,"column":60}},"177":{"start":{"line":381,"column":27},"end":{"line":381,"column":54}},"178":{"start":{"line":382,"column":12},"end":{"line":382,"column":47}},"179":{"start":{"line":383,"column":12},"end":{"line":383,"column":31}},"180":{"start":{"line":386,"column":4},"end":{"line":386,"column":17}},"181":{"start":{"line":389,"column":35},"end":{"line":407,"column":1}},"182":{"start":{"line":390,"column":20},"end":{"line":390,"column":22}},"183":{"start":{"line":391,"column":4},"end":{"line":405,"column":5}},"184":{"start":{"line":392,"column":8},"end":{"line":392,"column":45}},"185":{"start":{"line":393,"column":8},"end":{"line":393,"column":43}},"186":{"start":{"line":394,"column":11},"end":{"line":405,"column":5}},"187":{"start":{"line":395,"column":8},"end":{"line":395,"column":45}},"188":{"start":{"line":396,"column":8},"end":{"line":396,"column":44}},"189":{"start":{"line":397,"column":11},"end":{"line":405,"column":5}},"190":{"start":{"line":398,"column":8},"end":{"line":398,"column":45}},"191":{"start":{"line":399,"column":8},"end":{"line":399,"column":48}},"192":{"start":{"line":400,"column":11},"end":{"line":405,"column":5}},"193":{"start":{"line":401,"column":8},"end":{"line":401,"column":44}},"194":{"start":{"line":402,"column":8},"end":{"line":402,"column":43}},"195":{"start":{"line":404,"column":8},"end":{"line":404,"column":55}},"196":{"start":{"line":406,"column":4},"end":{"line":406,"column":19}}},"fnMap":{"0":{"name":"getBaseXPTable","decl":{"start":{"line":10,"column":9},"end":{"line":10,"column":23}},"loc":{"start":{"line":10,"column":26},"end":{"line":22,"column":1}},"line":10},"1":{"name":"(anonymous_1)","decl":{"start":{"line":32,"column":35},"end":{"line":32,"column":36}},"loc":{"start":{"line":32,"column":46},"end":{"line":53,"column":1}},"line":32},"2":{"name":"(anonymous_2)","decl":{"start":{"line":55,"column":30},"end":{"line":55,"column":31}},"loc":{"start":{"line":55,"column":38},"end":{"line":62,"column":1}},"line":55},"3":{"name":"(anonymous_3)","decl":{"start":{"line":65,"column":36},"end":{"line":65,"column":37}},"loc":{"start":{"line":65,"column":58},"end":{"line":85,"column":1}},"line":65},"4":{"name":"(anonymous_4)","decl":{"start":{"line":93,"column":28},"end":{"line":93,"column":29}},"loc":{"start":{"line":93,"column":48},"end":{"line":100,"column":1}},"line":93},"5":{"name":"(anonymous_5)","decl":{"start":{"line":102,"column":29},"end":{"line":102,"column":30}},"loc":{"start":{"line":102,"column":46},"end":{"line":128,"column":1}},"line":102},"6":{"name":"(anonymous_6)","decl":{"start":{"line":103,"column":11},"end":{"line":103,"column":12}},"loc":{"start":{"line":103,"column":31},"end":{"line":127,"column":5}},"line":103},"7":{"name":"(anonymous_7)","decl":{"start":{"line":154,"column":34},"end":{"line":154,"column":35}},"loc":{"start":{"line":154,"column":45},"end":{"line":278,"column":1}},"line":154},"8":{"name":"(anonymous_8)","decl":{"start":{"line":291,"column":30},"end":{"line":291,"column":31}},"loc":{"start":{"line":291,"column":47},"end":{"line":334,"column":1}},"line":291},"9":{"name":"(anonymous_9)","decl":{"start":{"line":337,"column":39},"end":{"line":337,"column":40}},"loc":{"start":{"line":337,"column":50},"end":{"line":339,"column":1}},"line":337},"10":{"name":"(anonymous_10)","decl":{"start":{"line":349,"column":29},"end":{"line":349,"column":30}},"loc":{"start":{"line":349,"column":44},"end":{"line":353,"column":1}},"line":349},"11":{"name":"(anonymous_11)","decl":{"start":{"line":355,"column":33},"end":{"line":355,"column":34}},"loc":{"start":{"line":355,"column":58},"end":{"line":387,"column":1}},"line":355},"12":{"name":"(anonymous_12)","decl":{"start":{"line":389,"column":35},"end":{"line":389,"column":36}},"loc":{"start":{"line":389,"column":46},"end":{"line":407,"column":1}},"line":389}},"branchMap":{"0":{"loc":{"start":{"line":33,"column":4},"end":{"line":33,"column":29}},"type":"if","locations":[{"start":{"line":33,"column":4},"end":{"line":33,"column":29}},{"start":{},"end":{}}],"line":33},"1":{"loc":{"start":{"line":34,"column":4},"end":{"line":34,"column":58}},"type":"if","locations":[{"start":{"line":34,"column":4},"end":{"line":34,"column":58}},{"start":{},"end":{}}],"line":34},"2":{"loc":{"start":{"line":75,"column":55},"end":{"line":75,"column":85}},"type":"binary-expr","locations":[{"start":{"line":75,"column":55},"end":{"line":75,"column":80}},{"start":{"line":75,"column":84},"end":{"line":75,"column":85}}],"line":75},"3":{"loc":{"start":{"line":76,"column":53},"end":{"line":76,"column":81}},"type":"binary-expr","locations":[{"start":{"line":76,"column":53},"end":{"line":76,"column":76}},{"start":{"line":76,"column":80},"end":{"line":76,"column":81}}],"line":76},"4":{"loc":{"start":{"line":80,"column":51},"end":{"line":80,"column":74}},"type":"binary-expr","locations":[{"start":{"line":80,"column":51},"end":{"line":80,"column":69}},{"start":{"line":80,"column":73},"end":{"line":80,"column":74}}],"line":80},"5":{"loc":{"start":{"line":81,"column":47},"end":{"line":81,"column":68}},"type":"binary-expr","locations":[{"start":{"line":81,"column":47},"end":{"line":81,"column":63}},{"start":{"line":81,"column":67},"end":{"line":81,"column":68}}],"line":81},"6":{"loc":{"start":{"line":82,"column":38},"end":{"line":82,"column":60}},"type":"binary-expr","locations":[{"start":{"line":82,"column":38},"end":{"line":82,"column":55}},{"start":{"line":82,"column":59},"end":{"line":82,"column":60}}],"line":82},"7":{"loc":{"start":{"line":83,"column":38},"end":{"line":83,"column":60}},"type":"binary-expr","locations":[{"start":{"line":83,"column":38},"end":{"line":83,"column":55}},{"start":{"line":83,"column":59},"end":{"line":83,"column":60}}],"line":83},"8":{"loc":{"start":{"line":121,"column":28},"end":{"line":121,"column":59}},"type":"binary-expr","locations":[{"start":{"line":121,"column":28},"end":{"line":121,"column":47}},{"start":{"line":121,"column":51},"end":{"line":121,"column":59}}],"line":121},"9":{"loc":{"start":{"line":123,"column":8},"end":{"line":123,"column":57}},"type":"if","locations":[{"start":{"line":123,"column":8},"end":{"line":123,"column":57}},{"start":{},"end":{}}],"line":123},"10":{"loc":{"start":{"line":124,"column":8},"end":{"line":124,"column":53}},"type":"if","locations":[{"start":{"line":124,"column":8},"end":{"line":124,"column":53}},{"start":{},"end":{}}],"line":124},"11":{"loc":{"start":{"line":162,"column":4},"end":{"line":166,"column":5}},"type":"if","locations":[{"start":{"line":162,"column":4},"end":{"line":166,"column":5}},{"start":{"line":164,"column":11},"end":{"line":166,"column":5}}],"line":162},"12":{"loc":{"start":{"line":175,"column":4},"end":{"line":177,"column":5}},"type":"if","locations":[{"start":{"line":175,"column":4},"end":{"line":177,"column":5}},{"start":{},"end":{}}],"line":175},"13":{"loc":{"start":{"line":183,"column":4},"end":{"line":188,"column":5}},"type":"if","locations":[{"start":{"line":183,"column":4},"end":{"line":188,"column":5}},{"start":{"line":185,"column":11},"end":{"line":188,"column":5}}],"line":183},"14":{"loc":{"start":{"line":199,"column":4},"end":{"line":258,"column":5}},"type":"switch","locations":[{"start":{"line":200,"column":8},"end":{"line":208,"column":18}},{"start":{"line":209,"column":8},"end":{"line":212,"column":18}},{"start":{"line":213,"column":8},"end":{"line":216,"column":18}},{"start":{"line":217,"column":8},"end":{"line":220,"column":18}},{"start":{"line":221,"column":8},"end":{"line":224,"column":18}},{"start":{"line":225,"column":8},"end":{"line":229,"column":18}},{"start":{"line":230,"column":8},"end":{"line":237,"column":18}},{"start":{"line":238,"column":8},"end":{"line":246,"column":18}},{"start":{"line":247,"column":8},"end":{"line":257,"column":18}}],"line":199},"15":{"loc":{"start":{"line":201,"column":12},"end":{"line":207,"column":13}},"type":"if","locations":[{"start":{"line":201,"column":12},"end":{"line":207,"column":13}},{"start":{"line":204,"column":19},"end":{"line":207,"column":13}}],"line":201},"16":{"loc":{"start":{"line":234,"column":12},"end":{"line":236,"column":13}},"type":"if","locations":[{"start":{"line":234,"column":12},"end":{"line":236,"column":13}},{"start":{},"end":{}}],"line":234},"17":{"loc":{"start":{"line":239,"column":12},"end":{"line":245,"column":13}},"type":"if","locations":[{"start":{"line":239,"column":12},"end":{"line":245,"column":13}},{"start":{"line":241,"column":19},"end":{"line":245,"column":13}}],"line":239},"18":{"loc":{"start":{"line":248,"column":12},"end":{"line":256,"column":13}},"type":"if","locations":[{"start":{"line":248,"column":12},"end":{"line":256,"column":13}},{"start":{"line":251,"column":19},"end":{"line":256,"column":13}}],"line":248},"19":{"loc":{"start":{"line":263,"column":4},"end":{"line":269,"column":5}},"type":"if","locations":[{"start":{"line":263,"column":4},"end":{"line":269,"column":5}},{"start":{},"end":{}}],"line":263},"20":{"loc":{"start":{"line":267,"column":26},"end":{"line":267,"column":45}},"type":"binary-expr","locations":[{"start":{"line":267,"column":26},"end":{"line":267,"column":40}},{"start":{"line":267,"column":44},"end":{"line":267,"column":45}}],"line":267},"21":{"loc":{"start":{"line":268,"column":24},"end":{"line":268,"column":41}},"type":"binary-expr","locations":[{"start":{"line":268,"column":24},"end":{"line":268,"column":36}},{"start":{"line":268,"column":40},"end":{"line":268,"column":41}}],"line":268},"22":{"loc":{"start":{"line":276,"column":40},"end":{"line":276,"column":56}},"type":"cond-expr","locations":[{"start":{"line":276,"column":49},"end":{"line":276,"column":51}},{"start":{"line":276,"column":54},"end":{"line":276,"column":56}}],"line":276},"23":{"loc":{"start":{"line":276,"column":61},"end":{"line":276,"column":76}},"type":"cond-expr","locations":[{"start":{"line":276,"column":71},"end":{"line":276,"column":72}},{"start":{"line":276,"column":75},"end":{"line":276,"column":76}}],"line":276},"24":{"loc":{"start":{"line":294,"column":4},"end":{"line":294,"column":74}},"type":"if","locations":[{"start":{"line":294,"column":4},"end":{"line":294,"column":74}},{"start":{},"end":{}}],"line":294},"25":{"loc":{"start":{"line":295,"column":4},"end":{"line":295,"column":72}},"type":"if","locations":[{"start":{"line":295,"column":4},"end":{"line":295,"column":72}},{"start":{},"end":{}}],"line":295},"26":{"loc":{"start":{"line":296,"column":4},"end":{"line":296,"column":77}},"type":"if","locations":[{"start":{"line":296,"column":4},"end":{"line":296,"column":77}},{"start":{},"end":{}}],"line":296},"27":{"loc":{"start":{"line":301,"column":17},"end":{"line":301,"column":63}},"type":"cond-expr","locations":[{"start":{"line":301,"column":28},"end":{"line":301,"column":44}},{"start":{"line":301,"column":47},"end":{"line":301,"column":63}}],"line":301},"28":{"loc":{"start":{"line":309,"column":4},"end":{"line":313,"column":5}},"type":"if","locations":[{"start":{"line":309,"column":4},"end":{"line":313,"column":5}},{"start":{},"end":{}}],"line":309},"29":{"loc":{"start":{"line":314,"column":4},"end":{"line":318,"column":5}},"type":"if","locations":[{"start":{"line":314,"column":4},"end":{"line":318,"column":5}},{"start":{},"end":{}}],"line":314},"30":{"loc":{"start":{"line":319,"column":4},"end":{"line":323,"column":5}},"type":"if","locations":[{"start":{"line":319,"column":4},"end":{"line":323,"column":5}},{"start":{},"end":{}}],"line":319},"31":{"loc":{"start":{"line":330,"column":20},"end":{"line":330,"column":54}},"type":"cond-expr","locations":[{"start":{"line":330,"column":40},"end":{"line":330,"column":41}},{"start":{"line":330,"column":44},"end":{"line":330,"column":54}}],"line":330},"32":{"loc":{"start":{"line":331,"column":21},"end":{"line":331,"column":56}},"type":"cond-expr","locations":[{"start":{"line":331,"column":41},"end":{"line":331,"column":52}},{"start":{"line":331,"column":55},"end":{"line":331,"column":56}}],"line":331},"33":{"loc":{"start":{"line":360,"column":8},"end":{"line":384,"column":9}},"type":"if","locations":[{"start":{"line":360,"column":8},"end":{"line":384,"column":9}},{"start":{"line":374,"column":15},"end":{"line":384,"column":9}}],"line":360},"34":{"loc":{"start":{"line":374,"column":15},"end":{"line":384,"column":9}},"type":"if","locations":[{"start":{"line":374,"column":15},"end":{"line":384,"column":9}},{"start":{},"end":{}}],"line":374},"35":{"loc":{"start":{"line":378,"column":12},"end":{"line":378,"column":60}},"type":"if","locations":[{"start":{"line":378,"column":12},"end":{"line":378,"column":60}},{"start":{},"end":{}}],"line":378},"36":{"loc":{"start":{"line":379,"column":12},"end":{"line":379,"column":60}},"type":"if","locations":[{"start":{"line":379,"column":12},"end":{"line":379,"column":60}},{"start":{},"end":{}}],"line":379},"37":{"loc":{"start":{"line":391,"column":4},"end":{"line":405,"column":5}},"type":"if","locations":[{"start":{"line":391,"column":4},"end":{"line":405,"column":5}},{"start":{"line":394,"column":11},"end":{"line":405,"column":5}}],"line":391},"38":{"loc":{"start":{"line":394,"column":11},"end":{"line":405,"column":5}},"type":"if","locations":[{"start":{"line":394,"column":11},"end":{"line":405,"column":5}},{"start":{"line":397,"column":11},"end":{"line":405,"column":5}}],"line":394},"39":{"loc":{"start":{"line":397,"column":11},"end":{"line":405,"column":5}},"type":"if","locations":[{"start":{"line":397,"column":11},"end":{"line":405,"column":5}},{"start":{"line":400,"column":11},"end":{"line":405,"column":5}}],"line":397},"40":{"loc":{"start":{"line":400,"column":11},"end":{"line":405,"column":5}},"type":"if","locations":[{"start":{"line":400,"column":11},"end":{"line":405,"column":5}},{"start":{"line":403,"column":11},"end":{"line":405,"column":5}}],"line":400}},"s":{"0":7,"1":7,"2":7,"3":7,"4":7,"5":7,"6":7,"7":56,"8":56,"9":7,"10":7,"11":7,"12":7,"13":224,"14":47,"15":177,"16":139,"17":38,"18":38,"19":38,"20":38,"21":38,"22":38,"23":7,"24":66,"25":66,"26":53,"27":66,"28":7,"29":38,"30":38,"31":38,"32":38,"33":7,"34":7,"35":8,"36":7,"37":3,"38":3,"39":3,"40":3,"41":3,"42":3,"43":3,"44":3,"45":3,"46":3,"47":3,"48":3,"49":3,"50":2,"51":1,"52":1,"53":0,"54":7,"55":7,"56":7,"57":7,"58":7,"59":56,"60":56,"61":56,"62":5,"63":51,"64":56,"65":56,"66":56,"67":56,"68":5,"69":56,"70":56,"71":3,"72":53,"73":56,"74":56,"75":56,"76":56,"77":56,"78":7,"79":3,"80":3,"81":4,"82":4,"83":7,"84":8,"85":8,"86":8,"87":9,"88":9,"89":9,"90":4,"91":4,"92":4,"93":7,"94":7,"95":7,"96":10,"97":10,"98":10,"99":10,"100":6,"101":6,"102":6,"103":4,"104":6,"105":2,"106":1,"107":1,"108":1,"109":1,"110":2,"111":3,"112":0,"113":0,"114":3,"115":3,"116":3,"117":3,"118":3,"119":56,"120":56,"121":3,"122":3,"123":3,"124":3,"125":56,"126":7,"127":7,"128":7,"129":7,"130":6,"131":6,"132":1,"133":6,"134":0,"135":6,"136":5,"137":6,"138":6,"139":6,"140":6,"141":6,"142":6,"143":6,"144":0,"145":0,"146":0,"147":6,"148":3,"149":3,"150":3,"151":6,"152":2,"153":2,"154":2,"155":6,"156":7,"157":2,"158":7,"159":7,"160":1,"161":1,"162":7,"163":2,"164":2,"165":2,"166":2,"167":8,"168":4,"169":4,"170":4,"171":4,"172":4,"173":4,"174":4,"175":4,"176":4,"177":4,"178":4,"179":4,"180":2,"181":7,"182":0,"183":0,"184":0,"185":0,"186":0,"187":0,"188":0,"189":0,"190":0,"191":0,"192":0,"193":0,"194":0,"195":0,"196":0},"f":{"0":7,"1":224,"2":66,"3":38,"4":8,"5":3,"6":3,"7":56,"8":6,"9":2,"10":1,"11":2,"12":0},"b":{"0":[47,177],"1":[139,38],"2":[38,38],"3":[38,38],"4":[38,37],"5":[38,37],"6":[38,37],"7":[38,37],"8":[3,0],"9":[2,1],"10":[1,0],"11":[5,51],"12":[5,51],"13":[3,53],"14":[7,8,9,4,7,10,6,2,3],"15":[3,4],"16":[4,2],"17":[1,1],"18":[0,3],"19":[3,53],"20":[3,1],"21":[3,1],"22":[5,51],"23":[3,53],"24":[1,5],"25":[0,6],"26":[5,1],"27":[2,4],"28":[0,6],"29":[3,3],"30":[2,4],"31":[1,5],"32":[1,5],"33":[4,4],"34":[4,0],"35":[4,0],"36":[4,0],"37":[0,0],"38":[0,0],"39":[0,0],"40":[0,0]},"_coverageSchema":"1a1c01bbd47fc00a2c39e90264f33305004495a9","hash":"2b4c4dff50ab915568eec20263b693d7dd4783cc"}
}
