{"/home/Derrik/Development/data6570/rpg-expo-app/src/context/GameContext.js": {"path":"/home/Derrik/Development/data6570/rpg-expo-app/src/context/GameContext.js","statementMap":{"0":{"start":{"line":18,"column":20},"end":{"line":18,"column":35}},"1":{"start":{"line":20,"column":23},"end":{"line":20,"column":52}},"2":{"start":{"line":20,"column":29},"end":{"line":20,"column":52}},"3":{"start":{"line":22,"column":17},"end":{"line":22,"column":36}},"4":{"start":{"line":24,"column":28},"end":{"line":428,"column":1}},"5":{"start":{"line":26,"column":24},"end":{"line":26,"column":35}},"6":{"start":{"line":27,"column":48},"end":{"line":27,"column":59}},"7":{"start":{"line":28,"column":38},"end":{"line":28,"column":50}},"8":{"start":{"line":29,"column":36},"end":{"line":39,"column":6}},"9":{"start":{"line":41,"column":30},"end":{"line":41,"column":41}},"10":{"start":{"line":42,"column":46},"end":{"line":42,"column":58}},"11":{"start":{"line":43,"column":48},"end":{"line":43,"column":60}},"12":{"start":{"line":44,"column":54},"end":{"line":44,"column":66}},"13":{"start":{"line":45,"column":38},"end":{"line":45,"column":49}},"14":{"start":{"line":46,"column":32},"end":{"line":46,"column":43}},"15":{"start":{"line":47,"column":42},"end":{"line":47,"column":56}},"16":{"start":{"line":48,"column":38},"end":{"line":48,"column":94}},"17":{"start":{"line":51,"column":18},"end":{"line":51,"column":57}},"18":{"start":{"line":51,"column":32},"end":{"line":51,"column":50}},"19":{"start":{"line":59,"column":24},"end":{"line":59,"column":29}},"20":{"start":{"line":62,"column":22},"end":{"line":74,"column":18}},"21":{"start":{"line":63,"column":25},"end":{"line":63,"column":90}},"22":{"start":{"line":64,"column":8},"end":{"line":72,"column":11}},"23":{"start":{"line":65,"column":12},"end":{"line":71,"column":13}},"24":{"start":{"line":66,"column":16},"end":{"line":66,"column":64}},"25":{"start":{"line":67,"column":16},"end":{"line":67,"column":60}},"26":{"start":{"line":68,"column":16},"end":{"line":68,"column":62}},"27":{"start":{"line":69,"column":16},"end":{"line":69,"column":68}},"28":{"start":{"line":70,"column":16},"end":{"line":70,"column":62}},"29":{"start":{"line":73,"column":8},"end":{"line":73,"column":26}},"30":{"start":{"line":76,"column":24},"end":{"line":88,"column":47}},"31":{"start":{"line":77,"column":22},"end":{"line":77,"column":66}},"32":{"start":{"line":80,"column":8},"end":{"line":85,"column":11}},"33":{"start":{"line":81,"column":12},"end":{"line":81,"column":114}},"34":{"start":{"line":81,"column":50},"end":{"line":81,"column":114}},"35":{"start":{"line":82,"column":12},"end":{"line":82,"column":110}},"36":{"start":{"line":82,"column":50},"end":{"line":82,"column":110}},"37":{"start":{"line":83,"column":12},"end":{"line":83,"column":111}},"38":{"start":{"line":83,"column":49},"end":{"line":83,"column":111}},"39":{"start":{"line":84,"column":12},"end":{"line":84,"column":111}},"40":{"start":{"line":84,"column":49},"end":{"line":84,"column":111}},"41":{"start":{"line":87,"column":8},"end":{"line":87,"column":21}},"42":{"start":{"line":91,"column":4},"end":{"line":95,"column":30}},"43":{"start":{"line":92,"column":8},"end":{"line":94,"column":9}},"44":{"start":{"line":93,"column":12},"end":{"line":93,"column":51}},"45":{"start":{"line":98,"column":21},"end":{"line":120,"column":5}},"46":{"start":{"line":99,"column":8},"end":{"line":119,"column":9}},"47":{"start":{"line":100,"column":30},"end":{"line":113,"column":13}},"48":{"start":{"line":114,"column":12},"end":{"line":114,"column":76}},"49":{"start":{"line":115,"column":12},"end":{"line":115,"column":24}},"50":{"start":{"line":117,"column":12},"end":{"line":117,"column":52}},"51":{"start":{"line":118,"column":12},"end":{"line":118,"column":25}},"52":{"start":{"line":122,"column":21},"end":{"line":146,"column":5}},"53":{"start":{"line":123,"column":8},"end":{"line":145,"column":9}},"54":{"start":{"line":124,"column":30},"end":{"line":124,"column":66}},"55":{"start":{"line":125,"column":12},"end":{"line":140,"column":13}},"56":{"start":{"line":126,"column":34},"end":{"line":126,"column":55}},"57":{"start":{"line":127,"column":16},"end":{"line":127,"column":41}},"58":{"start":{"line":128,"column":16},"end":{"line":128,"column":65}},"59":{"start":{"line":129,"column":16},"end":{"line":129,"column":56}},"60":{"start":{"line":130,"column":16},"end":{"line":130,"column":54}},"61":{"start":{"line":131,"column":16},"end":{"line":131,"column":47}},"62":{"start":{"line":132,"column":16},"end":{"line":132,"column":66}},"63":{"start":{"line":133,"column":16},"end":{"line":133,"column":72}},"64":{"start":{"line":134,"column":16},"end":{"line":134,"column":55}},"65":{"start":{"line":135,"column":16},"end":{"line":135,"column":49}},"66":{"start":{"line":136,"column":16},"end":{"line":136,"column":62}},"67":{"start":{"line":137,"column":16},"end":{"line":137,"column":100}},"68":{"start":{"line":139,"column":16},"end":{"line":139,"column":28}},"69":{"start":{"line":141,"column":12},"end":{"line":141,"column":25}},"70":{"start":{"line":143,"column":12},"end":{"line":143,"column":52}},"71":{"start":{"line":144,"column":12},"end":{"line":144,"column":25}},"72":{"start":{"line":149,"column":24},"end":{"line":170,"column":5}},"73":{"start":{"line":150,"column":23},"end":{"line":150,"column":57}},"74":{"start":{"line":151,"column":25},"end":{"line":151,"column":43}},"75":{"start":{"line":153,"column":8},"end":{"line":163,"column":11}},"76":{"start":{"line":154,"column":27},"end":{"line":154,"column":40}},"77":{"start":{"line":155,"column":29},"end":{"line":155,"column":51}},"78":{"start":{"line":157,"column":12},"end":{"line":161,"column":13}},"79":{"start":{"line":158,"column":34},"end":{"line":158,"column":53}},"80":{"start":{"line":160,"column":16},"end":{"line":160,"column":61}},"81":{"start":{"line":160,"column":39},"end":{"line":160,"column":59}},"82":{"start":{"line":162,"column":12},"end":{"line":162,"column":26}},"83":{"start":{"line":169,"column":8},"end":{"line":169,"column":22}},"84":{"start":{"line":172,"column":19},"end":{"line":183,"column":5}},"85":{"start":{"line":173,"column":25},"end":{"line":173,"column":43}},"86":{"start":{"line":174,"column":8},"end":{"line":182,"column":11}},"87":{"start":{"line":175,"column":27},"end":{"line":175,"column":40}},"88":{"start":{"line":176,"column":29},"end":{"line":176,"column":51}},"89":{"start":{"line":177,"column":12},"end":{"line":180,"column":13}},"90":{"start":{"line":178,"column":34},"end":{"line":178,"column":53}},"91":{"start":{"line":179,"column":16},"end":{"line":179,"column":61}},"92":{"start":{"line":179,"column":39},"end":{"line":179,"column":59}},"93":{"start":{"line":181,"column":12},"end":{"line":181,"column":26}},"94":{"start":{"line":185,"column":27},"end":{"line":190,"column":5}},"95":{"start":{"line":186,"column":8},"end":{"line":189,"column":11}},"96":{"start":{"line":187,"column":12},"end":{"line":187,"column":55}},"97":{"start":{"line":187,"column":43},"end":{"line":187,"column":55}},"98":{"start":{"line":188,"column":12},"end":{"line":188,"column":41}},"99":{"start":{"line":192,"column":23},"end":{"line":194,"column":5}},"100":{"start":{"line":193,"column":8},"end":{"line":193,"column":80}},"101":{"start":{"line":193,"column":34},"end":{"line":193,"column":78}},"102":{"start":{"line":196,"column":23},"end":{"line":198,"column":5}},"103":{"start":{"line":197,"column":8},"end":{"line":197,"column":62}},"104":{"start":{"line":197,"column":34},"end":{"line":197,"column":60}},"105":{"start":{"line":201,"column":25},"end":{"line":214,"column":5}},"106":{"start":{"line":202,"column":20},"end":{"line":202,"column":30}},"107":{"start":{"line":203,"column":8},"end":{"line":203,"column":72}},"108":{"start":{"line":203,"column":59},"end":{"line":203,"column":72}},"109":{"start":{"line":205,"column":32},"end":{"line":205,"column":74}},"110":{"start":{"line":206,"column":28},"end":{"line":206,"column":66}},"111":{"start":{"line":208,"column":8},"end":{"line":212,"column":11}},"112":{"start":{"line":213,"column":8},"end":{"line":213,"column":20}},"113":{"start":{"line":216,"column":20},"end":{"line":230,"column":5}},"114":{"start":{"line":217,"column":8},"end":{"line":217,"column":90}},"115":{"start":{"line":217,"column":35},"end":{"line":217,"column":90}},"116":{"start":{"line":218,"column":8},"end":{"line":218,"column":98}},"117":{"start":{"line":218,"column":36},"end":{"line":218,"column":98}},"118":{"start":{"line":220,"column":8},"end":{"line":220,"column":47}},"119":{"start":{"line":220,"column":25},"end":{"line":220,"column":45}},"120":{"start":{"line":221,"column":8},"end":{"line":221,"column":46}},"121":{"start":{"line":221,"column":29},"end":{"line":221,"column":44}},"122":{"start":{"line":224,"column":8},"end":{"line":228,"column":12}},"123":{"start":{"line":224,"column":30},"end":{"line":228,"column":9}},"124":{"start":{"line":226,"column":52},"end":{"line":226,"column":68}},"125":{"start":{"line":227,"column":44},"end":{"line":227,"column":60}},"126":{"start":{"line":229,"column":8},"end":{"line":229,"column":33}},"127":{"start":{"line":232,"column":27},"end":{"line":239,"column":5}},"128":{"start":{"line":233,"column":20},"end":{"line":233,"column":35}},"129":{"start":{"line":234,"column":8},"end":{"line":236,"column":9}},"130":{"start":{"line":235,"column":12},"end":{"line":235,"column":44}},"131":{"start":{"line":237,"column":8},"end":{"line":237,"column":39}},"132":{"start":{"line":237,"column":25},"end":{"line":237,"column":37}},"133":{"start":{"line":238,"column":8},"end":{"line":238,"column":65}},"134":{"start":{"line":238,"column":29},"end":{"line":238,"column":63}},"135":{"start":{"line":238,"column":46},"end":{"line":238,"column":62}},"136":{"start":{"line":241,"column":22},"end":{"line":248,"column":5}},"137":{"start":{"line":242,"column":21},"end":{"line":242,"column":23}},"138":{"start":{"line":243,"column":8},"end":{"line":243,"column":39}},"139":{"start":{"line":243,"column":26},"end":{"line":243,"column":39}},"140":{"start":{"line":245,"column":8},"end":{"line":245,"column":38}},"141":{"start":{"line":245,"column":25},"end":{"line":245,"column":36}},"142":{"start":{"line":247,"column":8},"end":{"line":247,"column":20}},"143":{"start":{"line":250,"column":28},"end":{"line":252,"column":5}},"144":{"start":{"line":251,"column":8},"end":{"line":251,"column":47}},"145":{"start":{"line":254,"column":23},"end":{"line":258,"column":5}},"146":{"start":{"line":255,"column":8},"end":{"line":255,"column":60}},"147":{"start":{"line":255,"column":53},"end":{"line":255,"column":60}},"148":{"start":{"line":256,"column":25},"end":{"line":256,"column":49}},"149":{"start":{"line":257,"column":8},"end":{"line":257,"column":33}},"150":{"start":{"line":260,"column":32},"end":{"line":269,"column":5}},"151":{"start":{"line":261,"column":8},"end":{"line":261,"column":60}},"152":{"start":{"line":261,"column":53},"end":{"line":261,"column":60}},"153":{"start":{"line":262,"column":8},"end":{"line":268,"column":9}},"154":{"start":{"line":263,"column":12},"end":{"line":267,"column":15}},"155":{"start":{"line":264,"column":36},"end":{"line":264,"column":53}},"156":{"start":{"line":265,"column":36},"end":{"line":265,"column":61}},"157":{"start":{"line":266,"column":16},"end":{"line":266,"column":71}},"158":{"start":{"line":271,"column":29},"end":{"line":287,"column":5}},"159":{"start":{"line":272,"column":8},"end":{"line":272,"column":61}},"160":{"start":{"line":272,"column":54},"end":{"line":272,"column":61}},"161":{"start":{"line":274,"column":8},"end":{"line":274,"column":57}},"162":{"start":{"line":274,"column":25},"end":{"line":274,"column":55}},"163":{"start":{"line":275,"column":8},"end":{"line":285,"column":11}},"164":{"start":{"line":276,"column":26},"end":{"line":276,"column":57}},"165":{"start":{"line":279,"column":30},"end":{"line":279,"column":68}},"166":{"start":{"line":280,"column":12},"end":{"line":283,"column":13}},"167":{"start":{"line":281,"column":16},"end":{"line":281,"column":41}},"168":{"start":{"line":281,"column":34},"end":{"line":281,"column":39}},"169":{"start":{"line":284,"column":12},"end":{"line":284,"column":25}},"170":{"start":{"line":286,"column":8},"end":{"line":286,"column":29}},"171":{"start":{"line":289,"column":23},"end":{"line":300,"column":5}},"172":{"start":{"line":290,"column":24},"end":{"line":290,"column":63}},"173":{"start":{"line":291,"column":8},"end":{"line":291,"column":65}},"174":{"start":{"line":291,"column":29},"end":{"line":291,"column":63}},"175":{"start":{"line":291,"column":46},"end":{"line":291,"column":62}},"176":{"start":{"line":292,"column":8},"end":{"line":299,"column":11}},"177":{"start":{"line":293,"column":26},"end":{"line":293,"column":40}},"178":{"start":{"line":294,"column":30},"end":{"line":294,"column":68}},"179":{"start":{"line":295,"column":12},"end":{"line":297,"column":13}},"180":{"start":{"line":296,"column":16},"end":{"line":296,"column":41}},"181":{"start":{"line":296,"column":34},"end":{"line":296,"column":39}},"182":{"start":{"line":298,"column":12},"end":{"line":298,"column":25}},"183":{"start":{"line":303,"column":25},"end":{"line":314,"column":5}},"184":{"start":{"line":304,"column":27},"end":{"line":304,"column":53}},"185":{"start":{"line":305,"column":24},"end":{"line":305,"column":50}},"186":{"start":{"line":306,"column":8},"end":{"line":308,"column":9}},"187":{"start":{"line":307,"column":12},"end":{"line":307,"column":48}},"188":{"start":{"line":307,"column":38},"end":{"line":307,"column":46}},"189":{"start":{"line":310,"column":8},"end":{"line":312,"column":9}},"190":{"start":{"line":311,"column":12},"end":{"line":311,"column":33}},"191":{"start":{"line":313,"column":8},"end":{"line":313,"column":23}},"192":{"start":{"line":316,"column":27},"end":{"line":329,"column":5}},"193":{"start":{"line":318,"column":8},"end":{"line":328,"column":9}},"194":{"start":{"line":319,"column":28},"end":{"line":319,"column":59}},"195":{"start":{"line":320,"column":12},"end":{"line":320,"column":53}},"196":{"start":{"line":320,"column":33},"end":{"line":320,"column":51}},"197":{"start":{"line":321,"column":12},"end":{"line":321,"column":27}},"198":{"start":{"line":325,"column":30},"end":{"line":325,"column":57}},"199":{"start":{"line":326,"column":12},"end":{"line":326,"column":55}},"200":{"start":{"line":326,"column":33},"end":{"line":326,"column":53}},"201":{"start":{"line":327,"column":12},"end":{"line":327,"column":29}},"202":{"start":{"line":331,"column":22},"end":{"line":343,"column":5}},"203":{"start":{"line":332,"column":8},"end":{"line":332,"column":43}},"204":{"start":{"line":332,"column":36},"end":{"line":332,"column":43}},"205":{"start":{"line":334,"column":21},"end":{"line":334,"column":30}},"206":{"start":{"line":335,"column":8},"end":{"line":338,"column":11}},"207":{"start":{"line":336,"column":32},"end":{"line":336,"column":57}},"208":{"start":{"line":337,"column":12},"end":{"line":337,"column":31}},"209":{"start":{"line":339,"column":8},"end":{"line":339,"column":65}},"210":{"start":{"line":339,"column":29},"end":{"line":339,"column":63}},"211":{"start":{"line":339,"column":46},"end":{"line":339,"column":62}},"212":{"start":{"line":340,"column":8},"end":{"line":342,"column":9}},"213":{"start":{"line":341,"column":12},"end":{"line":341,"column":65}},"214":{"start":{"line":341,"column":33},"end":{"line":341,"column":63}},"215":{"start":{"line":345,"column":24},"end":{"line":351,"column":5}},"216":{"start":{"line":346,"column":21},"end":{"line":346,"column":35}},"217":{"start":{"line":347,"column":8},"end":{"line":350,"column":9}},"218":{"start":{"line":348,"column":12},"end":{"line":348,"column":61}},"219":{"start":{"line":348,"column":33},"end":{"line":348,"column":58}},"220":{"start":{"line":349,"column":12},"end":{"line":349,"column":50}},"221":{"start":{"line":349,"column":33},"end":{"line":349,"column":48}},"222":{"start":{"line":353,"column":21},"end":{"line":356,"column":5}},"223":{"start":{"line":354,"column":8},"end":{"line":354,"column":51}},"224":{"start":{"line":354,"column":25},"end":{"line":354,"column":49}},"225":{"start":{"line":355,"column":8},"end":{"line":355,"column":65}},"226":{"start":{"line":355,"column":29},"end":{"line":355,"column":63}},"227":{"start":{"line":355,"column":46},"end":{"line":355,"column":62}},"228":{"start":{"line":358,"column":26},"end":{"line":361,"column":5}},"229":{"start":{"line":359,"column":8},"end":{"line":359,"column":52}},"230":{"start":{"line":359,"column":33},"end":{"line":359,"column":50}},"231":{"start":{"line":360,"column":8},"end":{"line":360,"column":67}},"232":{"start":{"line":360,"column":29},"end":{"line":360,"column":65}},"233":{"start":{"line":360,"column":46},"end":{"line":360,"column":64}},"234":{"start":{"line":363,"column":21},"end":{"line":369,"column":5}},"235":{"start":{"line":364,"column":8},"end":{"line":367,"column":9}},"236":{"start":{"line":365,"column":12},"end":{"line":365,"column":44}},"237":{"start":{"line":365,"column":29},"end":{"line":365,"column":42}},"238":{"start":{"line":366,"column":12},"end":{"line":366,"column":24}},"239":{"start":{"line":368,"column":8},"end":{"line":368,"column":21}},"240":{"start":{"line":371,"column":24},"end":{"line":371,"column":54}},"241":{"start":{"line":372,"column":27},"end":{"line":372,"column":53}},"242":{"start":{"line":373,"column":24},"end":{"line":373,"column":43}},"243":{"start":{"line":374,"column":31},"end":{"line":374,"column":59}},"244":{"start":{"line":375,"column":26},"end":{"line":375,"column":89}},"245":{"start":{"line":377,"column":4},"end":{"line":427,"column":6}}},"fnMap":{"0":{"name":"(anonymous_0)","decl":{"start":{"line":20,"column":23},"end":{"line":20,"column":24}},"loc":{"start":{"line":20,"column":29},"end":{"line":20,"column":52}},"line":20},"1":{"name":"(anonymous_1)","decl":{"start":{"line":24,"column":28},"end":{"line":24,"column":29}},"loc":{"start":{"line":24,"column":46},"end":{"line":428,"column":1}},"line":24},"2":{"name":"(anonymous_2)","decl":{"start":{"line":51,"column":26},"end":{"line":51,"column":27}},"loc":{"start":{"line":51,"column":32},"end":{"line":51,"column":50}},"line":51},"3":{"name":"(anonymous_3)","decl":{"start":{"line":62,"column":30},"end":{"line":62,"column":31}},"loc":{"start":{"line":62,"column":36},"end":{"line":74,"column":5}},"line":62},"4":{"name":"(anonymous_4)","decl":{"start":{"line":64,"column":40},"end":{"line":64,"column":41}},"loc":{"start":{"line":64,"column":48},"end":{"line":72,"column":9}},"line":64},"5":{"name":"(anonymous_5)","decl":{"start":{"line":76,"column":32},"end":{"line":76,"column":33}},"loc":{"start":{"line":76,"column":38},"end":{"line":88,"column":5}},"line":76},"6":{"name":"(anonymous_6)","decl":{"start":{"line":80,"column":30},"end":{"line":80,"column":31}},"loc":{"start":{"line":80,"column":40},"end":{"line":85,"column":9}},"line":80},"7":{"name":"(anonymous_7)","decl":{"start":{"line":91,"column":14},"end":{"line":91,"column":15}},"loc":{"start":{"line":91,"column":20},"end":{"line":95,"column":5}},"line":91},"8":{"name":"(anonymous_8)","decl":{"start":{"line":98,"column":21},"end":{"line":98,"column":22}},"loc":{"start":{"line":98,"column":33},"end":{"line":120,"column":5}},"line":98},"9":{"name":"(anonymous_9)","decl":{"start":{"line":122,"column":21},"end":{"line":122,"column":22}},"loc":{"start":{"line":122,"column":33},"end":{"line":146,"column":5}},"line":122},"10":{"name":"(anonymous_10)","decl":{"start":{"line":149,"column":24},"end":{"line":149,"column":25}},"loc":{"start":{"line":149,"column":30},"end":{"line":170,"column":5}},"line":149},"11":{"name":"(anonymous_11)","decl":{"start":{"line":153,"column":14},"end":{"line":153,"column":15}},"loc":{"start":{"line":153,"column":22},"end":{"line":163,"column":9}},"line":153},"12":{"name":"(anonymous_12)","decl":{"start":{"line":160,"column":34},"end":{"line":160,"column":35}},"loc":{"start":{"line":160,"column":39},"end":{"line":160,"column":59}},"line":160},"13":{"name":"(anonymous_13)","decl":{"start":{"line":172,"column":19},"end":{"line":172,"column":20}},"loc":{"start":{"line":172,"column":31},"end":{"line":183,"column":5}},"line":172},"14":{"name":"(anonymous_14)","decl":{"start":{"line":174,"column":14},"end":{"line":174,"column":15}},"loc":{"start":{"line":174,"column":22},"end":{"line":182,"column":9}},"line":174},"15":{"name":"(anonymous_15)","decl":{"start":{"line":179,"column":34},"end":{"line":179,"column":35}},"loc":{"start":{"line":179,"column":39},"end":{"line":179,"column":59}},"line":179},"16":{"name":"(anonymous_16)","decl":{"start":{"line":185,"column":27},"end":{"line":185,"column":28}},"loc":{"start":{"line":185,"column":43},"end":{"line":190,"column":5}},"line":185},"17":{"name":"(anonymous_17)","decl":{"start":{"line":186,"column":29},"end":{"line":186,"column":30}},"loc":{"start":{"line":186,"column":37},"end":{"line":189,"column":9}},"line":186},"18":{"name":"(anonymous_18)","decl":{"start":{"line":192,"column":23},"end":{"line":192,"column":24}},"loc":{"start":{"line":192,"column":35},"end":{"line":194,"column":5}},"line":192},"19":{"name":"(anonymous_19)","decl":{"start":{"line":193,"column":26},"end":{"line":193,"column":27}},"loc":{"start":{"line":193,"column":34},"end":{"line":193,"column":78}},"line":193},"20":{"name":"(anonymous_20)","decl":{"start":{"line":196,"column":23},"end":{"line":196,"column":24}},"loc":{"start":{"line":196,"column":35},"end":{"line":198,"column":5}},"line":196},"21":{"name":"(anonymous_21)","decl":{"start":{"line":197,"column":26},"end":{"line":197,"column":27}},"loc":{"start":{"line":197,"column":34},"end":{"line":197,"column":60}},"line":197},"22":{"name":"(anonymous_22)","decl":{"start":{"line":201,"column":25},"end":{"line":201,"column":26}},"loc":{"start":{"line":201,"column":44},"end":{"line":214,"column":5}},"line":201},"23":{"name":"(anonymous_23)","decl":{"start":{"line":216,"column":20},"end":{"line":216,"column":21}},"loc":{"start":{"line":216,"column":30},"end":{"line":230,"column":5}},"line":216},"24":{"name":"(anonymous_24)","decl":{"start":{"line":220,"column":17},"end":{"line":220,"column":18}},"loc":{"start":{"line":220,"column":25},"end":{"line":220,"column":45}},"line":220},"25":{"name":"(anonymous_25)","decl":{"start":{"line":221,"column":21},"end":{"line":221,"column":22}},"loc":{"start":{"line":221,"column":29},"end":{"line":221,"column":44}},"line":221},"26":{"name":"(anonymous_26)","decl":{"start":{"line":224,"column":21},"end":{"line":224,"column":22}},"loc":{"start":{"line":224,"column":30},"end":{"line":228,"column":9}},"line":224},"27":{"name":"(anonymous_27)","decl":{"start":{"line":226,"column":47},"end":{"line":226,"column":48}},"loc":{"start":{"line":226,"column":52},"end":{"line":226,"column":68}},"line":226},"28":{"name":"(anonymous_28)","decl":{"start":{"line":227,"column":39},"end":{"line":227,"column":40}},"loc":{"start":{"line":227,"column":44},"end":{"line":227,"column":60}},"line":227},"29":{"name":"(anonymous_29)","decl":{"start":{"line":232,"column":27},"end":{"line":232,"column":28}},"loc":{"start":{"line":232,"column":37},"end":{"line":239,"column":5}},"line":232},"30":{"name":"(anonymous_30)","decl":{"start":{"line":237,"column":17},"end":{"line":237,"column":18}},"loc":{"start":{"line":237,"column":25},"end":{"line":237,"column":37}},"line":237},"31":{"name":"(anonymous_31)","decl":{"start":{"line":238,"column":21},"end":{"line":238,"column":22}},"loc":{"start":{"line":238,"column":29},"end":{"line":238,"column":63}},"line":238},"32":{"name":"(anonymous_32)","decl":{"start":{"line":238,"column":41},"end":{"line":238,"column":42}},"loc":{"start":{"line":238,"column":46},"end":{"line":238,"column":62}},"line":238},"33":{"name":"(anonymous_33)","decl":{"start":{"line":241,"column":22},"end":{"line":241,"column":23}},"loc":{"start":{"line":241,"column":34},"end":{"line":248,"column":5}},"line":241},"34":{"name":"(anonymous_34)","decl":{"start":{"line":245,"column":17},"end":{"line":245,"column":18}},"loc":{"start":{"line":245,"column":25},"end":{"line":245,"column":36}},"line":245},"35":{"name":"(anonymous_35)","decl":{"start":{"line":250,"column":28},"end":{"line":250,"column":29}},"loc":{"start":{"line":250,"column":34},"end":{"line":252,"column":5}},"line":250},"36":{"name":"(anonymous_36)","decl":{"start":{"line":254,"column":23},"end":{"line":254,"column":24}},"loc":{"start":{"line":254,"column":29},"end":{"line":258,"column":5}},"line":254},"37":{"name":"(anonymous_37)","decl":{"start":{"line":260,"column":32},"end":{"line":260,"column":33}},"loc":{"start":{"line":260,"column":48},"end":{"line":269,"column":5}},"line":260},"38":{"name":"(anonymous_38)","decl":{"start":{"line":263,"column":27},"end":{"line":263,"column":28}},"loc":{"start":{"line":263,"column":35},"end":{"line":267,"column":13}},"line":263},"39":{"name":"(anonymous_39)","decl":{"start":{"line":271,"column":29},"end":{"line":271,"column":30}},"loc":{"start":{"line":271,"column":35},"end":{"line":287,"column":5}},"line":271},"40":{"name":"(anonymous_40)","decl":{"start":{"line":274,"column":17},"end":{"line":274,"column":18}},"loc":{"start":{"line":274,"column":25},"end":{"line":274,"column":55}},"line":274},"41":{"name":"(anonymous_41)","decl":{"start":{"line":275,"column":18},"end":{"line":275,"column":19}},"loc":{"start":{"line":275,"column":26},"end":{"line":285,"column":9}},"line":275},"42":{"name":"(anonymous_42)","decl":{"start":{"line":281,"column":29},"end":{"line":281,"column":30}},"loc":{"start":{"line":281,"column":34},"end":{"line":281,"column":39}},"line":281},"43":{"name":"(anonymous_43)","decl":{"start":{"line":289,"column":23},"end":{"line":289,"column":24}},"loc":{"start":{"line":289,"column":33},"end":{"line":300,"column":5}},"line":289},"44":{"name":"(anonymous_44)","decl":{"start":{"line":291,"column":21},"end":{"line":291,"column":22}},"loc":{"start":{"line":291,"column":29},"end":{"line":291,"column":63}},"line":291},"45":{"name":"(anonymous_45)","decl":{"start":{"line":291,"column":41},"end":{"line":291,"column":42}},"loc":{"start":{"line":291,"column":46},"end":{"line":291,"column":62}},"line":291},"46":{"name":"(anonymous_46)","decl":{"start":{"line":292,"column":18},"end":{"line":292,"column":19}},"loc":{"start":{"line":292,"column":26},"end":{"line":299,"column":9}},"line":292},"47":{"name":"(anonymous_47)","decl":{"start":{"line":296,"column":29},"end":{"line":296,"column":30}},"loc":{"start":{"line":296,"column":34},"end":{"line":296,"column":39}},"line":296},"48":{"name":"(anonymous_48)","decl":{"start":{"line":303,"column":25},"end":{"line":303,"column":26}},"loc":{"start":{"line":303,"column":31},"end":{"line":314,"column":5}},"line":303},"49":{"name":"(anonymous_49)","decl":{"start":{"line":307,"column":30},"end":{"line":307,"column":31}},"loc":{"start":{"line":307,"column":38},"end":{"line":307,"column":46}},"line":307},"50":{"name":"(anonymous_50)","decl":{"start":{"line":316,"column":27},"end":{"line":316,"column":28}},"loc":{"start":{"line":316,"column":53},"end":{"line":329,"column":5}},"line":316},"51":{"name":"(anonymous_51)","decl":{"start":{"line":320,"column":25},"end":{"line":320,"column":26}},"loc":{"start":{"line":320,"column":33},"end":{"line":320,"column":51}},"line":320},"52":{"name":"(anonymous_52)","decl":{"start":{"line":326,"column":25},"end":{"line":326,"column":26}},"loc":{"start":{"line":326,"column":33},"end":{"line":326,"column":53}},"line":326},"53":{"name":"(anonymous_53)","decl":{"start":{"line":331,"column":22},"end":{"line":331,"column":23}},"loc":{"start":{"line":331,"column":32},"end":{"line":343,"column":5}},"line":331},"54":{"name":"(anonymous_54)","decl":{"start":{"line":335,"column":20},"end":{"line":335,"column":21}},"loc":{"start":{"line":335,"column":28},"end":{"line":338,"column":9}},"line":335},"55":{"name":"(anonymous_55)","decl":{"start":{"line":339,"column":21},"end":{"line":339,"column":22}},"loc":{"start":{"line":339,"column":29},"end":{"line":339,"column":63}},"line":339},"56":{"name":"(anonymous_56)","decl":{"start":{"line":339,"column":41},"end":{"line":339,"column":42}},"loc":{"start":{"line":339,"column":46},"end":{"line":339,"column":62}},"line":339},"57":{"name":"(anonymous_57)","decl":{"start":{"line":341,"column":25},"end":{"line":341,"column":26}},"loc":{"start":{"line":341,"column":33},"end":{"line":341,"column":63}},"line":341},"58":{"name":"(anonymous_58)","decl":{"start":{"line":345,"column":24},"end":{"line":345,"column":25}},"loc":{"start":{"line":345,"column":34},"end":{"line":351,"column":5}},"line":345},"59":{"name":"(anonymous_59)","decl":{"start":{"line":348,"column":24},"end":{"line":348,"column":25}},"loc":{"start":{"line":348,"column":33},"end":{"line":348,"column":58}},"line":348},"60":{"name":"(anonymous_60)","decl":{"start":{"line":349,"column":25},"end":{"line":349,"column":26}},"loc":{"start":{"line":349,"column":33},"end":{"line":349,"column":48}},"line":349},"61":{"name":"(anonymous_61)","decl":{"start":{"line":353,"column":21},"end":{"line":353,"column":22}},"loc":{"start":{"line":353,"column":31},"end":{"line":356,"column":5}},"line":353},"62":{"name":"(anonymous_62)","decl":{"start":{"line":354,"column":17},"end":{"line":354,"column":18}},"loc":{"start":{"line":354,"column":25},"end":{"line":354,"column":49}},"line":354},"63":{"name":"(anonymous_63)","decl":{"start":{"line":355,"column":21},"end":{"line":355,"column":22}},"loc":{"start":{"line":355,"column":29},"end":{"line":355,"column":63}},"line":355},"64":{"name":"(anonymous_64)","decl":{"start":{"line":355,"column":41},"end":{"line":355,"column":42}},"loc":{"start":{"line":355,"column":46},"end":{"line":355,"column":62}},"line":355},"65":{"name":"(anonymous_65)","decl":{"start":{"line":358,"column":26},"end":{"line":358,"column":27}},"loc":{"start":{"line":358,"column":38},"end":{"line":361,"column":5}},"line":358},"66":{"name":"(anonymous_66)","decl":{"start":{"line":359,"column":25},"end":{"line":359,"column":26}},"loc":{"start":{"line":359,"column":33},"end":{"line":359,"column":50}},"line":359},"67":{"name":"(anonymous_67)","decl":{"start":{"line":360,"column":21},"end":{"line":360,"column":22}},"loc":{"start":{"line":360,"column":29},"end":{"line":360,"column":65}},"line":360},"68":{"name":"(anonymous_68)","decl":{"start":{"line":360,"column":41},"end":{"line":360,"column":42}},"loc":{"start":{"line":360,"column":46},"end":{"line":360,"column":64}},"line":360},"69":{"name":"(anonymous_69)","decl":{"start":{"line":363,"column":21},"end":{"line":363,"column":22}},"loc":{"start":{"line":363,"column":33},"end":{"line":369,"column":5}},"line":363},"70":{"name":"(anonymous_70)","decl":{"start":{"line":365,"column":21},"end":{"line":365,"column":22}},"loc":{"start":{"line":365,"column":29},"end":{"line":365,"column":42}},"line":365}},"branchMap":{"0":{"loc":{"start":{"line":65,"column":12},"end":{"line":71,"column":13}},"type":"if","locations":[{"start":{"line":65,"column":12},"end":{"line":71,"column":13}},{"start":{},"end":{}}],"line":65},"1":{"loc":{"start":{"line":66,"column":39},"end":{"line":66,"column":63}},"type":"binary-expr","locations":[{"start":{"line":66,"column":39},"end":{"line":66,"column":58}},{"start":{"line":66,"column":62},"end":{"line":66,"column":63}}],"line":66},"2":{"loc":{"start":{"line":67,"column":37},"end":{"line":67,"column":59}},"type":"binary-expr","locations":[{"start":{"line":67,"column":37},"end":{"line":67,"column":54}},{"start":{"line":67,"column":58},"end":{"line":67,"column":59}}],"line":67},"3":{"loc":{"start":{"line":68,"column":38},"end":{"line":68,"column":61}},"type":"binary-expr","locations":[{"start":{"line":68,"column":38},"end":{"line":68,"column":56}},{"start":{"line":68,"column":60},"end":{"line":68,"column":61}}],"line":68},"4":{"loc":{"start":{"line":69,"column":41},"end":{"line":69,"column":67}},"type":"binary-expr","locations":[{"start":{"line":69,"column":41},"end":{"line":69,"column":62}},{"start":{"line":69,"column":66},"end":{"line":69,"column":67}}],"line":69},"5":{"loc":{"start":{"line":70,"column":38},"end":{"line":70,"column":61}},"type":"binary-expr","locations":[{"start":{"line":70,"column":38},"end":{"line":70,"column":56}},{"start":{"line":70,"column":60},"end":{"line":70,"column":61}}],"line":70},"6":{"loc":{"start":{"line":81,"column":12},"end":{"line":81,"column":114}},"type":"if","locations":[{"start":{"line":81,"column":12},"end":{"line":81,"column":114}},{"start":{},"end":{}}],"line":81},"7":{"loc":{"start":{"line":82,"column":12},"end":{"line":82,"column":110}},"type":"if","locations":[{"start":{"line":82,"column":12},"end":{"line":82,"column":110}},{"start":{},"end":{}}],"line":82},"8":{"loc":{"start":{"line":83,"column":12},"end":{"line":83,"column":111}},"type":"if","locations":[{"start":{"line":83,"column":12},"end":{"line":83,"column":111}},{"start":{},"end":{}}],"line":83},"9":{"loc":{"start":{"line":84,"column":12},"end":{"line":84,"column":111}},"type":"if","locations":[{"start":{"line":84,"column":12},"end":{"line":84,"column":111}},{"start":{},"end":{}}],"line":84},"10":{"loc":{"start":{"line":92,"column":8},"end":{"line":94,"column":9}},"type":"if","locations":[{"start":{"line":92,"column":8},"end":{"line":94,"column":9}},{"start":{},"end":{}}],"line":92},"11":{"loc":{"start":{"line":125,"column":12},"end":{"line":140,"column":13}},"type":"if","locations":[{"start":{"line":125,"column":12},"end":{"line":140,"column":13}},{"start":{},"end":{}}],"line":125},"12":{"loc":{"start":{"line":127,"column":22},"end":{"line":127,"column":39}},"type":"binary-expr","locations":[{"start":{"line":127,"column":22},"end":{"line":127,"column":34}},{"start":{"line":127,"column":38},"end":{"line":127,"column":39}}],"line":127},"13":{"loc":{"start":{"line":128,"column":34},"end":{"line":128,"column":63}},"type":"binary-expr","locations":[{"start":{"line":128,"column":34},"end":{"line":128,"column":58}},{"start":{"line":128,"column":62},"end":{"line":128,"column":63}}],"line":128},"14":{"loc":{"start":{"line":129,"column":29},"end":{"line":129,"column":54}},"type":"binary-expr","locations":[{"start":{"line":129,"column":29},"end":{"line":129,"column":48}},{"start":{"line":129,"column":52},"end":{"line":129,"column":54}}],"line":129},"15":{"loc":{"start":{"line":130,"column":28},"end":{"line":130,"column":52}},"type":"binary-expr","locations":[{"start":{"line":130,"column":28},"end":{"line":130,"column":46}},{"start":{"line":130,"column":50},"end":{"line":130,"column":52}}],"line":130},"16":{"loc":{"start":{"line":131,"column":25},"end":{"line":131,"column":45}},"type":"binary-expr","locations":[{"start":{"line":131,"column":25},"end":{"line":131,"column":40}},{"start":{"line":131,"column":44},"end":{"line":131,"column":45}}],"line":131},"17":{"loc":{"start":{"line":132,"column":34},"end":{"line":132,"column":64}},"type":"binary-expr","locations":[{"start":{"line":132,"column":34},"end":{"line":132,"column":58}},{"start":{"line":132,"column":62},"end":{"line":132,"column":64}}],"line":132},"18":{"loc":{"start":{"line":133,"column":37},"end":{"line":133,"column":70}},"type":"binary-expr","locations":[{"start":{"line":133,"column":37},"end":{"line":133,"column":64}},{"start":{"line":133,"column":68},"end":{"line":133,"column":70}}],"line":133},"19":{"loc":{"start":{"line":134,"column":29},"end":{"line":134,"column":53}},"type":"binary-expr","locations":[{"start":{"line":134,"column":29},"end":{"line":134,"column":48}},{"start":{"line":134,"column":52},"end":{"line":134,"column":53}}],"line":134},"20":{"loc":{"start":{"line":135,"column":26},"end":{"line":135,"column":47}},"type":"binary-expr","locations":[{"start":{"line":135,"column":26},"end":{"line":135,"column":42}},{"start":{"line":135,"column":46},"end":{"line":135,"column":47}}],"line":135},"21":{"loc":{"start":{"line":136,"column":31},"end":{"line":136,"column":60}},"type":"binary-expr","locations":[{"start":{"line":136,"column":31},"end":{"line":136,"column":52}},{"start":{"line":136,"column":56},"end":{"line":136,"column":60}}],"line":136},"22":{"loc":{"start":{"line":137,"column":29},"end":{"line":137,"column":98}},"type":"binary-expr","locations":[{"start":{"line":137,"column":29},"end":{"line":137,"column":48}},{"start":{"line":137,"column":52},"end":{"line":137,"column":98}}],"line":137},"23":{"loc":{"start":{"line":157,"column":12},"end":{"line":161,"column":13}},"type":"if","locations":[{"start":{"line":157,"column":12},"end":{"line":161,"column":13}},{"start":{},"end":{}}],"line":157},"24":{"loc":{"start":{"line":177,"column":12},"end":{"line":180,"column":13}},"type":"if","locations":[{"start":{"line":177,"column":12},"end":{"line":180,"column":13}},{"start":{},"end":{}}],"line":177},"25":{"loc":{"start":{"line":187,"column":12},"end":{"line":187,"column":55}},"type":"if","locations":[{"start":{"line":187,"column":12},"end":{"line":187,"column":55}},{"start":{},"end":{}}],"line":187},"26":{"loc":{"start":{"line":201,"column":26},"end":{"line":201,"column":39}},"type":"default-arg","locations":[{"start":{"line":201,"column":34},"end":{"line":201,"column":39}}],"line":201},"27":{"loc":{"start":{"line":203,"column":8},"end":{"line":203,"column":72}},"type":"if","locations":[{"start":{"line":203,"column":8},"end":{"line":203,"column":72}},{"start":{},"end":{}}],"line":203},"28":{"loc":{"start":{"line":203,"column":12},"end":{"line":203,"column":57}},"type":"binary-expr","locations":[{"start":{"line":203,"column":12},"end":{"line":203,"column":18}},{"start":{"line":203,"column":22},"end":{"line":203,"column":57}}],"line":203},"29":{"loc":{"start":{"line":217,"column":8},"end":{"line":217,"column":90}},"type":"if","locations":[{"start":{"line":217,"column":8},"end":{"line":217,"column":90}},{"start":{},"end":{}}],"line":217},"30":{"loc":{"start":{"line":218,"column":8},"end":{"line":218,"column":98}},"type":"if","locations":[{"start":{"line":218,"column":8},"end":{"line":218,"column":98}},{"start":{},"end":{}}],"line":218},"31":{"loc":{"start":{"line":233,"column":20},"end":{"line":233,"column":35}},"type":"binary-expr","locations":[{"start":{"line":233,"column":20},"end":{"line":233,"column":30}},{"start":{"line":233,"column":34},"end":{"line":233,"column":35}}],"line":233},"32":{"loc":{"start":{"line":234,"column":8},"end":{"line":236,"column":9}},"type":"if","locations":[{"start":{"line":234,"column":8},"end":{"line":236,"column":9}},{"start":{},"end":{}}],"line":234},"33":{"loc":{"start":{"line":243,"column":8},"end":{"line":243,"column":39}},"type":"if","locations":[{"start":{"line":243,"column":8},"end":{"line":243,"column":39}},{"start":{},"end":{}}],"line":243},"34":{"loc":{"start":{"line":255,"column":8},"end":{"line":255,"column":60}},"type":"if","locations":[{"start":{"line":255,"column":8},"end":{"line":255,"column":60}},{"start":{},"end":{}}],"line":255},"35":{"loc":{"start":{"line":255,"column":12},"end":{"line":255,"column":51}},"type":"binary-expr","locations":[{"start":{"line":255,"column":12},"end":{"line":255,"column":23}},{"start":{"line":255,"column":27},"end":{"line":255,"column":51}}],"line":255},"36":{"loc":{"start":{"line":261,"column":8},"end":{"line":261,"column":60}},"type":"if","locations":[{"start":{"line":261,"column":8},"end":{"line":261,"column":60}},{"start":{},"end":{}}],"line":261},"37":{"loc":{"start":{"line":261,"column":12},"end":{"line":261,"column":51}},"type":"binary-expr","locations":[{"start":{"line":261,"column":12},"end":{"line":261,"column":24}},{"start":{"line":261,"column":28},"end":{"line":261,"column":51}}],"line":261},"38":{"loc":{"start":{"line":262,"column":8},"end":{"line":268,"column":9}},"type":"if","locations":[{"start":{"line":262,"column":8},"end":{"line":268,"column":9}},{"start":{},"end":{}}],"line":262},"39":{"loc":{"start":{"line":272,"column":8},"end":{"line":272,"column":61}},"type":"if","locations":[{"start":{"line":272,"column":8},"end":{"line":272,"column":61}},{"start":{},"end":{}}],"line":272},"40":{"loc":{"start":{"line":272,"column":12},"end":{"line":272,"column":52}},"type":"binary-expr","locations":[{"start":{"line":272,"column":12},"end":{"line":272,"column":24}},{"start":{"line":272,"column":28},"end":{"line":272,"column":52}}],"line":272},"41":{"loc":{"start":{"line":280,"column":12},"end":{"line":283,"column":13}},"type":"if","locations":[{"start":{"line":280,"column":12},"end":{"line":283,"column":13}},{"start":{},"end":{}}],"line":280},"42":{"loc":{"start":{"line":295,"column":12},"end":{"line":297,"column":13}},"type":"if","locations":[{"start":{"line":295,"column":12},"end":{"line":297,"column":13}},{"start":{},"end":{}}],"line":295},"43":{"loc":{"start":{"line":306,"column":8},"end":{"line":308,"column":9}},"type":"if","locations":[{"start":{"line":306,"column":8},"end":{"line":308,"column":9}},{"start":{},"end":{}}],"line":306},"44":{"loc":{"start":{"line":310,"column":8},"end":{"line":312,"column":9}},"type":"if","locations":[{"start":{"line":310,"column":8},"end":{"line":312,"column":9}},{"start":{},"end":{}}],"line":310},"45":{"loc":{"start":{"line":316,"column":28},"end":{"line":316,"column":48}},"type":"default-arg","locations":[{"start":{"line":316,"column":42},"end":{"line":316,"column":48}}],"line":316},"46":{"loc":{"start":{"line":318,"column":8},"end":{"line":328,"column":9}},"type":"if","locations":[{"start":{"line":318,"column":8},"end":{"line":328,"column":9}},{"start":{"line":322,"column":15},"end":{"line":328,"column":9}}],"line":318},"47":{"loc":{"start":{"line":332,"column":8},"end":{"line":332,"column":43}},"type":"if","locations":[{"start":{"line":332,"column":8},"end":{"line":332,"column":43}},{"start":{},"end":{}}],"line":332},"48":{"loc":{"start":{"line":340,"column":8},"end":{"line":342,"column":9}},"type":"if","locations":[{"start":{"line":340,"column":8},"end":{"line":342,"column":9}},{"start":{},"end":{}}],"line":340},"49":{"loc":{"start":{"line":347,"column":8},"end":{"line":350,"column":9}},"type":"if","locations":[{"start":{"line":347,"column":8},"end":{"line":350,"column":9}},{"start":{},"end":{}}],"line":347},"50":{"loc":{"start":{"line":354,"column":33},"end":{"line":354,"column":48}},"type":"binary-expr","locations":[{"start":{"line":354,"column":33},"end":{"line":354,"column":43}},{"start":{"line":354,"column":47},"end":{"line":354,"column":48}}],"line":354},"51":{"loc":{"start":{"line":364,"column":8},"end":{"line":367,"column":9}},"type":"if","locations":[{"start":{"line":364,"column":8},"end":{"line":367,"column":9}},{"start":{},"end":{}}],"line":364},"52":{"loc":{"start":{"line":375,"column":26},"end":{"line":375,"column":89}},"type":"cond-expr","locations":[{"start":{"line":375,"column":52},"end":{"line":375,"column":84}},{"start":{"line":375,"column":88},"end":{"line":375,"column":89}}],"line":375}},"s":{"0":5,"1":5,"2":64,"3":5,"4":5,"5":54,"6":54,"7":54,"8":54,"9":54,"10":54,"11":54,"12":54,"13":54,"14":54,"15":54,"16":54,"17":54,"18":31,"19":54,"20":54,"21":28,"22":28,"23":243,"24":2,"25":2,"26":2,"27":2,"28":2,"29":28,"30":54,"31":31,"32":31,"33":1,"34":0,"35":1,"36":1,"37":1,"38":0,"39":1,"40":0,"41":31,"42":54,"43":27,"44":0,"45":54,"46":1,"47":1,"48":1,"49":1,"50":0,"51":0,"52":54,"53":1,"54":1,"55":1,"56":1,"57":1,"58":1,"59":1,"60":1,"61":1,"62":1,"63":1,"64":1,"65":1,"66":1,"67":1,"68":1,"69":0,"70":0,"71":0,"72":54,"73":2,"74":2,"75":2,"76":2,"77":2,"78":2,"79":0,"80":0,"81":0,"82":2,"83":2,"84":54,"85":4,"86":4,"87":4,"88":4,"89":4,"90":2,"91":2,"92":2,"93":4,"94":54,"95":2,"96":2,"97":1,"98":1,"99":54,"100":2,"101":2,"102":54,"103":5,"104":5,"105":54,"106":2,"107":2,"108":0,"109":2,"110":2,"111":2,"112":2,"113":54,"114":2,"115":1,"116":1,"117":0,"118":1,"119":1,"120":1,"121":1,"122":1,"123":1,"124":2,"125":2,"126":1,"127":54,"128":1,"129":1,"130":1,"131":1,"132":1,"133":1,"134":1,"135":0,"136":54,"137":2,"138":2,"139":1,"140":1,"141":1,"142":1,"143":54,"144":1,"145":54,"146":1,"147":0,"148":1,"149":1,"150":54,"151":16,"152":0,"153":16,"154":16,"155":16,"156":16,"157":16,"158":54,"159":1,"160":0,"161":1,"162":1,"163":1,"164":1,"165":1,"166":1,"167":0,"168":0,"169":1,"170":1,"171":54,"172":1,"173":1,"174":1,"175":1,"176":1,"177":1,"178":1,"179":1,"180":0,"181":0,"182":1,"183":54,"184":1,"185":1,"186":1,"187":0,"188":0,"189":1,"190":0,"191":1,"192":54,"193":3,"194":2,"195":2,"196":2,"197":2,"198":1,"199":1,"200":1,"201":1,"202":54,"203":2,"204":0,"205":2,"206":2,"207":2,"208":2,"209":2,"210":2,"211":2,"212":2,"213":0,"214":0,"215":54,"216":1,"217":1,"218":1,"219":1,"220":1,"221":1,"222":54,"223":0,"224":0,"225":0,"226":0,"227":0,"228":54,"229":1,"230":1,"231":1,"232":1,"233":1,"234":54,"235":1,"236":0,"237":0,"238":0,"239":1,"240":54,"241":54,"242":54,"243":54,"244":54,"245":54},"f":{"0":64,"1":54,"2":31,"3":28,"4":243,"5":31,"6":1,"7":27,"8":1,"9":1,"10":2,"11":2,"12":0,"13":4,"14":4,"15":2,"16":2,"17":2,"18":2,"19":2,"20":5,"21":5,"22":2,"23":2,"24":1,"25":1,"26":1,"27":2,"28":2,"29":1,"30":1,"31":1,"32":0,"33":2,"34":1,"35":1,"36":1,"37":16,"38":16,"39":1,"40":1,"41":1,"42":0,"43":1,"44":1,"45":1,"46":1,"47":0,"48":1,"49":0,"50":3,"51":2,"52":1,"53":2,"54":2,"55":2,"56":2,"57":0,"58":1,"59":1,"60":1,"61":0,"62":0,"63":0,"64":0,"65":1,"66":1,"67":1,"68":1,"69":1,"70":0},"b":{"0":[2,241],"1":[2,1],"2":[2,0],"3":[2,1],"4":[2,2],"5":[2,2],"6":[0,1],"7":[1,0],"8":[0,1],"9":[0,1],"10":[0,27],"11":[1,0],"12":[1,0],"13":[1,1],"14":[1,1],"15":[1,1],"16":[1,1],"17":[1,0],"18":[1,1],"19":[1,1],"20":[1,1],"21":[1,1],"22":[1,1],"23":[0,2],"24":[2,2],"25":[1,1],"26":[0],"27":[0,2],"28":[2,0],"29":[1,1],"30":[0,1],"31":[1,0],"32":[1,0],"33":[1,1],"34":[0,1],"35":[1,0],"36":[0,16],"37":[16,16],"38":[16,0],"39":[0,1],"40":[1,1],"41":[0,1],"42":[0,1],"43":[0,1],"44":[0,1],"45":[0],"46":[2,1],"47":[0,2],"48":[0,2],"49":[1,0],"50":[0,0],"51":[0,1],"52":[54,0]},"_coverageSchema":"1a1c01bbd47fc00a2c39e90264f33305004495a9","hash":"1c87dbed6bf8bc9f9807f9a43defa7f83cbdedfa"}
,"/home/Derrik/Development/data6570/rpg-expo-app/src/screens/ChallengeBossScreen.js": {"path":"/home/Derrik/Development/data6570/rpg-expo-app/src/screens/ChallengeBossScreen.js","statementMap":{"0":{"start":{"line":8,"column":28},"end":{"line":130,"column":1}},"1":{"start":{"line":9,"column":99},"end":{"line":9,"column":108}},"2":{"start":{"line":10,"column":40},"end":{"line":10,"column":55}},"3":{"start":{"line":11,"column":38},"end":{"line":11,"column":49}},"4":{"start":{"line":12,"column":32},"end":{"line":12,"column":46}},"5":{"start":{"line":13,"column":34},"end":{"line":13,"column":46}},"6":{"start":{"line":14,"column":42},"end":{"line":14,"column":57}},"7":{"start":{"line":16,"column":4},"end":{"line":30,"column":46}},"8":{"start":{"line":18,"column":8},"end":{"line":28,"column":9}},"9":{"start":{"line":19,"column":12},"end":{"line":21,"column":21}},"10":{"start":{"line":20,"column":16},"end":{"line":20,"column":49}},"11":{"start":{"line":20,"column":39},"end":{"line":20,"column":47}},"12":{"start":{"line":22,"column":15},"end":{"line":28,"column":9}},"13":{"start":{"line":24,"column":28},"end":{"line":24,"column":42}},"14":{"start":{"line":25,"column":12},"end":{"line":25,"column":54}},"15":{"start":{"line":26,"column":12},"end":{"line":26,"column":88}},"16":{"start":{"line":27,"column":12},"end":{"line":27,"column":33}},"17":{"start":{"line":29,"column":8},"end":{"line":29,"column":45}},"18":{"start":{"line":29,"column":21},"end":{"line":29,"column":44}},"19":{"start":{"line":32,"column":28},"end":{"line":37,"column":5}},"20":{"start":{"line":33,"column":8},"end":{"line":33,"column":24}},"21":{"start":{"line":34,"column":8},"end":{"line":34,"column":24}},"22":{"start":{"line":35,"column":8},"end":{"line":35,"column":28}},"23":{"start":{"line":36,"column":8},"end":{"line":36,"column":30}},"24":{"start":{"line":39,"column":20},"end":{"line":39,"column":62}},"25":{"start":{"line":39,"column":42},"end":{"line":39,"column":61}},"26":{"start":{"line":41,"column":28},"end":{"line":44,"column":5}},"27":{"start":{"line":42,"column":8},"end":{"line":42,"column":30}},"28":{"start":{"line":43,"column":8},"end":{"line":43,"column":30}},"29":{"start":{"line":46,"column":4},"end":{"line":129,"column":6}},"30":{"start":{"line":57,"column":28},"end":{"line":59,"column":35}},"31":{"start":{"line":90,"column":94},"end":{"line":90,"column":114}},"32":{"start":{"line":102,"column":40},"end":{"line":107,"column":59}},"33":{"start":{"line":102,"column":107},"end":{"line":102,"column":125}},"34":{"start":{"line":110,"column":93},"end":{"line":110,"column":114}},"35":{"start":{"line":132,"column":15},"end":{"line":316,"column":2}}},"fnMap":{"0":{"name":"(anonymous_0)","decl":{"start":{"line":8,"column":28},"end":{"line":8,"column":29}},"loc":{"start":{"line":8,"column":34},"end":{"line":130,"column":1}},"line":8},"1":{"name":"(anonymous_1)","decl":{"start":{"line":16,"column":14},"end":{"line":16,"column":15}},"loc":{"start":{"line":16,"column":20},"end":{"line":30,"column":5}},"line":16},"2":{"name":"(anonymous_2)","decl":{"start":{"line":19,"column":35},"end":{"line":19,"column":36}},"loc":{"start":{"line":19,"column":41},"end":{"line":21,"column":13}},"line":19},"3":{"name":"(anonymous_3)","decl":{"start":{"line":20,"column":29},"end":{"line":20,"column":30}},"loc":{"start":{"line":20,"column":39},"end":{"line":20,"column":47}},"line":20},"4":{"name":"(anonymous_4)","decl":{"start":{"line":29,"column":15},"end":{"line":29,"column":16}},"loc":{"start":{"line":29,"column":21},"end":{"line":29,"column":44}},"line":29},"5":{"name":"(anonymous_5)","decl":{"start":{"line":32,"column":28},"end":{"line":32,"column":29}},"loc":{"start":{"line":32,"column":34},"end":{"line":37,"column":5}},"line":32},"6":{"name":"(anonymous_6)","decl":{"start":{"line":39,"column":37},"end":{"line":39,"column":38}},"loc":{"start":{"line":39,"column":42},"end":{"line":39,"column":61}},"line":39},"7":{"name":"(anonymous_7)","decl":{"start":{"line":41,"column":28},"end":{"line":41,"column":29}},"loc":{"start":{"line":41,"column":40},"end":{"line":44,"column":5}},"line":41},"8":{"name":"(anonymous_8)","decl":{"start":{"line":56,"column":43},"end":{"line":56,"column":44}},"loc":{"start":{"line":57,"column":28},"end":{"line":59,"column":35}},"line":57},"9":{"name":"(anonymous_9)","decl":{"start":{"line":90,"column":88},"end":{"line":90,"column":89}},"loc":{"start":{"line":90,"column":94},"end":{"line":90,"column":114}},"line":90},"10":{"name":"(anonymous_10)","decl":{"start":{"line":101,"column":48},"end":{"line":101,"column":49}},"loc":{"start":{"line":102,"column":40},"end":{"line":107,"column":59}},"line":102},"11":{"name":"(anonymous_11)","decl":{"start":{"line":102,"column":101},"end":{"line":102,"column":102}},"loc":{"start":{"line":102,"column":107},"end":{"line":102,"column":125}},"line":102},"12":{"name":"(anonymous_12)","decl":{"start":{"line":110,"column":87},"end":{"line":110,"column":88}},"loc":{"start":{"line":110,"column":93},"end":{"line":110,"column":114}},"line":110}},"branchMap":{"0":{"loc":{"start":{"line":18,"column":8},"end":{"line":28,"column":9}},"type":"if","locations":[{"start":{"line":18,"column":8},"end":{"line":28,"column":9}},{"start":{"line":22,"column":15},"end":{"line":28,"column":9}}],"line":18},"1":{"loc":{"start":{"line":18,"column":12},"end":{"line":18,"column":39}},"type":"binary-expr","locations":[{"start":{"line":18,"column":12},"end":{"line":18,"column":22}},{"start":{"line":18,"column":26},"end":{"line":18,"column":39}}],"line":18},"2":{"loc":{"start":{"line":22,"column":15},"end":{"line":28,"column":9}},"type":"if","locations":[{"start":{"line":22,"column":15},"end":{"line":28,"column":9}},{"start":{},"end":{}}],"line":22},"3":{"loc":{"start":{"line":22,"column":19},"end":{"line":22,"column":48}},"type":"binary-expr","locations":[{"start":{"line":22,"column":19},"end":{"line":22,"column":29}},{"start":{"line":22,"column":33},"end":{"line":22,"column":48}}],"line":22},"4":{"loc":{"start":{"line":25,"column":22},"end":{"line":25,"column":52}},"type":"cond-expr","locations":[{"start":{"line":25,"column":32},"end":{"line":25,"column":41}},{"start":{"line":25,"column":44},"end":{"line":25,"column":52}}],"line":25},"5":{"loc":{"start":{"line":26,"column":23},"end":{"line":26,"column":86}},"type":"cond-expr","locations":[{"start":{"line":26,"column":33},"end":{"line":26,"column":57}},{"start":{"line":26,"column":60},"end":{"line":26,"column":86}}],"line":26},"6":{"loc":{"start":{"line":53,"column":17},"end":{"line":64,"column":17}},"type":"cond-expr","locations":[{"start":{"line":54,"column":20},"end":{"line":61,"column":27}},{"start":{"line":63,"column":20},"end":{"line":63,"column":77}}],"line":53},"7":{"loc":{"start":{"line":53,"column":17},"end":{"line":53,"column":58}},"type":"binary-expr","locations":[{"start":{"line":53,"column":17},"end":{"line":53,"column":30}},{"start":{"line":53,"column":34},"end":{"line":53,"column":58}}],"line":53},"8":{"loc":{"start":{"line":74,"column":17},"end":{"line":116,"column":17}},"type":"cond-expr","locations":[{"start":{"line":75,"column":20},"end":{"line":79,"column":27}},{"start":{"line":81,"column":20},"end":{"line":115,"column":27}}],"line":74},"9":{"loc":{"start":{"line":82,"column":25},"end":{"line":87,"column":25}},"type":"binary-expr","locations":[{"start":{"line":82,"column":25},"end":{"line":82,"column":31}},{"start":{"line":83,"column":28},"end":{"line":86,"column":35}}],"line":82},"10":{"loc":{"start":{"line":83,"column":60},"end":{"line":83,"column":113}},"type":"cond-expr","locations":[{"start":{"line":83,"column":83},"end":{"line":83,"column":97}},{"start":{"line":83,"column":100},"end":{"line":83,"column":113}}],"line":83},"11":{"loc":{"start":{"line":89,"column":25},"end":{"line":93,"column":25}},"type":"binary-expr","locations":[{"start":{"line":89,"column":25},"end":{"line":89,"column":37}},{"start":{"line":90,"column":28},"end":{"line":92,"column":47}}],"line":89},"12":{"loc":{"start":{"line":95,"column":25},"end":{"line":114,"column":25}},"type":"binary-expr","locations":[{"start":{"line":95,"column":25},"end":{"line":95,"column":36}},{"start":{"line":96,"column":28},"end":{"line":113,"column":35}}],"line":95},"13":{"loc":{"start":{"line":98,"column":33},"end":{"line":109,"column":33}},"type":"cond-expr","locations":[{"start":{"line":99,"column":36},"end":{"line":99,"column":101}},{"start":{"line":101,"column":36},"end":{"line":108,"column":38}}],"line":98},"14":{"loc":{"start":{"line":121,"column":52},"end":{"line":121,"column":104}},"type":"binary-expr","locations":[{"start":{"line":121,"column":53},"end":{"line":121,"column":63}},{"start":{"line":121,"column":67},"end":{"line":121,"column":78}},{"start":{"line":121,"column":83},"end":{"line":121,"column":104}}],"line":121},"15":{"loc":{"start":{"line":123,"column":30},"end":{"line":123,"column":55}},"type":"binary-expr","locations":[{"start":{"line":123,"column":30},"end":{"line":123,"column":40}},{"start":{"line":123,"column":44},"end":{"line":123,"column":55}}],"line":123},"16":{"loc":{"start":{"line":125,"column":53},"end":{"line":125,"column":98}},"type":"cond-expr","locations":[{"start":{"line":125,"column":66},"end":{"line":125,"column":79}},{"start":{"line":125,"column":82},"end":{"line":125,"column":98}}],"line":125}},"s":{"0":1,"1":5,"2":5,"3":5,"4":5,"5":5,"6":5,"7":5,"8":5,"9":1,"10":5,"11":5,"12":4,"13":1,"14":1,"15":1,"16":1,"17":5,"18":5,"19":5,"20":1,"21":1,"22":1,"23":1,"24":5,"25":0,"26":5,"27":0,"28":0,"29":5,"30":0,"31":0,"32":0,"33":0,"34":0,"35":1},"f":{"0":5,"1":5,"2":5,"3":5,"4":5,"5":1,"6":0,"7":0,"8":0,"9":0,"10":0,"11":0,"12":0},"b":{"0":[1,4],"1":[5,2],"2":[1,3],"3":[4,1],"4":[0,1],"5":[0,1],"6":[0,5],"7":[5,5],"8":[2,3],"9":[3,1],"10":[0,1],"11":[3,3],"12":[3,0],"13":[0,0],"14":[5,3,2],"15":[5,3],"16":[2,3]},"_coverageSchema":"1a1c01bbd47fc00a2c39e90264f33305004495a9","hash":"2575273389e1b2313ad6911a9304f5d931622893"}
,"/home/Derrik/Development/data6570/rpg-expo-app/src/screens/ExploreDungeonScreen.js": {"path":"/home/Derrik/Development/data6570/rpg-expo-app/src/screens/ExploreDungeonScreen.js","statementMap":{"0":{"start":{"line":12,"column":29},"end":{"line":144,"column":1}},"1":{"start":{"line":13,"column":70},"end":{"line":13,"column":79}},"2":{"start":{"line":14,"column":42},"end":{"line":14,"column":57}},"3":{"start":{"line":15,"column":30},"end":{"line":15,"column":41}},"4":{"start":{"line":16,"column":26},"end":{"line":16,"column":38}},"5":{"start":{"line":17,"column":34},"end":{"line":17,"column":46}},"6":{"start":{"line":18,"column":56},"end":{"line":18,"column":72}},"7":{"start":{"line":20,"column":28},"end":{"line":20,"column":61}},"8":{"start":{"line":22,"column":4},"end":{"line":28,"column":51}},"9":{"start":{"line":24,"column":25},"end":{"line":24,"column":45}},"10":{"start":{"line":25,"column":26},"end":{"line":25,"column":59}},"11":{"start":{"line":26,"column":24},"end":{"line":26,"column":75}},"12":{"start":{"line":27,"column":8},"end":{"line":27,"column":28}},"13":{"start":{"line":30,"column":4},"end":{"line":48,"column":65}},"14":{"start":{"line":32,"column":8},"end":{"line":46,"column":9}},"15":{"start":{"line":33,"column":12},"end":{"line":35,"column":21}},"16":{"start":{"line":34,"column":16},"end":{"line":34,"column":45}},"17":{"start":{"line":34,"column":35},"end":{"line":34,"column":43}},"18":{"start":{"line":36,"column":15},"end":{"line":46,"column":9}},"19":{"start":{"line":38,"column":27},"end":{"line":38,"column":61}},"20":{"start":{"line":40,"column":12},"end":{"line":44,"column":13}},"21":{"start":{"line":41,"column":16},"end":{"line":41,"column":112}},"22":{"start":{"line":41,"column":31},"end":{"line":41,"column":110}},"23":{"start":{"line":43,"column":16},"end":{"line":43,"column":173}},"24":{"start":{"line":43,"column":31},"end":{"line":43,"column":171}},"25":{"start":{"line":45,"column":12},"end":{"line":45,"column":34}},"26":{"start":{"line":47,"column":8},"end":{"line":47,"column":45}},"27":{"start":{"line":47,"column":21},"end":{"line":47,"column":44}},"28":{"start":{"line":50,"column":26},"end":{"line":60,"column":5}},"29":{"start":{"line":51,"column":8},"end":{"line":57,"column":9}},"30":{"start":{"line":52,"column":28},"end":{"line":52,"column":58}},"31":{"start":{"line":53,"column":12},"end":{"line":56,"column":13}},"32":{"start":{"line":54,"column":16},"end":{"line":54,"column":113}},"33":{"start":{"line":55,"column":16},"end":{"line":55,"column":23}},"34":{"start":{"line":58,"column":8},"end":{"line":58,"column":26}},"35":{"start":{"line":59,"column":8},"end":{"line":59,"column":29}},"36":{"start":{"line":62,"column":34},"end":{"line":94,"column":5}},"37":{"start":{"line":63,"column":8},"end":{"line":93,"column":15}},"38":{"start":{"line":68,"column":35},"end":{"line":68,"column":80}},"39":{"start":{"line":74,"column":35},"end":{"line":74,"column":88}},"40":{"start":{"line":82,"column":35},"end":{"line":82,"column":87}},"41":{"start":{"line":88,"column":35},"end":{"line":88,"column":87}},"42":{"start":{"line":96,"column":4},"end":{"line":143,"column":6}},"43":{"start":{"line":127,"column":50},"end":{"line":127,"column":93}},"44":{"start":{"line":128,"column":55},"end":{"line":128,"column":71}},"45":{"start":{"line":146,"column":15},"end":{"line":291,"column":2}}},"fnMap":{"0":{"name":"(anonymous_0)","decl":{"start":{"line":12,"column":29},"end":{"line":12,"column":30}},"loc":{"start":{"line":12,"column":35},"end":{"line":144,"column":1}},"line":12},"1":{"name":"(anonymous_1)","decl":{"start":{"line":22,"column":14},"end":{"line":22,"column":15}},"loc":{"start":{"line":22,"column":20},"end":{"line":28,"column":5}},"line":22},"2":{"name":"(anonymous_2)","decl":{"start":{"line":30,"column":14},"end":{"line":30,"column":15}},"loc":{"start":{"line":30,"column":20},"end":{"line":48,"column":5}},"line":30},"3":{"name":"(anonymous_3)","decl":{"start":{"line":33,"column":35},"end":{"line":33,"column":36}},"loc":{"start":{"line":33,"column":41},"end":{"line":35,"column":13}},"line":33},"4":{"name":"(anonymous_4)","decl":{"start":{"line":34,"column":25},"end":{"line":34,"column":26}},"loc":{"start":{"line":34,"column":35},"end":{"line":34,"column":43}},"line":34},"5":{"name":"(anonymous_5)","decl":{"start":{"line":41,"column":23},"end":{"line":41,"column":24}},"loc":{"start":{"line":41,"column":31},"end":{"line":41,"column":110}},"line":41},"6":{"name":"(anonymous_6)","decl":{"start":{"line":43,"column":23},"end":{"line":43,"column":24}},"loc":{"start":{"line":43,"column":31},"end":{"line":43,"column":171}},"line":43},"7":{"name":"(anonymous_7)","decl":{"start":{"line":47,"column":15},"end":{"line":47,"column":16}},"loc":{"start":{"line":47,"column":21},"end":{"line":47,"column":44}},"line":47},"8":{"name":"(anonymous_8)","decl":{"start":{"line":50,"column":26},"end":{"line":50,"column":27}},"loc":{"start":{"line":50,"column":32},"end":{"line":60,"column":5}},"line":50},"9":{"name":"(anonymous_9)","decl":{"start":{"line":62,"column":34},"end":{"line":62,"column":35}},"loc":{"start":{"line":63,"column":8},"end":{"line":93,"column":15}},"line":63},"10":{"name":"(anonymous_10)","decl":{"start":{"line":68,"column":29},"end":{"line":68,"column":30}},"loc":{"start":{"line":68,"column":35},"end":{"line":68,"column":80}},"line":68},"11":{"name":"(anonymous_11)","decl":{"start":{"line":74,"column":29},"end":{"line":74,"column":30}},"loc":{"start":{"line":74,"column":35},"end":{"line":74,"column":88}},"line":74},"12":{"name":"(anonymous_12)","decl":{"start":{"line":82,"column":29},"end":{"line":82,"column":30}},"loc":{"start":{"line":82,"column":35},"end":{"line":82,"column":87}},"line":82},"13":{"name":"(anonymous_13)","decl":{"start":{"line":88,"column":29},"end":{"line":88,"column":30}},"loc":{"start":{"line":88,"column":35},"end":{"line":88,"column":87}},"line":88},"14":{"name":"(anonymous_14)","decl":{"start":{"line":127,"column":36},"end":{"line":127,"column":37}},"loc":{"start":{"line":127,"column":50},"end":{"line":127,"column":93}},"line":127},"15":{"name":"(anonymous_15)","decl":{"start":{"line":128,"column":38},"end":{"line":128,"column":39}},"loc":{"start":{"line":128,"column":55},"end":{"line":128,"column":71}},"line":128}},"branchMap":{"0":{"loc":{"start":{"line":25,"column":27},"end":{"line":25,"column":52}},"type":"binary-expr","locations":[{"start":{"line":25,"column":27},"end":{"line":25,"column":47}},{"start":{"line":25,"column":51},"end":{"line":25,"column":52}}],"line":25},"1":{"loc":{"start":{"line":32,"column":8},"end":{"line":46,"column":9}},"type":"if","locations":[{"start":{"line":32,"column":8},"end":{"line":46,"column":9}},{"start":{"line":36,"column":15},"end":{"line":46,"column":9}}],"line":32},"2":{"loc":{"start":{"line":32,"column":12},"end":{"line":32,"column":36}},"type":"binary-expr","locations":[{"start":{"line":32,"column":12},"end":{"line":32,"column":23}},{"start":{"line":32,"column":27},"end":{"line":32,"column":36}}],"line":32},"3":{"loc":{"start":{"line":36,"column":15},"end":{"line":46,"column":9}},"type":"if","locations":[{"start":{"line":36,"column":15},"end":{"line":46,"column":9}},{"start":{},"end":{}}],"line":36},"4":{"loc":{"start":{"line":36,"column":19},"end":{"line":36,"column":45}},"type":"binary-expr","locations":[{"start":{"line":36,"column":19},"end":{"line":36,"column":30}},{"start":{"line":36,"column":34},"end":{"line":36,"column":45}}],"line":36},"5":{"loc":{"start":{"line":40,"column":12},"end":{"line":44,"column":13}},"type":"if","locations":[{"start":{"line":40,"column":12},"end":{"line":44,"column":13}},{"start":{"line":42,"column":19},"end":{"line":44,"column":13}}],"line":40},"6":{"loc":{"start":{"line":43,"column":63},"end":{"line":43,"column":89}},"type":"binary-expr","locations":[{"start":{"line":43,"column":63},"end":{"line":43,"column":84}},{"start":{"line":43,"column":88},"end":{"line":43,"column":89}}],"line":43},"7":{"loc":{"start":{"line":43,"column":99},"end":{"line":43,"column":123}},"type":"binary-expr","locations":[{"start":{"line":43,"column":99},"end":{"line":43,"column":118}},{"start":{"line":43,"column":122},"end":{"line":43,"column":123}}],"line":43},"8":{"loc":{"start":{"line":43,"column":133},"end":{"line":43,"column":158}},"type":"binary-expr","locations":[{"start":{"line":43,"column":133},"end":{"line":43,"column":153}},{"start":{"line":43,"column":157},"end":{"line":43,"column":158}}],"line":43},"9":{"loc":{"start":{"line":51,"column":8},"end":{"line":57,"column":9}},"type":"if","locations":[{"start":{"line":51,"column":8},"end":{"line":57,"column":9}},{"start":{},"end":{}}],"line":51},"10":{"loc":{"start":{"line":53,"column":12},"end":{"line":56,"column":13}},"type":"if","locations":[{"start":{"line":53,"column":12},"end":{"line":56,"column":13}},{"start":{},"end":{}}],"line":53},"11":{"loc":{"start":{"line":67,"column":50},"end":{"line":67,"column":105}},"type":"binary-expr","locations":[{"start":{"line":67,"column":50},"end":{"line":67,"column":79}},{"start":{"line":67,"column":83},"end":{"line":67,"column":105}}],"line":67},"12":{"loc":{"start":{"line":68,"column":35},"end":{"line":68,"column":80}},"type":"binary-expr","locations":[{"start":{"line":68,"column":35},"end":{"line":68,"column":47}},{"start":{"line":68,"column":51},"end":{"line":68,"column":80}}],"line":68},"13":{"loc":{"start":{"line":73,"column":50},"end":{"line":73,"column":113}},"type":"binary-expr","locations":[{"start":{"line":73,"column":50},"end":{"line":73,"column":87}},{"start":{"line":73,"column":91},"end":{"line":73,"column":113}}],"line":73},"14":{"loc":{"start":{"line":74,"column":35},"end":{"line":74,"column":88}},"type":"binary-expr","locations":[{"start":{"line":74,"column":35},"end":{"line":74,"column":47}},{"start":{"line":74,"column":51},"end":{"line":74,"column":88}}],"line":74},"15":{"loc":{"start":{"line":81,"column":50},"end":{"line":81,"column":112}},"type":"binary-expr","locations":[{"start":{"line":81,"column":50},"end":{"line":81,"column":86}},{"start":{"line":81,"column":90},"end":{"line":81,"column":112}}],"line":81},"16":{"loc":{"start":{"line":82,"column":35},"end":{"line":82,"column":87}},"type":"binary-expr","locations":[{"start":{"line":82,"column":35},"end":{"line":82,"column":47}},{"start":{"line":82,"column":51},"end":{"line":82,"column":87}}],"line":82},"17":{"loc":{"start":{"line":87,"column":50},"end":{"line":87,"column":112}},"type":"binary-expr","locations":[{"start":{"line":87,"column":50},"end":{"line":87,"column":86}},{"start":{"line":87,"column":90},"end":{"line":87,"column":112}}],"line":87},"18":{"loc":{"start":{"line":88,"column":35},"end":{"line":88,"column":87}},"type":"binary-expr","locations":[{"start":{"line":88,"column":35},"end":{"line":88,"column":47}},{"start":{"line":88,"column":51},"end":{"line":88,"column":87}}],"line":88},"19":{"loc":{"start":{"line":102,"column":17},"end":{"line":104,"column":17}},"type":"binary-expr","locations":[{"start":{"line":102,"column":17},"end":{"line":102,"column":41}},{"start":{"line":103,"column":20},"end":{"line":103,"column":100}}],"line":102},"20":{"loc":{"start":{"line":110,"column":17},"end":{"line":121,"column":17}},"type":"cond-expr","locations":[{"start":{"line":111,"column":20},"end":{"line":115,"column":27}},{"start":{"line":117,"column":20},"end":{"line":120,"column":27}}],"line":110},"21":{"loc":{"start":{"line":119,"column":25},"end":{"line":119,"column":124}},"type":"binary-expr","locations":[{"start":{"line":119,"column":25},"end":{"line":119,"column":49}},{"start":{"line":119,"column":53},"end":{"line":119,"column":124}}],"line":119},"22":{"loc":{"start":{"line":134,"column":46},"end":{"line":134,"column":82}},"type":"binary-expr","locations":[{"start":{"line":134,"column":46},"end":{"line":134,"column":57}},{"start":{"line":134,"column":61},"end":{"line":134,"column":82}}],"line":134},"23":{"loc":{"start":{"line":139,"column":21},"end":{"line":139,"column":75}},"type":"cond-expr","locations":[{"start":{"line":139,"column":35},"end":{"line":139,"column":49}},{"start":{"line":139,"column":52},"end":{"line":139,"column":75}}],"line":139}},"s":{"0":1,"1":11,"2":11,"3":11,"4":11,"5":11,"6":11,"7":11,"8":11,"9":6,"10":6,"11":6,"12":6,"13":11,"14":9,"15":1,"16":15,"17":15,"18":8,"19":1,"20":1,"21":0,"22":0,"23":1,"24":1,"25":1,"26":9,"27":9,"28":11,"29":2,"30":1,"31":1,"32":1,"33":1,"34":1,"35":1,"36":11,"37":11,"38":1,"39":2,"40":0,"41":0,"42":11,"43":1,"44":2,"45":1},"f":{"0":11,"1":6,"2":9,"3":15,"4":15,"5":0,"6":1,"7":9,"8":2,"9":11,"10":1,"11":2,"12":0,"13":0,"14":1,"15":2},"b":{"0":[6,6],"1":[1,8],"2":[9,2],"3":[1,7],"4":[8,1],"5":[0,1],"6":[1,0],"7":[1,0],"8":[1,0],"9":[1,1],"10":[1,0],"11":[11,7],"12":[1,1],"13":[11,4],"14":[2,2],"15":[11,0],"16":[0,0],"17":[11,0],"18":[0,0],"19":[11,0],"20":[2,9],"21":[9,4],"22":[11,2],"23":[2,9]},"_coverageSchema":"1a1c01bbd47fc00a2c39e90264f33305004495a9","hash":"16deb8afca9fd6432d18939d58188ccbb5c514f6"}
,"/home/Derrik/Development/data6570/rpg-expo-app/src/screens/GearScreen.js": {"path":"/home/Derrik/Development/data6570/rpg-expo-app/src/screens/GearScreen.js","statementMap":{"0":{"start":{"line":9,"column":19},"end":{"line":101,"column":1}},"1":{"start":{"line":10,"column":95},"end":{"line":10,"column":104}},"2":{"start":{"line":12,"column":31},"end":{"line":37,"column":5}},"3":{"start":{"line":13,"column":21},"end":{"line":13,"column":35}},"4":{"start":{"line":14,"column":8},"end":{"line":36,"column":10}},"5":{"start":{"line":18,"column":31},"end":{"line":18,"column":56}},"6":{"start":{"line":39,"column":33},"end":{"line":46,"column":5}},"7":{"start":{"line":40,"column":8},"end":{"line":44,"column":9}},"8":{"start":{"line":43,"column":12},"end":{"line":43,"column":19}},"9":{"start":{"line":45,"column":8},"end":{"line":45,"column":24}},"10":{"start":{"line":48,"column":32},"end":{"line":70,"column":5}},"11":{"start":{"line":49,"column":8},"end":{"line":69,"column":15}},"12":{"start":{"line":50,"column":74},"end":{"line":50,"column":100}},"13":{"start":{"line":72,"column":4},"end":{"line":100,"column":6}},"14":{"start":{"line":87,"column":40},"end":{"line":87,"column":64}},"15":{"start":{"line":94,"column":40},"end":{"line":94,"column":47}},"16":{"start":{"line":103,"column":15},"end":{"line":226,"column":2}}},"fnMap":{"0":{"name":"(anonymous_0)","decl":{"start":{"line":9,"column":19},"end":{"line":9,"column":20}},"loc":{"start":{"line":9,"column":25},"end":{"line":101,"column":1}},"line":9},"1":{"name":"(anonymous_1)","decl":{"start":{"line":12,"column":31},"end":{"line":12,"column":32}},"loc":{"start":{"line":12,"column":41},"end":{"line":37,"column":5}},"line":12},"2":{"name":"(anonymous_2)","decl":{"start":{"line":18,"column":25},"end":{"line":18,"column":26}},"loc":{"start":{"line":18,"column":31},"end":{"line":18,"column":56}},"line":18},"3":{"name":"(anonymous_3)","decl":{"start":{"line":39,"column":33},"end":{"line":39,"column":34}},"loc":{"start":{"line":39,"column":43},"end":{"line":46,"column":5}},"line":39},"4":{"name":"(anonymous_4)","decl":{"start":{"line":48,"column":32},"end":{"line":48,"column":33}},"loc":{"start":{"line":49,"column":8},"end":{"line":69,"column":15}},"line":49},"5":{"name":"(anonymous_5)","decl":{"start":{"line":50,"column":68},"end":{"line":50,"column":69}},"loc":{"start":{"line":50,"column":74},"end":{"line":50,"column":100}},"line":50},"6":{"name":"(anonymous_6)","decl":{"start":{"line":87,"column":32},"end":{"line":87,"column":33}},"loc":{"start":{"line":87,"column":40},"end":{"line":87,"column":64}},"line":87},"7":{"name":"(anonymous_7)","decl":{"start":{"line":94,"column":30},"end":{"line":94,"column":31}},"loc":{"start":{"line":94,"column":40},"end":{"line":94,"column":47}},"line":94}},"branchMap":{"0":{"loc":{"start":{"line":17,"column":37},"end":{"line":17,"column":80}},"type":"cond-expr","locations":[{"start":{"line":17,"column":44},"end":{"line":17,"column":61}},{"start":{"line":17,"column":64},"end":{"line":17,"column":80}}],"line":17},"1":{"loc":{"start":{"line":18,"column":31},"end":{"line":18,"column":56}},"type":"binary-expr","locations":[{"start":{"line":18,"column":31},"end":{"line":18,"column":35}},{"start":{"line":18,"column":39},"end":{"line":18,"column":56}}],"line":18},"2":{"loc":{"start":{"line":22,"column":17},"end":{"line":34,"column":17}},"type":"cond-expr","locations":[{"start":{"line":23,"column":20},"end":{"line":31,"column":27}},{"start":{"line":33,"column":20},"end":{"line":33,"column":63}}],"line":22},"3":{"loc":{"start":{"line":26,"column":29},"end":{"line":26,"column":87}},"type":"cond-expr","locations":[{"start":{"line":26,"column":51},"end":{"line":26,"column":82}},{"start":{"line":26,"column":85},"end":{"line":26,"column":87}}],"line":26},"4":{"loc":{"start":{"line":27,"column":29},"end":{"line":27,"column":83}},"type":"cond-expr","locations":[{"start":{"line":27,"column":49},"end":{"line":27,"column":78}},{"start":{"line":27,"column":81},"end":{"line":27,"column":83}}],"line":27},"5":{"loc":{"start":{"line":28,"column":29},"end":{"line":28,"column":85}},"type":"cond-expr","locations":[{"start":{"line":28,"column":50},"end":{"line":28,"column":80}},{"start":{"line":28,"column":83},"end":{"line":28,"column":85}}],"line":28},"6":{"loc":{"start":{"line":29,"column":29},"end":{"line":29,"column":91}},"type":"cond-expr","locations":[{"start":{"line":29,"column":53},"end":{"line":29,"column":86}},{"start":{"line":29,"column":89},"end":{"line":29,"column":91}}],"line":29},"7":{"loc":{"start":{"line":40,"column":8},"end":{"line":44,"column":9}},"type":"if","locations":[{"start":{"line":40,"column":8},"end":{"line":44,"column":9}},{"start":{},"end":{}}],"line":40},"8":{"loc":{"start":{"line":55,"column":17},"end":{"line":62,"column":17}},"type":"binary-expr","locations":[{"start":{"line":55,"column":17},"end":{"line":55,"column":39}},{"start":{"line":56,"column":20},"end":{"line":61,"column":27}}],"line":55},"9":{"loc":{"start":{"line":57,"column":25},"end":{"line":57,"column":82}},"type":"cond-expr","locations":[{"start":{"line":57,"column":47},"end":{"line":57,"column":77}},{"start":{"line":57,"column":80},"end":{"line":57,"column":82}}],"line":57},"10":{"loc":{"start":{"line":58,"column":25},"end":{"line":58,"column":78}},"type":"cond-expr","locations":[{"start":{"line":58,"column":45},"end":{"line":58,"column":73}},{"start":{"line":58,"column":76},"end":{"line":58,"column":78}}],"line":58},"11":{"loc":{"start":{"line":59,"column":25},"end":{"line":59,"column":80}},"type":"cond-expr","locations":[{"start":{"line":59,"column":46},"end":{"line":59,"column":75}},{"start":{"line":59,"column":78},"end":{"line":59,"column":80}}],"line":59},"12":{"loc":{"start":{"line":60,"column":25},"end":{"line":60,"column":86}},"type":"cond-expr","locations":[{"start":{"line":60,"column":49},"end":{"line":60,"column":81}},{"start":{"line":60,"column":84},"end":{"line":60,"column":86}}],"line":60},"13":{"loc":{"start":{"line":63,"column":17},"end":{"line":67,"column":17}},"type":"binary-expr","locations":[{"start":{"line":63,"column":17},"end":{"line":63,"column":39}},{"start":{"line":64,"column":20},"end":{"line":66,"column":27}}],"line":63}},"s":{"0":1,"1":2,"2":2,"3":18,"4":18,"5":0,"6":2,"7":0,"8":0,"9":0,"10":2,"11":0,"12":0,"13":2,"14":18,"15":0,"16":1},"f":{"0":2,"1":18,"2":0,"3":0,"4":0,"5":0,"6":18,"7":0},"b":{"0":[0,18],"1":[0,0],"2":[0,18],"3":[0,0],"4":[0,0],"5":[0,0],"6":[0,0],"7":[0,0],"8":[0,0],"9":[0,0],"10":[0,0],"11":[0,0],"12":[0,0],"13":[0,0]},"_coverageSchema":"1a1c01bbd47fc00a2c39e90264f33305004495a9","hash":"d0f42013d1d9604a51789b525cff32e5502eac0d"}
,"/home/Derrik/Development/data6570/rpg-expo-app/src/screens/TownScreen.js": {"path":"/home/Derrik/Development/data6570/rpg-expo-app/src/screens/TownScreen.js","statementMap":{"0":{"start":{"line":7,"column":19},"end":{"line":277,"column":1}},"1":{"start":{"line":13,"column":8},"end":{"line":13,"column":17}},"2":{"start":{"line":15,"column":28},"end":{"line":15,"column":43}},"3":{"start":{"line":16,"column":34},"end":{"line":16,"column":49}},"4":{"start":{"line":17,"column":36},"end":{"line":17,"column":47}},"5":{"start":{"line":20,"column":4},"end":{"line":22,"column":11}},"6":{"start":{"line":21,"column":8},"end":{"line":21,"column":23}},"7":{"start":{"line":28,"column":30},"end":{"line":36,"column":5}},"8":{"start":{"line":29,"column":24},"end":{"line":29,"column":42}},"9":{"start":{"line":30,"column":8},"end":{"line":35,"column":9}},"10":{"start":{"line":31,"column":12},"end":{"line":31,"column":68}},"11":{"start":{"line":33,"column":30},"end":{"line":33,"column":90}},"12":{"start":{"line":34,"column":12},"end":{"line":34,"column":70}},"13":{"start":{"line":38,"column":27},"end":{"line":49,"column":5}},"14":{"start":{"line":39,"column":26},"end":{"line":39,"column":97}},"15":{"start":{"line":40,"column":20},"end":{"line":40,"column":58}},"16":{"start":{"line":41,"column":8},"end":{"line":48,"column":9}},"17":{"start":{"line":42,"column":12},"end":{"line":42,"column":58}},"18":{"start":{"line":42,"column":37},"end":{"line":42,"column":58}},"19":{"start":{"line":44,"column":12},"end":{"line":47,"column":15}},"20":{"start":{"line":46,"column":47},"end":{"line":46,"column":67}},"21":{"start":{"line":51,"column":29},"end":{"line":61,"column":5}},"22":{"start":{"line":52,"column":20},"end":{"line":52,"column":42}},"23":{"start":{"line":53,"column":8},"end":{"line":60,"column":9}},"24":{"start":{"line":54,"column":12},"end":{"line":54,"column":54}},"25":{"start":{"line":54,"column":37},"end":{"line":54,"column":54}},"26":{"start":{"line":56,"column":12},"end":{"line":59,"column":15}},"27":{"start":{"line":58,"column":49},"end":{"line":58,"column":65}},"28":{"start":{"line":63,"column":23},"end":{"line":86,"column":5}},"29":{"start":{"line":64,"column":8},"end":{"line":64,"column":54}},"30":{"start":{"line":64,"column":47},"end":{"line":64,"column":54}},"31":{"start":{"line":67,"column":24},"end":{"line":67,"column":41}},"32":{"start":{"line":68,"column":8},"end":{"line":85,"column":9}},"33":{"start":{"line":69,"column":12},"end":{"line":69,"column":29}},"34":{"start":{"line":70,"column":12},"end":{"line":70,"column":28}},"35":{"start":{"line":71,"column":26},"end":{"line":82,"column":20}},"36":{"start":{"line":72,"column":16},"end":{"line":81,"column":19}},"37":{"start":{"line":73,"column":20},"end":{"line":79,"column":21}},"38":{"start":{"line":74,"column":24},"end":{"line":74,"column":45}},"39":{"start":{"line":75,"column":24},"end":{"line":75,"column":42}},"40":{"start":{"line":76,"column":24},"end":{"line":76,"column":42}},"41":{"start":{"line":77,"column":24},"end":{"line":77,"column":87}},"42":{"start":{"line":78,"column":24},"end":{"line":78,"column":33}},"43":{"start":{"line":80,"column":20},"end":{"line":80,"column":36}},"44":{"start":{"line":84,"column":12},"end":{"line":84,"column":74}},"45":{"start":{"line":88,"column":22},"end":{"line":113,"column":5}},"46":{"start":{"line":89,"column":8},"end":{"line":112,"column":15}},"47":{"start":{"line":93,"column":70},"end":{"line":93,"column":91}},"48":{"start":{"line":98,"column":70},"end":{"line":98,"column":87}},"49":{"start":{"line":103,"column":70},"end":{"line":103,"column":84}},"50":{"start":{"line":108,"column":70},"end":{"line":108,"column":87}},"51":{"start":{"line":115,"column":23},"end":{"line":185,"column":5}},"52":{"start":{"line":116,"column":22},"end":{"line":116,"column":85}},"53":{"start":{"line":117,"column":25},"end":{"line":117,"column":77}},"54":{"start":{"line":119,"column":8},"end":{"line":184,"column":10}},"55":{"start":{"line":122,"column":53},"end":{"line":122,"column":67}},"56":{"start":{"line":142,"column":46},"end":{"line":142,"column":53}},"57":{"start":{"line":144,"column":28},"end":{"line":160,"column":47}},"58":{"start":{"line":145,"column":47},"end":{"line":145,"column":60}},"59":{"start":{"line":146,"column":32},"end":{"line":147,"column":74}},"60":{"start":{"line":146,"column":52},"end":{"line":146,"column":101}},"61":{"start":{"line":147,"column":37},"end":{"line":147,"column":74}},"62":{"start":{"line":168,"column":48},"end":{"line":168,"column":113}},"63":{"start":{"line":169,"column":42},"end":{"line":169,"column":49}},
[...]
"column":23},"end":{"line":106,"column":49}},"35":{"start":{"line":107,"column":28},"end":{"line":107,"column":53}},"36":{"start":{"line":108,"column":27},"end":{"line":108,"column":51}},"37":{"start":{"line":112,"column":32},"end":{"line":112,"column":88}},"38":{"start":{"line":113,"column":29},"end":{"line":113,"column":71}},"39":{"start":{"line":114,"column":34},"end":{"line":114,"column":50}},"40":{"start":{"line":119,"column":25},"end":{"line":119,"column":55}},"41":{"start":{"line":122,"column":30},"end":{"line":122,"column":33}},"42":{"start":{"line":123,"column":32},"end":{"line":123,"column":54}},"43":{"start":{"line":126,"column":28},"end":{"line":126,"column":59}},"44":{"start":{"line":128,"column":8},"end":{"line":128,"column":57}},"45":{"start":{"line":128,"column":44},"end":{"line":128,"column":57}},"46":{"start":{"line":129,"column":8},"end":{"line":129,"column":53}},"47":{"start":{"line":129,"column":41},"end":{"line":129,"column":53}},"48":{"start":{"line":131,"column":8},"end":{"line":131,"column":21}},"49":{"start":{"line":138,"column":26},"end":{"line":138,"column":120}},"50":{"start":{"line":140,"column":22},"end":{"line":140,"column":98}},"51":{"start":{"line":144,"column":22},"end":{"line":152,"column":1}},"52":{"start":{"line":154,"column":22},"end":{"line":157,"column":1}},"53":{"start":{"line":159,"column":34},"end":{"line":264,"column":1}},"54":{"start":{"line":161,"column":19},"end":{"line":161,"column":38}},"55":{"start":{"line":163,"column":20},"end":{"line":163,"column":40}},"56":{"start":{"line":167,"column":4},"end":{"line":171,"column":5}},"57":{"start":{"line":168,"column":8},"end":{"line":168,"column":83}},"58":{"start":{"line":170,"column":8},"end":{"line":170,"column":83}},"59":{"start":{"line":174,"column":17},"end":{"line":174,"column":124}},"60":{"start":{"line":175,"column":19},"end":{"line":175,"column":51}},"61":{"start":{"line":177,"column":18},"end":{"line":177,"column":32}},"62":{"start":{"line":180,"column":4},"end":{"line":182,"column":5}},"63":{"start":{"line":181,"column":8},"end":{"line":181,"column":44}},"64":{"start":{"line":187,"column":19},"end":{"line":187,"column":20}},"65":{"start":{"line":188,"column":4},"end":{"line":193,"column":5}},"66":{"start":{"line":189,"column":8},"end":{"line":189,"column":23}},"67":{"start":{"line":192,"column":8},"end":{"line":192,"column":47}},"68":{"start":{"line":195,"column":19},"end":{"line":195,"column":55}},"69":{"start":{"line":197,"column":4},"end":{"line":197,"column":37}},"70":{"start":{"line":199,"column":16},"end":{"line":199,"column":66}},"71":{"start":{"line":201,"column":4},"end":{"line":244,"column":5}},"72":{"start":{"line":203,"column":12},"end":{"line":203,"column":38}},"73":{"start":{"line":204,"column":12},"end":{"line":204,"column":52}},"74":{"start":{"line":205,"column":12},"end":{"line":205,"column":18}},"75":{"start":{"line":207,"column":12},"end":{"line":207,"column":37}},"76":{"start":{"line":208,"column":12},"end":{"line":208,"column":53}},"77":{"start":{"line":209,"column":12},"end":{"line":209,"column":18}},"78":{"start":{"line":211,"column":12},"end":{"line":211,"column":37}},"79":{"start":{"line":212,"column":12},"end":{"line":212,"column":53}},"80":{"start":{"line":213,"column":12},"end":{"line":213,"column":18}},"81":{"start":{"line":215,"column":12},"end":{"line":215,"column":55}},"82":{"start":{"line":216,"column":12},"end":{"line":216,"column":56}},"83":{"start":{"line":217,"column":12},"end":{"line":217,"column":18}},"84":{"start":{"line":219,"column":12},"end":{"line":219,"column":53}},"85":{"start":{"line":220,"column":12},"end":{"line":220,"column":52}},"86":{"start":{"line":221,"column":12},"end":{"line":221,"column":18}},"87":{"start":{"line":223,"column":12},"end":{"line":223,"column":54}},"88":{"start":{"line":224,"column":12},"end":{"line":224,"column":52}},"89":{"start":{"line":225,"column":12},"end":{"line":225,"column":53}},"90":{"start":{"line":226,"column":12},"end":{"line":226,"column":18}},"91":{"start":{"line":228,"column":12},"end":{"line":228,"column":37}},"92":{"start":{"line":229,"column":12},"end":{"line":229,"column":53}},"93":{"start":{"line":231,"column":12},"end":{"line":233,"column":13}},"94":{"start":{"line":232,"column":16},"end":{"line":232,"column":56}},"95":{"start":{"line":234,"column":12},"end":{"line":234,"column":18}},"96":{"start":{"line":236,"column":12},"end":{"line":236,"column":56}},"97":{"start":{"line":237,"column":12},"end":{"line":237,"column":55}},"98":{"start":{"line":238,"column":12},"end":{"line":238,"column":18}},"99":{"start":{"line":240,"column":12},"end":{"line":240,"column":54}},"100":{"start":{"line":241,"column":12},"end":{"line":241,"column":56}},"101":{"start":{"line":242,"column":12},"end":{"line":242,"column":46}},"102":{"start":{"line":243,"column":12},"end":{"line":243,"column":18}},"103":{"start":{"line":246,"column":20},"end":{"line":246,"column":48}},"104":{"start":{"line":249,"column":4},"end":{"line":255,"column":5}},"105":{"start":{"line":250,"column":8},"end":{"line":250,"column":41}},"106":{"start":{"line":252,"column":27},"end":{"line":252,"column":65}},"107":{"start":{"line":253,"column":8},"end":{"line":253,"column":60}},"108":{"start":{"line":254,"column":8},"end":{"line":254,"column":56}},"109":{"start":{"line":257,"column":4},"end":{"line":263,"column":6}},"110":{"start":{"line":267,"column":28},"end":{"line":267,"column":63}},"111":{"start":{"line":268,"column":28},"end":{"line":268,"column":66}},"112":{"start":{"line":270,"column":29},"end":{"line":275,"column":1}},"113":{"start":{"line":277,"column":30},"end":{"line":315,"column":1}},"114":{"start":{"line":279,"column":24},"end":{"line":279,"column":26}},"115":{"start":{"line":280,"column":4},"end":{"line":280,"column":74}},"116":{"start":{"line":280,"column":40},"end":{"line":280,"column":74}},"117":{"start":{"line":281,"column":4},"end":{"line":281,"column":72}},"118":{"start":{"line":281,"column":39},"end":{"line":281,"column":72}},"119":{"start":{"line":282,"column":4},"end":{"line":282,"column":77}},"120":{"start":{"line":282,"column":39},"end":{"line":282,"column":77}},"121":{"start":{"line":286,"column":21},"end":{"line":286,"column":40}},"122":{"start":{"line":287,"column":17},"end":{"line":287,"column":63}},"123":{"start":{"line":289,"column":17},"end":{"line":289,"column":78}},"124":{"start":{"line":291,"column":21},"end":{"line":291,"column":24}},"125":{"start":{"line":292,"column":16},"end":{"line":292,"column":17}},"126":{"start":{"line":294,"column":4},"end":{"line":297,"column":5}},"127":{"start":{"line":295,"column":8},"end":{"line":295,"column":26}},"128":{"start":{"line":296,"column":8},"end":{"line":296,"column":19}},"129":{"start":{"line":298,"column":4},"end":{"line":301,"column":5}},"130":{"start":{"line":299,"column":8},"end":{"line":299,"column":25}},"131":{"start":{"line":300,"column":8},"end":{"line":300,"column":20}},"132":{"start":{"line":302,"column":4},"end":{"line":305,"column":5}},"133":{"start":{"line":303,"column":8},"end":{"line":303,"column":25}},"134":{"start":{"line":304,"column":8},"end":{"line":304,"column":20}},"135":{"start":{"line":307,"column":4},"end":{"line":314,"column":6}},"136":{"start":{"line":318,"column":39},"end":{"line":320,"column":1}},"137":{"start":{"line":319,"column":4},"end":{"line":319,"column":54}},"138":{"start":{"line":322,"column":27},"end":{"line":328,"column":1}},"139":{"start":{"line":330,"column":29},"end":{"line":334,"column":1}},"140":{"start":{"line":332,"column":18},"end":{"line":332,"column":77}},"141":{"start":{"line":333,"column":4},"end":{"line":333,"column":57}},"142":{"start":{"line":336,"column":33},"end":{"line":368,"column":1}},"143":{"start":{"line":337,"column":18},"end":{"line":337,"column":20}},"144":{"start":{"line":338,"column":22},"end":{"line":338,"column":51}},"145":{"start":{"line":340,"column":4},"end":{"line":366,"column":5}},"146":{"start":{"line":340,"column":17},"end":{"line":340,"column":18}},"147":{"start":{"line":341,"column":8},"end":{"line":365,"column":9}},"148":{"start":{"line":349,"column":25},"end":{"line":349,"column":58}},"149":{"start":{"line":351,"column":12},"end":{"line":351,"column":43}},"150":{"start":{"line":354,"column":12},"end":{"line":354,"column":29}},"151":{"start":{"line":355,"column":15},"end":{"line":365,"column":9}},"152":{"start":{"line":358,"column":30},"end":{"line":358,"column":44}},"153":{"start":{"line":359,"column":12},"end":{"line":359,"column":60}},"154":{"start":{"line":359,"column":32},"end":{"line":359,"column":60}},"155":{"start":{"line":360,"column":12},"end":{"line":360,"column":60}},"156":{"start":{"line":360,"column":32},"end":{"line":360,"column":60}},"157":{"start":{"line":362,"column":27},"end":{"line":362,"column":54}},"158":{"start":{"line":363,"column":12},"end":{"line":363,"column":47}},"159":{"start":{"line":364,"column":12},"end":{"line":364,"column":31}},"160":{"start":{"line":367,"column":4},"end":{"line":367,"column":17}}},"fnMap":{"0":{"name":"getBaseXPTable","decl":{"start":{"line":10,"column":9},"end":{"line":10,"column":23}},"loc":{"start":{"line":10,"column":26},"end":{"line":22,"column":1}},"line":10},"1":{"name":"(anonymous_1)","decl":{"start":{"line":32,"column":35},"end":{"line":32,"column":36}},"loc":{"start":{"line":32,"column":46},"end":{"line":53,"column":1}},"line":32},"2":{"name":"(anonymous_2)","decl":{"start":{"line":55,"column":30},"end":{"line":55,"column":31}},"loc":{"start":{"line":55,"column":38},"end":{"line":62,"column":1}},"line":55},"3":{"name":"(anonymous_3)","decl":{"start":{"line":65,"column":36},"end":{"line":65,"column":37}},"loc":{"start":{"line":65,"column":58},"end":{"line":81,"column":1}},"line":65},"4":{"name":"(anonymous_4)","decl":{"start":{"line":89,"column":29},"end":{"line":89,"column":30}},"loc":{"start":{"line":89,"column":46},"end":{"line":133,"column":1}},"line":89},"5":{"name":"(anonymous_5)","decl":{"start":{"line":105,"column":11},"end":{"line":105,"column":12}},"loc":{"start":{"line":105,"column":31},"end":{"line":132,"column":5}},"line":105},"6":{"name":"(anonymous_6)","decl":{"start":{"line":159,"column":34},"end":{"line":159,"column":35}},"loc":{"start":{"line":159,"column":45},"end":{"line":264,"column":1}},"line":159},"7":{"name":"(anonymous_7)","decl":{"start":{"line":277,"column":30},"end":{"line":277,"column":31}},"loc":{"start":{"line":277,"column":47},"end":{"line":315,"column":1}},"line":277},"8":{"name":"(anonymous_8)","decl":{"start":{"line":318,"column":39},"end":{"line":318,"column":40}},"loc":{"start":{"line":318,"column":50},"end":{"line":320,"column":1}},"line":318},"9":{"name":"(anonymous_9)","decl":{"start":{"line":330,"column":29},"end":{"line":330,"column":30}},"loc":{"start":{"line":330,"column":44},"end":{"line":334,"column":1}},"line":330},"10":{"name":"(anonymous_10)","decl":{"start":{"line":336,"column":33},"end":{"line":336,"column":34}},"loc":{"start":{"line":336,"column":58},"end":{"line":368,"column":1}},"line":336}},"branchMap":{"0":{"loc":{"start":{"line":33,"column":4},"end":{"line":33,"column":29}},"type":"if","locations":[{"start":{"line":33,"column":4},"end":{"line":33,"column":29}},{"start":{},"end":{}}],"line":33},"1":{"loc":{"start":{"line":34,"column":4},"end":{"line":34,"column":58}},"type":"if","locations":[{"start":{"line":34,"column":4},"end":{"line":34,"column":58}},{"start":{},"end":{}}],"line":34},"2":{"loc":{"start":{"line":76,"column":40},"end":{"line":76,"column":63}},"type":"binary-expr","locations":[{"start":{"line":76,"column":40},"end":{"line":76,"column":58}},{"start":{"line":76,"column":62},"end":{"line":76,"column":63}}],"line":76},"3":{"loc":{"start":{"line":77,"column":36},"end":{"line":77,"column":57}},"type":"binary-expr","locations":[{"start":{"line":77,"column":36},"end":{"line":77,"column":52}},{"start":{"line":77,"column":56},"end":{"line":77,"column":57}}],"line":77},"4":{"loc":{"start":{"line":78,"column":38},"end":{"line":78,"column":60}},"type":"binary-expr","locations":[{"start":{"line":78,"column":38},"end":{"line":78,"column":55}},{"start":{"line":78,"column":59},"end":{"line":78,"column":60}}],"line":78},"5":{"loc":{"start":{"line":79,"column":38},"end":{"line":79,"column":60}},"type":"binary-expr","locations":[{"start":{"line":79,"column":38},"end":{"line":79,"column":55}},{"start":{"line":79,"column":59},"end":{"line":79,"column":60}}],"line":79},"6":{"loc":{"start":{"line":126,"column":28},"end":{"line":126,"column":59}},"type":"binary-expr","locations":[{"start":{"line":126,"column":28},"end":{"line":126,"column":47}},{"start":{"line":126,"column":51},"end":{"line":126,"column":59}}],"line":126},"7":{"loc":{"start":{"line":128,"column":8},"end":{"line":128,"column":57}},"type":"if","locations":[{"start":{"line":128,"column":8},"end":{"line":128,"column":57}},{"start":{},"end":{}}],"line":128},"8":{"loc":{"start":{"line":129,"column":8},"end":{"line":129,"column":53}},"type":"if","locations":[{"start":{"line":129,"column":8},"end":{"line":129,"column":53}},{"start":{},"end":{}}],"line":129},"9":{"loc":{"start":{"line":167,"column":4},"end":{"line":171,"column":5}},"type":"if","locations":[{"start":{"line":167,"column":4},"end":{"line":171,"column":5}},{"start":{"line":169,"column":11},"end":{"line":171,"column":5}}],"line":167},"10":{"loc":{"start":{"line":180,"column":4},"end":{"line":182,"column":5}},"type":"if","locations":[{"start":{"line":180,"column":4},"end":{"line":182,"column":5}},{"start":{},"end":{}}],"line":180},"11":{"loc":{"start":{"line":188,"column":4},"end":{"line":193,"column":5}},"type":"if","locations":[{"start":{"line":188,"column":4},"end":{"line":193,"column":5}},{"start":{"line":190,"column":11},"end":{"line":193,"column":5}}],"line":188},"12":{"loc":{"start":{"line":201,"column":4},"end":{"line":244,"column":5}},"type":"switch","locations":[{"start":{"line":202,"column":8},"end":{"line":205,"column":18}},{"start":{"line":206,"column":8},"end":{"line":209,"column":18}},{"start":{"line":210,"column":8},"end":{"line":213,"column":18}},{"start":{"line":214,"column":8},"end":{"line":217,"column":18}},{"start":{"line":218,"column":8},"end":{"line":221,"column":18}},{"start":{"line":222,"column":8},"end":{"line":226,"column":18}},{"start":{"line":227,"column":8},"end":{"line":234,"column":18}},{"start":{"line":235,"column":8},"end":{"line":238,"column":18}},{"start":{"line":239,"column":8},"end":{"line":243,"column":18}}],"line":201},"13":{"loc":{"start":{"line":231,"column":12},"end":{"line":233,"column":13}},"type":"if","locations":[{"start":{"line":231,"column":12},"end":{"line":233,"column":13}},{"start":{},"end":{}}],"line":231},"14":{"loc":{"start":{"line":249,"column":4},"end":{"line":255,"column":5}},"type":"if","locations":[{"start":{"line":249,"column":4},"end":{"line":255,"column":5}},{"start":{},"end":{}}],"line":249},"15":{"loc":{"start":{"line":253,"column":26},"end":{"line":253,"column":45}},"type":"binary-expr","locations":[{"start":{"line":253,"column":26},"end":{"line":253,"column":40}},{"start":{"line":253,"column":44},"end":{"line":253,"column":45}}],"line":253},"16":{"loc":{"start":{"line":254,"column":24},"end":{"line":254,"column":41}},"type":"binary-expr","locations":[{"start":{"line":254,"column":24},"end":{"line":254,"column":36}},{"start":{"line":254,"column":40},"end":{"line":254,"column":41}}],"line":254},"17":{"loc":{"start":{"line":262,"column":40},"end":{"line":262,"column":56}},"type":"cond-expr","locations":[{"start":{"line":262,"column":49},"end":{"line":262,"column":51}},{"start":{"line":262,"column":54},"end":{"line":262,"column":56}}],"line":262},"18":{"loc":{"start":{"line":262,"column":61},"end":{"line":262,"column":76}},"type":"cond-expr","locations":[{"start":{"line":262,"column":71},"end":{"line":262,"column":72}},{"start":{"line":262,"column":75},"end":{"line":262,"column":76}}],"line":262},"19":{"loc":{"start":{"line":280,"column":4},"end":{"line":280,"column":74}},"type":"if","locations":[{"start":{"line":280,"column":4},"end":{"line":280,"column":74}},{"start":{},"end":{}}],"line":280},"20":{"loc":{"start":{"line":281,"column":4},"end":{"line":281,"column":72}},"type":"if","locations":[{"start":{"line":281,"column":4},"end":{"line":281,"column":72}},{"start":{},"end":{}}],"line":281},"21":{"loc":{"start":{"line":282,"column":4},"end":{"line":282,"column":77}},"type":"if","locations":[{"start":{"line":282,"column":4},"end":{"line":282,"column":77}},{"start":{},"end":{}}],"line":282},"22":{"loc":{"start":{"line":287,"column":17},"end":{"line":287,"column":63}},"type":"cond-expr","locations":[{"start":{"line":287,"column":28},"end":{"line":287,"column":44}},{"start":{"line":287,"column":47},"end":{"line":287,"column":63}}],"line":287},"23":{"loc":{"start":{"line":294,"column":4},"end":{"line":297,"column":5}},"type":"if","locations":[{"start":{"line":294,"column":4},"end":{"line":297,"column":5}},{"start":{},"end":{}}],"line":294},"24":{"loc":{"start":{"line":298,"column":4},"end":{"line":301,"column":5}},"type":"if","locations":[{"start":{"line":298,"column":4},"end":{"line":301,"column":5}},{"start":{},"end":{}}],"line":298},"25":{"loc":{"start":{"line":302,"column":4},"end":{"line":305,"column":5}},"type":"if","locations":[{"start":{"line":302,"column":4},"end":{"line":305,"column":5}},{"start":{},"end":{}}],"line":302},"26":{"loc":{"start":{"line":341,"column":8},"end":{"line":365,"column":9}},"type":"if","locations":[{"start":{"line":341,"column":8},"end":{"line":365,"column":9}},{"start":{"line":355,"column":15},"end":{"line":365,"column":9}}],"line":341},"27":{"loc":{"start":{"line":355,"column":15},"end":{"line":365,"column":9}},"type":"if","locations":[{"start":{"line":355,"column":15},"end":{"line":365,"column":9}},{"start":{},"end":{}}],"line":355},"28":{"loc":{"start":{"line":359,"column":12},"end":{"line":359,"column":60}},"type":"if","locations":[{"start":{"line":359,"column":12},"end":{"line":359,"column":60}},{"start":{},"end":{}}],"line":359},"29":{"loc":{"start":{"line":360,"column":12},"end":{"line":360,"column":60}},"type":"if","locations":[{"start":{"line":360,"column":12},"end":{"line":360,"column":60}},{"start":{},"end":{}}],"line":360}},"s":{"0":6,"1":6,"2":6,"3":6,"4":6,"5":6,"6":6,"7":48,"8":48,"9":6,"10":6,"11":6,"12":6,"13":216,"14":51,"15":165,"16":127,"17":38,"18":38,"19":38,"20":38,"21":38,"22":38,"23":6,"24":48,"25":48,"26":53,"27":48,"28":6,"29":33,"30":33,"31":6,"32":6,"33":3,"34":3,"35":3,"36":3,"37":3,"38":3,"39":3,"40":3,"41":3,"42":3,"43":3,"44":3,"45":2,"46":1,"47":1,"48":0,"49":6,"50":6,"51":6,"52":6,"53":6,"54":61,"55":61,"56":61,"57":6,"58":55,"59":61,"60":61,"61":61,"62":61,"63":6,"64":61,"65":61,"66":0,"67":61,"68":61,"69":61,"70":61,"71":61,"72":4,"73":4,"74":4,"75":9,"76":9,"77":9,"78":5,"79":5,"80":5,"81":11,"82":11,"83":11,"84":6,"85":6,"86":6,"87":11,"88":11,"89":11,"90":11,"91":9,"92":9,"93":9,"94":8,"95":9,"96":2,"97":2,"98":2,"99":4,"100":4,"101":4,"102":4,"103":61,"104":61,"105":0,"106":0,"107":0,"108":0,"109":61,"110":6,"111":6,"112":6,"113":6,"114":11,"115":11,"116":6,"117":11,"118":0,"119":11,"120":5,"121":11,"122":11,"123":11,"124":11,"125":11,"126":11,"127":2,"128":2,"129":11,"130":4,"131":4,"132":11,"133":1,"134":1,"135":11,"136":6,"137":4,"138":6,"139":6,"140":2,"141":2,"142":6,"143":6,"144":6,"145":6,"146":6,"147":16,"148":8,"149":8,"150":8,"151":8,"152":8,"153":8,"154":4,"155":8,"156":4,"157":8,"158":8,"159":8,"160":6},"f":{"0":6,"1":216,"2":48,"3":33,"4":3,"5":3,"6":61,"7":11,"8":4,"9":2,"10":6},"b":{"0":[51,165],"1":[127,38],"2":[33,31],"3":[33,30],"4":[33,31],"5":[33,32],"6":[3,0],"7":[2,1],"8":[1,0],"9":[6,55],"10":[6,55],"11":[0,61],"12":[4,9,5,11,6,11,9,2,4],"13":[8,1],"14":[0,61],"15":[0,0],"16":[0,0],"17":[6,55],"18":[0,61],"19":[6,5],"20":[0,11],"21":[5,6],"22":[3,8],"23":[2,9],"24":[4,7],"25":[1,10],"26":[8,8],"27":[8,0],"28":[4,4],"29":[4,4]},"_coverageSchema":"1a1c01bbd47fc00a2c39e90264f33305004495a9","hash":"db5c210b1fa6f40a2dc681559805644ddb80f4a6"}
}
