TN:
SF:src/context/GameContext.js
FN:21,(anonymous_0)
FN:25,(anonymous_1)
FN:53,(anonymous_2)
FN:73,(anonymous_3)
FN:75,(anonymous_4)
FN:87,(anonymous_5)
FN:92,(anonymous_6)
FN:104,(anonymous_7)
FN:105,(anonymous_8)
FN:107,(anonymous_9)
FN:107,(anonymous_10)
FN:109,(anonymous_11)
FN:113,(anonymous_12)
FN:120,(anonymous_13)
FN:137,(anonymous_14)
FN:147,(anonymous_15)
FN:155,(anonymous_16)
FN:167,(anonymous_17)
FN:169,(anonymous_18)
FN:180,(anonymous_19)
FN:183,(anonymous_20)
FN:191,(anonymous_21)
FN:195,(anonymous_22)
FN:200,(anonymous_23)
FN:224,(anonymous_24)
FN:228,(anonymous_25)
FN:234,(anonymous_26)
FN:244,(anonymous_27)
FN:246,(anonymous_28)
FN:251,(anonymous_29)
FN:257,(anonymous_30)
FN:263,(anonymous_31)
FN:264,(anonymous_32)
FN:266,(anonymous_33)
FN:280,(anonymous_34)
FN:281,(anonymous_35)
FN:287,(anonymous_36)
FN:288,(anonymous_37)
FN:291,(anonymous_38)
FN:292,(anonymous_39)
FN:295,(anonymous_40)
FN:300,(anonymous_41)
FN:325,(anonymous_42)
FN:329,(anonymous_43)
FN:330,(anonymous_44)
FN:333,(anonymous_45)
FN:335,(anonymous_46)
FN:336,(anonymous_47)
FN:341,(anonymous_48)
FN:346,(anonymous_49)
FN:348,(anonymous_50)
FN:348,(anonymous_51)
FN:350,(anonymous_52)
FN:350,(anonymous_53)
FN:354,(anonymous_54)
FN:358,(anonymous_55)
FN:363,(anonymous_56)
FN:367,(anonymous_57)
FN:373,(anonymous_58)
FN:381,(anonymous_59)
FN:390,(anonymous_60)
FN:393,(anonymous_61)
FN:394,(anonymous_62)
FN:400,(anonymous_63)
FN:408,(anonymous_64)
FN:416,(anonymous_65)
FN:416,(anonymous_66)
FN:418,(anonymous_67)
FN:418,(anonymous_68)
FN:420,(anonymous_69)
FN:424,(anonymous_70)
FN:431,(anonymous_71)
FN:435,(anonymous_72)
FN:436,(anonymous_73)
FN:439,(anonymous_74)
FN:440,(anonymous_75)
FN:442,(anonymous_76)
FN:458,(anonymous_77)
FN:486,(anonymous_78)
FN:508,(anonymous_79)
FN:515,(anonymous_80)
FN:519,(anonymous_81)
FN:523,(anonymous_82)
FN:523,(anonymous_83)
FN:525,(anonymous_84)
FN:529,(anonymous_85)
FN:532,(anonymous_86)
FN:533,(anonymous_87)
FN:537,(anonymous_88)
FN:538,(anonymous_89)
FN:540,(anonymous_90)
FN:540,(anonymous_91)
FN:542,(anonymous_92)
FN:542,(anonymous_93)
FN:546,(anonymous_94)
FN:549,(anonymous_95)
FN:549,(anonymous_96)
FN:561,(anonymous_97)
FN:562,(anonymous_98)
FN:562,(anonymous_99)
FN:565,(anonymous_100)
FN:567,(anonymous_101)
FNF:102
FNH:40
FNDA:51,(anonymous_0)
FNDA:51,(anonymous_1)
FNDA:19,(anonymous_2)
FNDA:35,(anonymous_3)
FNDA:317,(anonymous_4)
FNDA:36,(anonymous_5)
FNDA:0,(anonymous_6)
FNDA:17,(anonymous_7)
FNDA:5,(anonymous_8)
FNDA:5,(anonymous_9)
FNDA:0,(anonymous_10)
FNDA:17,(anonymous_11)
FNDA:19,(anonymous_12)
FNDA:0,(anonymous_13)
FNDA:0,(anonymous_14)
FNDA:17,(anonymous_15)
FNDA:0,(anonymous_16)
FNDA:17,(anonymous_17)
FNDA:1,(anonymous_18)
FNDA:30,(anonymous_19)
FNDA:0,(anonymous_20)
FNDA:0,(anonymous_21)
FNDA:19,(anonymous_22)
FNDA:3,(anonymous_23)
FNDA:1,(anonymous_24)
FNDA:1,(anonymous_25)
FNDA:0,(anonymous_26)
FNDA:4,(anonymous_27)
FNDA:4,(anonymous_28)
FNDA:2,(anonymous_29)
FNDA:1,(anonymous_30)
FNDA:0,(anonymous_31)
FNDA:0,(anonymous_32)
FNDA:0,(anonymous_33)
FNDA:2,(anonymous_34)
FNDA:2,(anonymous_35)
FNDA:2,(anonymous_36)
FNDA:2,(anonymous_37)
FNDA:3,(anonymous_38)
FNDA:3,(anonymous_39)
FNDA:2,(anonymous_40)
FNDA:2,(anonymous_41)
FNDA:1,(anonymous_42)
FNDA:0,(anonymous_43)
FNDA:0,(anonymous_44)
FNDA:0,(anonymous_45)
FNDA:0,(anonymous_46)
FNDA:0,(anonymous_47)
FNDA:0,(anonymous_48)
FNDA:0,(anonymous_49)
FNDA:0,(anonymous_50)
FNDA:0,(anonymous_51)
FNDA:0,(anonymous_52)
FNDA:0,(anonymous_53)
FNDA:0,(anonymous_54)
FNDA:0,(anonymous_55)
FNDA:0,(anonymous_56)
FNDA:0,(anonymous_57)
FNDA:0,(anonymous_58)
FNDA:0,(anonymous_59)
FNDA:0,(anonymous_60)
FNDA:0,(anonymous_61)
FNDA:0,(anonymous_62)
FNDA:0,(anonymous_63)
FNDA:0,(anonymous_64)
FNDA:0,(anonymous_65)
FNDA:0,(anonymous_66)
FNDA:0,(anonymous_67)
FNDA:0,(anonymous_68)
FNDA:0,(anonymous_69)
FNDA:0,(anonymous_70)
FNDA:1,(anonymous_71)
FNDA:0,(anonymous_72)
FNDA:0,(anonymous_73)
FNDA:0,(anonymous_74)
FNDA:0,(anonymous_75)
FNDA:0,(anonymous_76)
FNDA:2,(anonymous_77)
FNDA:0,(anonymous_78)
FNDA:1,(anonymous_79)
FNDA:1,(anonymous_80)
FNDA:2,(anonymous_81)
FNDA:2,(anonymous_82)
FNDA:2,(anonymous_83)
FNDA:0,(anonymous_84)
FNDA:0,(anonymous_85)
FNDA:0,(anonymous_86)
FNDA:0,(anonymous_87)
FNDA:0,(anonymous_88)
FNDA:0,(anonymous_89)
FNDA:0,(anonymous_90)
FNDA:0,(anonymous_91)
FNDA:0,(anonymous_92)
FNDA:0,(anonymous_93)
FNDA:1,(anonymous_94)
FNDA:0,(anonymous_95)
FNDA:0,(anonymous_96)
FNDA:0,(anonymous_97)
FNDA:0,(anonymous_98)
FNDA:0,(anonymous_99)
FNDA:0,(anonymous_100)
FNDA:0,(anonymous_101)
DA:19,5
DA:21,51
DA:23,5
DA:25,5
DA:27,51
DA:28,51
DA:29,51
DA:30,51
DA:31,51
DA:32,51
DA:44,51
DA:45,51
DA:46,51
DA:47,51
DA:48,51
DA:49,51
DA:50,51
DA:51,51
DA:53,51
DA:55,19
DA:62,51
DA:70,51
DA:73,51
DA:74,35
DA:75,35
DA:76,317
DA:77,2
DA:78,0
DA:79,0
DA:80,0
DA:81,0
DA:84,33
DA:87,49
DA:88,36
DA:90,36
DA:92,36
DA:93,0
DA:94,0
DA:95,0
DA:96,0
DA:97,0
DA:100,36
DA:104,49
DA:105,17
DA:106,5
DA:107,5
DA:109,17
DA:113,49
DA:114,19
DA:115,0
DA:120,49
DA:121,0
DA:122,0
DA:123,0
DA:124,0
DA:125,0
DA:126,0
DA:127,0
DA:128,0
DA:130,0
DA:133,0
DA:137,49
DA:138,0
DA:139,0
DA:140,0
DA:141,0
DA:143,0
DA:147,49
DA:148,17
DA:149,17
DA:150,2
DA:151,2
DA:155,49
DA:156,0
DA:157,0
DA:158,0
DA:160,0
DA:162,0
DA:163,0
DA:164,0
DA:167,49
DA:169,49
DA:170,1
DA:171,0
DA:175,0
DA:176,0
DA:180,49
DA:181,30
DA:183,0
DA:184,0
DA:188,0
DA:191,0
DA:195,49
DA:196,19
DA:197,0
DA:200,49
DA:201,3
DA:202,3
DA:203,0
DA:204,0
DA:205,0
DA:206,0
DA:207,0
DA:208,0
DA:211,0
DA:212,0
DA:213,0
DA:214,0
DA:215,0
DA:216,0
DA:217,0
DA:218,0
DA:220,3
DA:224,49
DA:225,1
DA:226,1
DA:228,1
DA:229,1
DA:230,1
DA:232,1
DA:233,0
DA:234,0
DA:236,1
DA:239,1
DA:241,1
DA:244,49
DA:245,4
DA:246,4
DA:247,4
DA:248,4
DA:249,4
DA:250,2
DA:251,2
DA:253,4
DA:257,49
DA:258,1
DA:259,1
DA:260,1
DA:261,0
DA:262,0
DA:263,0
DA:264,0
DA:265,0
DA:266,0
DA:267,0
DA:268,0
DA:270,0
DA:272,0
DA:275,0
DA:277,1
DA:280,49
DA:281,2
DA:282,2
DA:283,1
DA:287,49
DA:288,2
DA:291,49
DA:292,3
DA:295,49
DA:296,2
DA:298,2
DA:300,2
DA:301,2
DA:303,2
DA:304,0
DA:305,0
DA:306,0
DA:307,0
DA:311,2
DA:312,0
DA:313,0
DA:314,0
DA:315,0
DA:319,2
DA:322,2
DA:325,49
DA:326,1
DA:327,0
DA:329,0
DA:330,0
DA:333,0
DA:335,0
DA:336,0
DA:338,0
DA:341,49
DA:342,0
DA:343,0
DA:344,0
DA:346,0
DA:347,0
DA:348,0
DA:350,0
DA:354,49
DA:355,0
DA:356,0
DA:358,0
DA:360,0
DA:363,49
DA:364,0
DA:367,49
DA:368,0
DA:369,0
DA:370,0
DA:373,49
DA:374,0
DA:375,0
DA:376,0
DA:377,0
DA:378,0
DA:379,0
DA:381,0
DA:387,0
DA:390,49
DA:391,0
DA:393,0
DA:394,0
DA:395,0
DA:398,0
DA:399,0
DA:400,0
DA:403,0
DA:405,0
DA:408,49
DA:409,0
DA:410,0
DA:411,0
DA:413,0
DA:415,0
DA:416,0
DA:418,0
DA:420,0
DA:421,0
DA:422,0
DA:423,0
DA:424,0
DA:426,0
DA:431,49
DA:432,1
DA:433,1
DA:434,1
DA:435,0
DA:436,0
DA:437,0
DA:438,0
DA:439,0
DA:440,0
DA:441,0
DA:442,0
DA:443,0
DA:444,0
DA:446,0
DA:452,1
DA:453,0
DA:455,1
DA:458,49
DA:460,2
DA:470,2
DA:472,2
DA:473,2
DA:474,2
DA:476,2
DA:478,1
DA:479,1
DA:480,1
DA:482,1
DA:483,0
DA:484,0
DA:485,0
DA:486,0
DA:489,1
DA:490,1
DA:495,1
DA:496,1
DA:498,1
DA:499,0
DA:501,1
DA:502,1
DA:503,1
DA:507,1
DA:508,1
DA:509,1
DA:511,0
DA:515,49
DA:516,1
DA:518,1
DA:519,1
DA:520,2
DA:521,2
DA:523,2
DA:524,1
DA:525,0
DA:529,49
DA:530,0
DA:531,0
DA:532,0
DA:533,0
DA:537,49
DA:538,0
DA:539,0
DA:540,0
DA:542,0
DA:546,49
DA:547,1
DA:548,0
DA:549,0
DA:550,0
DA:554,1
DA:555,1
DA:556,0
DA:557,0
DA:559,0
DA:561,0
DA:562,0
DA:565,49
DA:566,0
DA:567,0
DA:568,0
DA:570,0
DA:573,49
DA:574,49
DA:575,49
DA:576,49
DA:577,49
DA:579,49
LF:324
LH:158
BRDA:55,0,0,19
BRDA:55,0,1,0
BRDA:55,1,0,19
BRDA:55,1,1,19
BRDA:76,2,0,2
BRDA:76,2,1,315
BRDA:77,3,0,2
BRDA:77,3,1,0
BRDA:78,4,0,0
BRDA:78,4,1,0
BRDA:79,5,0,0
BRDA:79,5,1,0
BRDA:80,6,0,0
BRDA:80,6,1,0
BRDA:81,7,0,0
BRDA:81,7,1,0
BRDA:93,8,0,0
BRDA:93,8,1,0
BRDA:93,9,0,0
BRDA:93,9,1,0
BRDA:94,10,0,0
BRDA:94,10,1,0
BRDA:95,11,0,0
BRDA:95,11,1,0
BRDA:96,12,0,0
BRDA:96,12,1,0
BRDA:97,13,0,0
BRDA:97,13,1,0
BRDA:107,14,0,0
BRDA:107,14,1,0
BRDA:114,15,0,0
BRDA:114,15,1,19
BRDA:121,16,0,0
BRDA:121,16,1,0
BRDA:123,17,0,0
BRDA:123,17,1,0
BRDA:123,18,0,0
BRDA:123,18,1,0
BRDA:124,19,0,0
BRDA:124,19,1,0
BRDA:139,20,0,0
BRDA:139,20,1,0
BRDA:149,21,0,2
BRDA:149,21,1,15
BRDA:170,22,0,1
BRDA:170,22,1,0
BRDA:170,23,0,1
BRDA:170,23,1,0
BRDA:176,24,0,0
BRDA:176,24,1,0
BRDA:181,25,0,30
BRDA:181,25,1,0
BRDA:181,26,0,30
BRDA:181,26,1,1
BRDA:196,27,0,19
BRDA:196,27,1,0
BRDA:196,28,0,19
BRDA:196,28,1,0
BRDA:196,28,2,0
BRDA:202,29,0,0
BRDA:202,29,1,3
BRDA:205,30,0,0
BRDA:205,30,1,0
BRDA:206,31,0,0
BRDA:206,31,1,0
BRDA:207,32,0,0
BRDA:207,32,1,0
BRDA:208,33,0,0
BRDA:208,33,1,0
BRDA:208,34,0,0
BRDA:208,34,1,0
BRDA:211,35,0,0
BRDA:211,35,1,0
BRDA:212,36,0,0
BRDA:212,36,1,0
BRDA:213,37,0,0
BRDA:213,37,1,0
BRDA:214,38,0,0
BRDA:214,38,1,0
BRDA:215,39,0,0
BRDA:215,39,1,0
BRDA:216,40,0,0
BRDA:216,40,1,0
BRDA:217,41,0,0
BRDA:217,41,1,0
BRDA:217,42,0,0
BRDA:217,42,1,0
BRDA:232,43,0,0
BRDA:232,43,1,1
BRDA:249,44,0,2
BRDA:249,44,1,2
BRDA:260,45,0,0
BRDA:260,45,1,1
BRDA:260,46,0,1
BRDA:260,46,1,0
BRDA:262,47,0,0
BRDA:262,47,1,0
BRDA:265,48,0,0
BRDA:265,48,1,0
BRDA:266,49,0,0
BRDA:266,49,1,0
BRDA:266,50,0,0
BRDA:266,50,1,0
BRDA:267,51,0,0
BRDA:267,51,1,0
BRDA:282,52,0,1
BRDA:282,52,1,1
BRDA:295,53,0,0
BRDA:295,54,0,2
BRDA:303,55,0,0
BRDA:303,55,1,2
BRDA:303,56,0,2
BRDA:303,56,1,2
BRDA:304,57,0,0
BRDA:304,57,1,0
BRDA:304,58,0,0
BRDA:304,58,1,0
BRDA:311,59,0,0
BRDA:311,59,1,2
BRDA:311,60,0,2
BRDA:311,60,1,2
BRDA:312,61,0,0
BRDA:312,61,1,0
BRDA:312,62,0,0
BRDA:312,62,1,0
BRDA:326,63,0,0
BRDA:326,63,1,0
BRDA:327,64,0,0
BRDA:327,64,1,0
BRDA:341,65,0,0
BRDA:342,66,0,0
BRDA:342,66,1,0
BRDA:343,67,0,0
BRDA:343,67,1,0
BRDA:347,68,0,0
BRDA:347,68,1,0
BRDA:347,69,0,0
BRDA:347,69,1,0
BRDA:348,70,0,0
BRDA:348,70,1,0
BRDA:356,71,0,0
BRDA:356,71,1,0
BRDA:368,72,0,0
BRDA:368,72,1,0
BRDA:368,73,0,0
BRDA:368,73,1,0
BRDA:375,74,0,0
BRDA:375,74,1,0
BRDA:375,75,0,0
BRDA:375,75,1,0
BRDA:376,76,0,0
BRDA:376,76,1,0
BRDA:378,77,0,0
BRDA:378,77,1,0
BRDA:391,78,0,0
BRDA:391,78,1,0
BRDA:391,79,0,0
BRDA:391,79,1,0
BRDA:399,80,0,0
BRDA:399,80,1,0
BRDA:408,81,0,0
BRDA:409,82,0,0
BRDA:409,82,1,0
BRDA:410,83,0,0
BRDA:410,83,1,0
BRDA:415,84,0,0
BRDA:415,84,1,0
BRDA:415,85,0,0
BRDA:415,85,1,0
BRDA:416,86,0,0
BRDA:416,86,1,0
BRDA:423,87,0,0
BRDA:423,87,1,0
BRDA:434,88,0,0
BRDA:434,88,1,1
BRDA:437,89,0,0
BRDA:437,89,1,0
BRDA:437,90,0,0
BRDA:437,90,1,0
BRDA:441,91,0,0
BRDA:441,91,1,0
BRDA:442,92,0,0
BRDA:442,92,1,0
BRDA:442,93,0,0
BRDA:442,93,1,0
BRDA:443,94,0,0
BRDA:443,94,1,0
BRDA:452,95,0,0
BRDA:452,95,1,1
BRDA:470,96,0,2
BRDA:470,96,1,2
BRDA:476,97,0,1
BRDA:476,97,1,1
BRDA:482,98,0,0
BRDA:482,98,1,1
BRDA:498,99,0,0
BRDA:498,99,1,1
BRDA:507,100,0,1
BRDA:507,100,1,0
BRDA:516,101,0,0
BRDA:516,101,1,1
BRDA:524,102,0,0
BRDA:524,102,1,1
BRDA:531,103,0,0
BRDA:531,103,1,0
BRDA:538,104,0,0
BRDA:538,104,1,0
BRDA:539,105,0,0
BRDA:539,105,1,0
BRDA:539,106,0,0
BRDA:539,106,1,0
BRDA:540,107,0,0
BRDA:540,107,1,0
BRDA:547,108,0,0
BRDA:547,108,1,1
BRDA:555,109,0,0
BRDA:555,109,1,0
BRDA:556,110,0,0
BRDA:556,110,1,0
BRDA:557,111,0,0
BRDA:557,111,1,0
BRDA:566,112,0,0
BRDA:566,112,1,0
BRDA:577,113,0,49
BRDA:577,113,1,0
BRF:225
BRH:44
end_of_record
TN:
SF:src/screens/ChallengeBossScreen.js
FN:9,(anonymous_0)
FN:18,(anonymous_1)
FN:21,(anonymous_2)
FN:22,(anonymous_3)
FN:31,(anonymous_4)
FN:34,(anonymous_5)
FN:41,(anonymous_6)
FN:43,(anonymous_7)
FN:58,(anonymous_8)
FN:93,(anonymous_9)
FN:104,(anonymous_10)
FN:105,(anonymous_11)
FN:113,(anonymous_12)
FNF:13
FNH:6
FNDA:5,(anonymous_0)
FNDA:5,(anonymous_1)
FNDA:5,(anonymous_2)
FNDA:5,(anonymous_3)
FNDA:5,(anonymous_4)
FNDA:1,(anonymous_5)
FNDA:0,(anonymous_6)
FNDA:0,(anonymous_7)
FNDA:0,(anonymous_8)
FNDA:0,(anonymous_9)
FNDA:0,(anonymous_10)
FNDA:0,(anonymous_11)
FNDA:0,(anonymous_12)
DA:9,1
DA:10,5
DA:11,5
DA:12,5
DA:13,5
DA:14,5
DA:15,5
DA:16,5
DA:18,5
DA:20,5
DA:21,1
DA:22,5
DA:24,4
DA:26,1
DA:27,1
DA:28,1
DA:29,1
DA:31,5
DA:34,5
DA:35,1
DA:36,1
DA:37,1
DA:38,1
DA:41,5
DA:43,5
DA:44,0
DA:45,0
DA:48,5
DA:59,0
DA:93,0
DA:105,0
DA:113,0
DA:135,1
LF:33
LH:27
BRDA:20,0,0,1
BRDA:20,0,1,4
BRDA:20,1,0,5
BRDA:20,1,1,2
BRDA:24,2,0,1
BRDA:24,2,1,3
BRDA:24,3,0,4
BRDA:24,3,1,1
BRDA:27,4,0,0
BRDA:27,4,1,1
BRDA:28,5,0,0
BRDA:28,5,1,1
BRDA:55,6,0,0
BRDA:55,6,1,5
BRDA:55,7,0,5
BRDA:55,7,1,5
BRDA:77,8,0,2
BRDA:77,8,1,3
BRDA:85,9,0,3
BRDA:85,9,1,1
BRDA:86,10,0,0
BRDA:86,10,1,1
BRDA:92,11,0,3
BRDA:92,11,1,3
BRDA:98,12,0,3
BRDA:98,12,1,0
BRDA:101,13,0,0
BRDA:101,13,1,0
BRDA:124,14,0,5
BRDA:124,14,1,3
BRDA:124,14,2,2
BRDA:126,15,0,5
BRDA:126,15,1,3
BRDA:128,16,0,2
BRDA:128,16,1,3
BRF:35
BRH:28
end_of_record
TN:
SF:src/screens/CharacterCreationScreen.js
FN:5,(anonymous_0)
FN:9,(anonymous_1)
FNF:2
FNH:0
FNDA:0,(anonymous_0)
FNDA:0,(anonymous_1)
DA:5,0
DA:6,0
DA:7,0
DA:9,0
DA:10,0
DA:11,0
DA:12,0
DA:14,0
DA:17,0
DA:36,0
LF:10
LH:0
BRDA:10,0,0,0
BRDA:10,0,1,0
BRF:2
BRH:0
end_of_record
TN:
SF:src/screens/ExploreDungeonScreen.js
FN:12,(anonymous_0)
FN:18,(anonymous_1)
FN:19,(anonymous_2)
FN:28,(anonymous_3)
FN:32,(anonymous_4)
FN:40,(anonymous_5)
FN:42,(anonymous_6)
FN:50,(anonymous_7)
FN:53,(anonymous_8)
FN:56,(anonymous_9)
FN:62,(anonymous_10)
FN:69,(anonymous_11)
FN:70,(anonymous_12)
FN:75,(anonymous_13)
FN:78,(anonymous_14)
FN:95,(anonymous_15)
FN:101,(anonymous_16)
FN:107,(anonymous_17)
FN:115,(anonymous_18)
FN:121,(anonymous_19)
FN:149,(anonymous_20)
FN:153,(anonymous_21)
FN:180,(anonymous_22)
FN:181,(anonymous_23)
FNF:24
FNH:1
FNDA:9,(anonymous_0)
FNDA:0,(anonymous_1)
FNDA:0,(anonymous_2)
FNDA:0,(anonymous_3)
FNDA:0,(anonymous_4)
FNDA:0,(anonymous_5)
FNDA:0,(anonymous_6)
FNDA:0,(anonymous_7)
FNDA:0,(anonymous_8)
FNDA:0,(anonymous_9)
FNDA:0,(anonymous_10)
FNDA:0,(anonymous_11)
FNDA:0,(anonymous_12)
FNDA:0,(anonymous_13)
FNDA:0,(anonymous_14)
FNDA:0,(anonymous_15)
FNDA:0,(anonymous_16)
FNDA:0,(anonymous_17)
FNDA:0,(anonymous_18)
FNDA:0,(anonymous_19)
FNDA:0,(anonymous_20)
FNDA:0,(anonymous_21)
FNDA:0,(anonymous_22)
FNDA:0,(anonymous_23)
DA:12,1
DA:13,9
DA:14,8
DA:15,8
DA:18,0
DA:19,0
DA:21,0
DA:22,0
DA:23,0
DA:24,0
DA:26,0
DA:28,0
DA:29,0
DA:32,0
DA:34,0
DA:35,0
DA:36,0
DA:37,0
DA:40,0
DA:42,0
DA:44,0
DA:45,0
DA:46,0
DA:47,0
DA:50,0
DA:51,0
DA:52,0
DA:53,0
DA:54,0
DA:55,0
DA:56,0
DA:57,0
DA:59,0
DA:61,0
DA:62,0
DA:63,0
DA:64,0
DA:68,0
DA:69,0
DA:70,0
DA:72,0
DA:73,0
DA:75,0
DA:78,0
DA:79,0
DA:80,0
DA:81,0
DA:84,0
DA:85,0
DA:86,0
DA:87,0
DA:88,0
DA:91,0
DA:92,0
DA:95,0
DA:96,0
DA:101,0
DA:107,0
DA:115,0
DA:121,0
DA:129,0
DA:150,0
DA:153,0
DA:180,0
DA:181,0
DA:199,1
LF:66
LH:5
BRDA:19,0,0,0
BRDA:19,0,1,0
BRDA:35,1,0,0
BRDA:35,1,1,0
BRDA:45,2,0,0
BRDA:45,2,1,0
BRDA:47,3,0,0
BRDA:47,3,1,0
BRDA:49,4,0,0
BRDA:49,4,1,0
BRDA:49,5,0,0
BRDA:49,5,1,0
BRDA:49,6,0,0
BRDA:49,6,1,0
BRDA:49,7,0,0
BRDA:49,7,1,0
BRDA:49,8,0,0
BRDA:49,8,1,0
BRDA:49,9,0,0
BRDA:49,9,1,0
BRDA:52,10,0,0
BRDA:52,10,1,0
BRDA:54,11,0,0
BRDA:54,11,1,0
BRDA:61,12,0,0
BRDA:61,12,1,0
BRDA:68,13,0,0
BRDA:68,13,1,0
BRDA:68,14,0,0
BRDA:68,14,1,0
BRDA:72,15,0,0
BRDA:72,15,1,0
BRDA:72,16,0,0
BRDA:72,16,1,0
BRDA:79,17,0,0
BRDA:79,17,1,0
BRDA:84,18,0,0
BRDA:84,18,1,0
BRDA:86,19,0,0
BRDA:86,19,1,0
BRDA:100,20,0,0
BRDA:100,20,1,0
BRDA:101,21,0,0
BRDA:101,21,1,0
BRDA:106,22,0,0
BRDA:106,22,1,0
BRDA:107,23,0,0
BRDA:107,23,1,0
BRDA:114,24,0,0
BRDA:114,24,1,0
BRDA:115,25,0,0
BRDA:115,25,1,0
BRDA:120,26,0,0
BRDA:120,26,1,0
BRDA:121,27,0,0
BRDA:121,27,1,0
BRDA:135,28,0,0
BRDA:135,28,1,0
BRDA:145,29,0,0
BRDA:145,29,1,0
BRDA:163,30,0,0
BRDA:163,30,1,0
BRDA:172,31,0,0
BRDA:172,31,1,0
BRDA:187,32,0,0
BRDA:187,32,1,0
BRDA:192,33,0,0
BRDA:192,33,1,0
BRF:68
BRH:0
end_of_record
TN:
SF:src/screens/GearScreen.js
FN:9,(anonymous_0)
FN:12,(anonymous_1)
FN:18,(anonymous_2)
FN:40,(anonymous_3)
FN:48,(anonymous_4)
FN:50,(anonymous_5)
FN:97,(anonymous_6)
FN:104,(anonymous_7)
FNF:8
FNH:3
FNDA:2,(anonymous_0)
FNDA:18,(anonymous_1)
FNDA:0,(anonymous_2)
FNDA:0,(anonymous_3)
FNDA:0,(anonymous_4)
FNDA:0,(anonymous_5)
FNDA:18,(anonymous_6)
FNDA:0,(anonymous_7)
DA:9,1
DA:10,2
DA:12,2
DA:13,18
DA:14,18
DA:18,0
DA:40,2
DA:41,0
DA:43,0
DA:45,0
DA:48,2
DA:49,0
DA:50,0
DA:82,2
DA:97,18
DA:104,0
DA:113,1
LF:17
LH:10
BRDA:17,0,0,0
BRDA:17,0,1,18
BRDA:18,1,0,0
BRDA:18,1,1,0
BRDA:22,2,0,0
BRDA:22,2,1,18
BRDA:25,3,0,0
BRDA:25,3,1,0
BRDA:26,4,0,0
BRDA:26,4,1,0
BRDA:27,5,0,0
BRDA:27,5,1,0
BRDA:28,6,0,0
BRDA:28,6,1,0
BRDA:29,7,0,0
BRDA:29,7,1,0
BRDA:30,8,0,0
BRDA:30,8,1,0
BRDA:31,9,0,0
BRDA:31,9,1,0
BRDA:41,10,0,0
BRDA:41,10,1,0
BRDA:41,11,0,0
BRDA:41,11,1,0
BRDA:53,12,0,0
BRDA:53,12,1,0
BRDA:53,13,0,0
BRDA:53,13,1,0
BRDA:57,14,0,0
BRDA:57,14,1,0
BRDA:57,14,2,0
BRDA:57,14,3,0
BRDA:59,15,0,0
BRDA:59,15,1,0
BRDA:60,16,0,0
BRDA:60,16,1,0
BRDA:61,17,0,0
BRDA:61,17,1,0
BRDA:62,18,0,0
BRDA:62,18,1,0
BRDA:63,19,0,0
BRDA:63,19,1,0
BRDA:64,20,0,0
BRDA:64,20,1,0
BRDA:65,21,0,0
BRDA:65,21,1,0
BRDA:68,22,0,0
BRDA:68,22,1,0
BRDA:73,23,0,0
BRDA:73,23,1,0
BRF:50
BRH:2
end_of_record
TN:
SF:src/screens/LoginScreen.js
FN:5,(anonymous_0)
FN:11,(anonymous_1)
FN:45,(anonymous_2)
FNF:3
FNH:0
FNDA:0,(anonymous_0)
FNDA:0,(anonymous_1)
FNDA:0,(anonymous_2)
DA:5,0
DA:6,0
DA:7,0
DA:8,0
DA:9,0
DA:11,0
DA:12,0
DA:13,0
DA:14,0
DA:16,0
DA:19,0
DA:45,0
DA:54,0
LF:13
LH:0
BRDA:12,0,0,0
BRDA:12,0,1,0
BRDA:12,1,0,0
BRDA:12,1,1,0
BRDA:22,2,0,0
BRDA:22,2,1,0
BRDA:42,3,0,0
BRDA:42,3,1,0
BRDA:47,4,0,0
BRDA:47,4,1,0
BRF:10
BRH:0
end_of_record
TN:
SF:src/screens/TownScreen.js
FN:8,(anonymous_0)
FN:25,(anonymous_1)
FN:33,(anonymous_2)
FN:46,(anonymous_3)
FN:55,(anonymous_4)
FN:64,(anonymous_5)
FN:81,(anonymous_6)
FN:90,(anonymous_7)
FN:95,(anonymous_8)
FN:102,(anonymous_9)
FN:107,(anonymous_10)
FN:115,(anonymous_11)
FN:116,(anonymous_12)
FN:132,(anonymous_13)
FN:136,(anonymous_14)
FN:145,(anonymous_15)
FN:151,(anonymous_16)
FN:156,(anonymous_17)
FN:161,(anonymous_18)
FN:166,(anonymous_19)
FN:173,(anonymous_20)
FN:180,(anonymous_21)
FN:189,(anonymous_22)
FN:200,(anonymous_23)
FN:201,(anonymous_24)
FN:202,(anonymous_25)
FN:226,(anonymous_26)
FN:226,(anonymous_27)
FN:227,(anonymous_28)
FN:228,(anonymous_29)
FN:229,(anonymous_30)
FN:247,(anonymous_31)
FN:249,(anonymous_32)
FN:272,(anonymous_33)
FN:275,(anonymous_34)
FN:294,(anonymous_35)
FN:298,(anonymous_36)
FN:324,(anonymous_37)
FN:325,(anonymous_38)
FN:326,(anonymous_39)
FN:334,(anonymous_40)
FN:347,(anonymous_41)
FN:360,(anonymous_42)
FNF:43
FNH:18
FNDA:9,(anonymous_0)
FNDA:5,(anonymous_1)
FNDA:0,(anonymous_2)
FNDA:0,(anonymous_3)
FNDA:0,(anonymous_4)
FNDA:0,(anonymous_5)
FNDA:0,(anonymous_6)
FNDA:0,(anonymous_7)
FNDA:0,(anonymous_8)
FNDA:0,(anonymous_9)
FNDA:0,(anonymous_10)
FNDA:0,(anonymous_11)
FNDA:0,(anonymous_12)
FNDA:5,(anonymous_13)
FNDA:0,(anonymous_14)
FNDA:0,(anonymous_15)
FNDA:1,(anonymous_16)
FNDA:1,(anonymous_17)
FNDA:1,(anonymous_18)
FNDA:1,(anonymous_19)
FNDA:2,(anonymous_20)
FNDA:0,(anonymous_21)
FNDA:0,(anonymous_22)
FNDA:0,(anonymous_23)
FNDA:0,(anonymous_24)
FNDA:0,(anonymous_25)
FNDA:2,(anonymous_26)
FNDA:2,(anonymous_27)
FNDA:4,(anonymous_28)
FNDA:2,(anonymous_29)
FNDA:0,(anonymous_30)
FNDA:1,(anonymous_31)
FNDA:0,(anonymous_32)
FNDA:1,(anonymous_33)
FNDA:0,(anonymous_34)
FNDA:0,(anonymous_35)
FNDA:0,(anonymous_36)
FNDA:2,(anonymous_37)
FNDA:2,(anonymous_38)
FNDA:1,(anonymous_39)
FNDA:0,(anonymous_40)
FNDA:9,(anonymous_41)
FNDA:0,(anonymous_42)
DA:8,1
DA:14,9
DA:16,9
DA:17,9
DA:18,9
DA:19,9
DA:20,9
DA:21,9
DA:22,9
DA:25,9
DA:26,5
DA:33,9
DA:35,0
DA:37,0
DA:38,0
DA:39,0
DA:41,0
DA:42,0
DA:46,9
DA:47,0
DA:48,0
DA:49,0
DA:51,0
DA:55,9
DA:56,0
DA:57,0
DA:58,0
DA:60,0
DA:64,9
DA:65,0
DA:66,0
DA:67,0
DA:68,0
DA:69,0
DA:71,0
DA:73,0
DA:74,0
DA:76,0
DA:78,0
DA:81,9
DA:82,0
DA:83,0
DA:84,0
DA:85,0
DA:86,0
DA:88,0
DA:90,0
DA:95,9
DA:96,0
DA:97,0
DA:98,0
DA:100,0
DA:102,0
DA:107,9
DA:108,0
DA:111,0
DA:112,0
DA:113,0
DA:114,0
DA:115,0
DA:116,0
DA:117,0
DA:118,0
DA:119,0
DA:120,0
DA:121,0
DA:122,0
DA:124,0
DA:128,0
DA:132,9
DA:133,5
DA:136,0
DA:146,0
DA:151,1
DA:156,1
DA:161,1
DA:166,1
DA:173,9
DA:174,2
DA:175,2
DA:177,2
DA:180,0
DA:189,0
DA:200,0
DA:202,0
DA:203,0
DA:204,0
DA:205,0
DA:226,2
DA:227,4
DA:229,2
DA:247,9
DA:248,1
DA:249,0
DA:272,9
DA:273,1
DA:275,0
DA:295,0
DA:296,0
DA:297,0
DA:298,0
DA:324,2
DA:325,2
DA:327,1
DA:328,1
DA:329,0
DA:331,1
DA:333,1
DA:334,0
DA:347,9
DA:348,9
DA:360,0
DA:372,9
DA:384,1
LF:114
LH:45
BRDA:35,0,0,0
BRDA:35,0,1,0
BRDA:38,1,0,0
BRDA:38,1,1,0
BRDA:47,2,0,0
BRDA:47,2,1,0
BRDA:47,3,0,0
BRDA:47,3,1,0
BRDA:56,4,0,0
BRDA:56,4,1,0
BRDA:56,5,0,0
BRDA:56,5,1,0
BRDA:65,6,0,0
BRDA:65,6,1,0
BRDA:67,7,0,0
BRDA:67,7,1,0
BRDA:67,8,0,0
BRDA:67,8,1,0
BRDA:71,9,0,0
BRDA:71,9,1,0
BRDA:71,10,0,0
BRDA:71,10,1,0
BRDA:73,11,0,0
BRDA:73,11,1,0
BRDA:81,12,0,0
BRDA:82,13,0,0
BRDA:82,13,1,0
BRDA:85,14,0,0
BRDA:85,14,1,0
BRDA:86,15,0,0
BRDA:86,15,1,0
BRDA:95,16,0,0
BRDA:97,17,0,0
BRDA:97,17,1,0
BRDA:98,18,0,0
BRDA:98,18,1,0
BRDA:108,19,0,0
BRDA:108,19,1,0
BRDA:112,20,0,0
BRDA:112,20,1,0
BRDA:117,21,0,0
BRDA:117,21,1,0
BRDA:142,22,0,5
BRDA:142,22,1,0
BRDA:174,23,0,1
BRDA:174,23,1,1
BRDA:174,24,0,1
BRDA:174,24,1,0
BRDA:174,25,0,1
BRDA:174,25,1,0
BRDA:175,26,0,1
BRDA:175,26,1,1
BRDA:195,27,0,2
BRDA:195,27,1,0
BRDA:204,28,0,0
BRDA:204,28,1,0
BRDA:211,29,0,0
BRDA:211,29,1,0
BRDA:226,30,0,1
BRDA:226,30,1,1
BRDA:232,31,0,0
BRDA:232,31,1,2
BRDA:232,32,0,2
BRDA:232,32,1,0
BRDA:236,33,0,0
BRDA:236,33,1,2
BRDA:237,34,0,2
BRDA:237,34,1,0
BRDA:261,35,0,0
BRDA:261,35,1,1
BRDA:284,36,0,0
BRDA:284,36,1,1
BRDA:293,37,0,0
BRDA:293,37,1,0
BRDA:313,38,0,0
BRDA:313,38,1,1
BRDA:327,39,0,1
BRDA:327,39,1,0
BRDA:328,40,0,0
BRDA:328,40,1,1
BRDA:336,41,0,0
BRDA:336,41,1,1
BRDA:336,42,0,1
BRDA:336,42,1,0
BRDA:352,43,0,9
BRDA:352,43,1,9
BRDA:375,44,0,9
BRDA:375,44,1,5
BRDA:376,45,0,9
BRDA:376,45,1,1
BRDA:377,46,0,9
BRDA:377,46,1,1
BRDA:378,47,0,9
BRDA:378,47,1,1
BRDA:379,48,0,9
BRDA:379,48,1,1
BRF:96
BRH:33
end_of_record
TN:
SF:src/screens/TrainCombatScreen.js
FN:8,(anonymous_0)
FN:12,(anonymous_1)
FN:13,(anonymous_2)
FN:21,(anonymous_3)
FN:33,(anonymous_4)
FN:40,(anonymous_5)
FN:47,(anonymous_6)
FN:73,(anonymous_7)
FN:80,(anonymous_8)
FN:88,(anonymous_9)
FN:98,(anonymous_10)
FN:101,(anonymous_11)
FN:109,(anonymous_12)
FN:115,(anonymous_13)
FN:117,(anonymous_14)
FN:140,(anonymous_15)
FN:143,(anonymous_16)
FN:159,(anonymous_17)
FN:162,(anonymous_18)
FN:169,(anonymous_19)
FN:175,(anonymous_20)
FN:181,(anonymous_21)
FN:201,(anonymous_22)
FN:203,(anonymous_23)
FN:205,(anonymous_24)
FN:224,(anonymous_25)
FN:228,(anonymous_26)
FN:278,(anonymous_27)
FN:311,(anonymous_28)
FN:317,(anonymous_29)
FNF:30
FNH:1
FNDA:9,(anonymous_0)
FNDA:0,(anonymous_1)
FNDA:0,(anonymous_2)
FNDA:0,(anonymous_3)
FNDA:0,(anonymous_4)
FNDA:0,(anonymous_5)
FNDA:0,(anonymous_6)
FNDA:0,(anonymous_7)
FNDA:0,(anonymous_8)
FNDA:0,(anonymous_9)
FNDA:0,(anonymous_10)
FNDA:0,(anonymous_11)
FNDA:0,(anonymous_12)
FNDA:0,(anonymous_13)
FNDA:0,(anonymous_14)
FNDA:0,(anonymous_15)
FNDA:0,(anonymous_16)
FNDA:0,(anonymous_17)
FNDA:0,(anonymous_18)
FNDA:0,(anonymous_19)
FNDA:0,(anonymous_20)
FNDA:0,(anonymous_21)
FNDA:0,(anonymous_22)
FNDA:0,(anonymous_23)
FNDA:0,(anonymous_24)
FNDA:0,(anonymous_25)
FNDA:0,(anonymous_26)
FNDA:0,(anonymous_27)
FNDA:0,(anonymous_28)
FNDA:0,(anonymous_29)
DA:8,1
DA:9,9
DA:10,8
DA:12,8
DA:13,0
DA:17,0
DA:18,0
DA:19,0
DA:21,0
DA:22,0
DA:24,0
DA:30,0
DA:33,0
DA:34,0
DA:37,0
DA:38,0
DA:40,0
DA:43,0
DA:47,0
DA:48,0
DA:49,0
DA:64,0
DA:65,0
DA:66,0
DA:67,0
DA:68,0
DA:70,0
DA:71,0
DA:73,0
DA:74,0
DA:75,0
DA:76,0
DA:80,0
DA:81,0
DA:82,0
DA:83,0
DA:84,0
DA:85,0
DA:88,0
DA:89,0
DA:90,0
DA:91,0
DA:92,0
DA:94,0
DA:95,0
DA:96,0
DA:97,0
DA:98,0
DA:101,0
DA:102,0
DA:103,0
DA:104,0
DA:105,0
DA:109,0
DA:110,0
DA:111,0
DA:112,0
DA:115,0
DA:116,0
DA:117,0
DA:124,0
DA:125,0
DA:126,0
DA:130,0
DA:131,0
DA:132,0
DA:134,0
DA:137,0
DA:138,0
DA:140,0
DA:143,0
DA:147,0
DA:152,0
DA:153,0
DA:155,0
DA:157,0
DA:158,0
DA:159,0
DA:162,0
DA:169,0
DA:170,0
DA:175,0
DA:176,0
DA:178,0
DA:179,0
DA:180,0
DA:181,0
DA:182,0
DA:185,0
DA:191,0
DA:192,0
DA:193,0
DA:194,0
DA:195,0
DA:196,0
DA:199,0
DA:200,0
DA:201,0
DA:203,0
DA:204,0
DA:205,0
DA:215,0
DA:225,0
DA:228,0
DA:279,0
DA:312,0
DA:313,0
DA:317,0
DA:347,1
LF:109
LH:5
BRDA:22,0,0,0
BRDA:22,0,1,0
BRDA:48,1,0,0
BRDA:48,1,1,0
BRDA:52,2,0,0
BRDA:52,2,1,0
BRDA:74,3,0,0
BRDA:74,3,1,0
BRDA:81,4,0,0
BRDA:81,4,1,0
BRDA:89,5,0,0
BRDA:89,5,1,0
BRDA:90,6,0,0
BRDA:90,6,1,0
BRDA:103,7,0,0
BRDA:103,7,1,0
BRDA:116,8,0,0
BRDA:116,8,1,0
BRDA:116,9,0,0
BRDA:116,9,1,0
BRDA:125,10,0,0
BRDA:125,10,1,0
BRDA:131,11,0,0
BRDA:131,11,1,0
BRDA:147,12,0,0
BRDA:147,12,1,0
BRDA:155,13,0,0
BRDA:155,13,1,0
BRDA:170,14,0,0
BRDA:170,14,1,0
BRDA:176,15,0,0
BRDA:176,15,1,0
BRDA:178,16,0,0
BRDA:178,16,1,0
BRDA:185,17,0,0
BRDA:185,17,1,0
BRDA:185,18,0,0
BRDA:185,18,1,0
BRDA:195,19,0,0
BRDA:195,19,1,0
BRDA:204,20,0,0
BRDA:204,20,1,0
BRDA:220,21,0,0
BRDA:220,21,1,0
BRDA:254,22,0,0
BRDA:254,22,1,0
BRDA:266,23,0,0
BRDA:266,23,1,0
BRDA:283,24,0,0
BRDA:283,24,1,0
BRDA:287,25,0,0
BRDA:287,25,1,0
BRDA:316,26,0,0
BRDA:316,26,1,0
BRDA:321,27,0,0
BRDA:321,27,1,0
BRDA:340,28,0,0
BRDA:340,28,1,0
BRF:58
BRH:0
end_of_record
TN:
SF:src/utils/api.js
FN:7,(anonymous_0)
FNF:1
FNH:1
FNDA:4,(anonymous_0)
DA:5,5
DA:7,5
DA:8,4
DA:10,4
DA:13,4
DA:14,0
DA:17,4
DA:22,4
DA:23,0
DA:26,4
DA:27,4
DA:28,4
DA:29,4
DA:30,4
DA:33,4
DA:35,0
DA:36,0
LF:17
LH:13
BRDA:7,0,0,0
BRDA:7,1,0,4
BRDA:13,2,0,0
BRDA:13,2,1,4
BRDA:22,3,0,0
BRDA:22,3,1,4
BRF:6
BRH:3
end_of_record
TN:
SF:src/utils/gameLogic.js
FN:10,getBaseXPTable
FN:32,(anonymous_1)
FN:55,(anonymous_2)
FN:65,(anonymous_3)
FN:93,(anonymous_4)
FN:102,(anonymous_5)
FN:103,(anonymous_6)
FN:154,(anonymous_7)
FN:291,(anonymous_8)
FN:337,(anonymous_9)
FN:349,(anonymous_10)
FN:355,(anonymous_11)
FN:389,(anonymous_12)
FNF:13
FNH:12
FNDA:7,getBaseXPTable
FNDA:224,(anonymous_1)
FNDA:66,(anonymous_2)
FNDA:38,(anonymous_3)
FNDA:8,(anonymous_4)
FNDA:3,(anonymous_5)
FNDA:3,(anonymous_6)
FNDA:56,(anonymous_7)
FNDA:6,(anonymous_8)
FNDA:2,(anonymous_9)
FNDA:1,(anonymous_10)
FNDA:2,(anonymous_11)
FNDA:0,(anonymous_12)
DA:6,7
DA:7,7
DA:11,7
DA:12,7
DA:13,7
DA:17,7
DA:18,56
DA:19,56
DA:21,7
DA:24,7
DA:25,7
DA:32,7
DA:33,224
DA:34,177
DA:42,38
DA:43,38
DA:44,38
DA:46,38
DA:50,38
DA:52,38
DA:55,7
DA:56,66
DA:58,66
DA:59,53
DA:61,66
DA:65,7
DA:67,38
DA:75,38
DA:76,38
DA:79,38
DA:87,7
DA:93,7
DA:94,8
DA:102,7
DA:103,3
DA:104,3
DA:105,3
DA:106,3
DA:107,3
DA:110,3
DA:111,3
DA:112,3
DA:115,3
DA:118,3
DA:119,3
DA:121,3
DA:123,3
DA:124,1
DA:126,0
DA:133,7
DA:135,7
DA:139,7
DA:149,7
DA:154,7
DA:156,56
DA:158,56
DA:162,56
DA:163,5
DA:165,51
DA:169,56
DA:170,56
DA:172,56
DA:175,56
DA:176,5
DA:182,56
DA:183,56
DA:184,3
DA:187,53
DA:190,56
DA:192,56
DA:194,56
DA:197,56
DA:199,56
DA:201,7
DA:202,3
DA:203,3
DA:205,4
DA:206,4
DA:208,7
DA:210,8
DA:211,8
DA:212,8
DA:214,9
DA:215,9
DA:216,9
DA:218,4
DA:219,4
DA:220,4
DA:222,7
DA:223,7
DA:224,7
DA:226,10
DA:227,10
DA:228,10
DA:229,10
DA:231,6
DA:232,6
DA:234,6
DA:235,4
DA:237,6
DA:239,2
DA:240,1
DA:242,1
DA:243,1
DA:244,1
DA:246,2
DA:248,3
DA:249,0
DA:250,0
DA:252,3
DA:253,3
DA:254,3
DA:255,3
DA:257,3
DA:260,56
DA:263,56
DA:264,3
DA:266,3
DA:267,3
DA:268,3
DA:271,56
DA:281,7
DA:282,7
DA:284,7
DA:291,7
DA:293,6
DA:294,6
DA:295,6
DA:296,6
DA:300,6
DA:301,6
DA:303,6
DA:305,6
DA:306,6
DA:307,6
DA:309,6
DA:310,0
DA:311,0
DA:312,0
DA:314,6
DA:315,3
DA:316,3
DA:317,3
DA:319,6
DA:320,2
DA:321,2
DA:322,2
DA:325,6
DA:337,7
DA:338,2
DA:341,7
DA:349,7
DA:351,1
DA:352,1
DA:355,7
DA:356,2
DA:357,2
DA:359,2
DA:360,8
DA:368,4
DA:370,4
DA:373,4
DA:374,4
DA:377,4
DA:378,4
DA:379,4
DA:381,4
DA:382,4
DA:383,4
DA:386,2
DA:389,7
DA:390,0
DA:391,0
DA:392,0
DA:393,0
DA:394,0
DA:395,0
DA:396,0
DA:397,0
DA:398,0
DA:399,0
DA:400,0
DA:401,0
DA:402,0
DA:404,0
DA:406,0
LF:186
LH:165
BRDA:33,0,0,47
BRDA:33,0,1,177
BRDA:34,1,0,139
BRDA:34,1,1,38
BRDA:75,2,0,38
BRDA:75,2,1,38
BRDA:76,3,0,38
BRDA:76,3,1,38
BRDA:80,4,0,38
BRDA:80,4,1,37
BRDA:81,5,0,38
BRDA:81,5,1,37
BRDA:82,6,0,38
BRDA:82,6,1,37
BRDA:83,7,0,38
BRDA:83,7,1,37
BRDA:121,8,0,3
BRDA:121,8,1,0
BRDA:123,9,0,2
BRDA:123,9,1,1
BRDA:124,10,0,1
BRDA:124,10,1,0
BRDA:162,11,0,5
BRDA:162,11,1,51
BRDA:175,12,0,5
BRDA:175,12,1,51
BRDA:183,13,0,3
BRDA:183,13,1,53
BRDA:199,14,0,7
BRDA:199,14,1,8
BRDA:199,14,2,9
BRDA:199,14,3,4
BRDA:199,14,4,7
BRDA:199,14,5,10
BRDA:199,14,6,6
BRDA:199,14,7,2
BRDA:199,14,8,3
BRDA:201,15,0,3
BRDA:201,15,1,4
BRDA:234,16,0,4
BRDA:234,16,1,2
BRDA:239,17,0,1
BRDA:239,17,1,1
BRDA:248,18,0,0
BRDA:248,18,1,3
BRDA:263,19,0,3
BRDA:263,19,1,53
BRDA:267,20,0,3
BRDA:267,20,1,1
BRDA:268,21,0,3
BRDA:268,21,1,1
BRDA:276,22,0,5
BRDA:276,22,1,51
BRDA:276,23,0,3
BRDA:276,23,1,53
BRDA:294,24,0,1
BRDA:294,24,1,5
BRDA:295,25,0,0
BRDA:295,25,1,6
BRDA:296,26,0,5
BRDA:296,26,1,1
BRDA:301,27,0,2
BRDA:301,27,1,4
BRDA:309,28,0,0
BRDA:309,28,1,6
BRDA:314,29,0,3
BRDA:314,29,1,3
BRDA:319,30,0,2
BRDA:319,30,1,4
BRDA:330,31,0,1
BRDA:330,31,1,5
BRDA:331,32,0,1
BRDA:331,32,1,5
BRDA:360,33,0,4
BRDA:360,33,1,4
BRDA:374,34,0,4
BRDA:374,34,1,0
BRDA:378,35,0,4
BRDA:378,35,1,0
BRDA:379,36,0,4
BRDA:379,36,1,0
BRDA:391,37,0,0
BRDA:391,37,1,0
BRDA:394,38,0,0
BRDA:394,38,1,0
BRDA:397,39,0,0
BRDA:397,39,1,0
BRDA:400,40,0,0
BRDA:400,40,1,0
BRF:89
BRH:73
end_of_record
