TN:
SF:src/context/GameContext.js
FN:20,(anonymous_0)
FN:24,(anonymous_1)
FN:51,(anonymous_2)
FN:62,(anonymous_3)
FN:64,(anonymous_4)
FN:76,(anonymous_5)
FN:80,(anonymous_6)
FN:91,(anonymous_7)
FN:98,(anonymous_8)
FN:122,(anonymous_9)
FN:149,(anonymous_10)
FN:153,(anonymous_11)
FN:160,(anonymous_12)
FN:172,(anonymous_13)
FN:174,(anonymous_14)
FN:179,(anonymous_15)
FN:185,(anonymous_16)
FN:186,(anonymous_17)
FN:192,(anonymous_18)
FN:193,(anonymous_19)
FN:196,(anonymous_20)
FN:197,(anonymous_21)
FN:201,(anonymous_22)
FN:216,(anonymous_23)
FN:220,(anonymous_24)
FN:221,(anonymous_25)
FN:224,(anonymous_26)
FN:226,(anonymous_27)
FN:227,(anonymous_28)
FN:232,(anonymous_29)
FN:237,(anonymous_30)
FN:238,(anonymous_31)
FN:238,(anonymous_32)
FN:241,(anonymous_33)
FN:245,(anonymous_34)
FN:250,(anonymous_35)
FN:254,(anonymous_36)
FN:260,(anonymous_37)
FN:263,(anonymous_38)
FN:271,(anonymous_39)
FN:274,(anonymous_40)
FN:275,(anonymous_41)
FN:281,(anonymous_42)
FN:289,(anonymous_43)
FN:291,(anonymous_44)
FN:291,(anonymous_45)
FN:292,(anonymous_46)
FN:296,(anonymous_47)
FN:303,(anonymous_48)
FN:307,(anonymous_49)
FN:316,(anonymous_50)
FN:320,(anonymous_51)
FN:326,(anonymous_52)
FN:331,(anonymous_53)
FN:335,(anonymous_54)
FN:339,(anonymous_55)
FN:339,(anonymous_56)
FN:341,(anonymous_57)
FN:345,(anonymous_58)
FN:348,(anonymous_59)
FN:349,(anonymous_60)
FN:353,(anonymous_61)
FN:354,(anonymous_62)
FN:355,(anonymous_63)
FN:355,(anonymous_64)
FN:358,(anonymous_65)
FN:359,(anonymous_66)
FN:360,(anonymous_67)
FN:360,(anonymous_68)
FN:363,(anonymous_69)
FN:365,(anonymous_70)
FNF:71
FNH:60
FNDA:64,(anonymous_0)
FNDA:54,(anonymous_1)
FNDA:31,(anonymous_2)
FNDA:28,(anonymous_3)
FNDA:243,(anonymous_4)
FNDA:31,(anonymous_5)
FNDA:1,(anonymous_6)
FNDA:27,(anonymous_7)
FNDA:1,(anonymous_8)
FNDA:1,(anonymous_9)
FNDA:2,(anonymous_10)
FNDA:2,(anonymous_11)
FNDA:0,(anonymous_12)
FNDA:4,(anonymous_13)
FNDA:4,(anonymous_14)
FNDA:2,(anonymous_15)
FNDA:2,(anonymous_16)
FNDA:2,(anonymous_17)
FNDA:2,(anonymous_18)
FNDA:2,(anonymous_19)
FNDA:5,(anonymous_20)
FNDA:5,(anonymous_21)
FNDA:2,(anonymous_22)
FNDA:2,(anonymous_23)
FNDA:1,(anonymous_24)
FNDA:1,(anonymous_25)
FNDA:1,(anonymous_26)
FNDA:2,(anonymous_27)
FNDA:2,(anonymous_28)
FNDA:1,(anonymous_29)
FNDA:1,(anonymous_30)
FNDA:1,(anonymous_31)
FNDA:0,(anonymous_32)
FNDA:2,(anonymous_33)
FNDA:1,(anonymous_34)
FNDA:1,(anonymous_35)
FNDA:1,(anonymous_36)
FNDA:16,(anonymous_37)
FNDA:16,(anonymous_38)
FNDA:1,(anonymous_39)
FNDA:1,(anonymous_40)
FNDA:1,(anonymous_41)
FNDA:0,(anonymous_42)
FNDA:1,(anonymous_43)
FNDA:1,(anonymous_44)
FNDA:1,(anonymous_45)
FNDA:1,(anonymous_46)
FNDA:0,(anonymous_47)
FNDA:1,(anonymous_48)
FNDA:0,(anonymous_49)
FNDA:3,(anonymous_50)
FNDA:2,(anonymous_51)
FNDA:1,(anonymous_52)
FNDA:2,(anonymous_53)
FNDA:2,(anonymous_54)
FNDA:2,(anonymous_55)
FNDA:2,(anonymous_56)
FNDA:0,(anonymous_57)
FNDA:1,(anonymous_58)
FNDA:1,(anonymous_59)
FNDA:1,(anonymous_60)
FNDA:0,(anonymous_61)
FNDA:0,(anonymous_62)
FNDA:0,(anonymous_63)
FNDA:0,(anonymous_64)
FNDA:1,(anonymous_65)
FNDA:1,(anonymous_66)
FNDA:1,(anonymous_67)
FNDA:1,(anonymous_68)
FNDA:1,(anonymous_69)
FNDA:0,(anonymous_70)
DA:18,5
DA:20,64
DA:22,5
DA:24,5
DA:26,54
DA:27,54
DA:28,54
DA:29,54
DA:41,54
DA:42,54
DA:43,54
DA:44,54
DA:45,54
DA:46,54
DA:47,54
DA:48,54
DA:51,54
DA:59,54
DA:62,54
DA:63,28
DA:64,28
DA:65,243
DA:66,2
DA:67,2
DA:68,2
DA:69,2
DA:70,2
DA:73,28
DA:76,54
DA:77,31
DA:80,31
DA:81,1
DA:82,1
DA:83,1
DA:84,1
DA:87,31
DA:91,54
DA:92,27
DA:93,0
DA:98,54
DA:99,1
DA:100,1
DA:114,1
DA:115,1
DA:117,0
DA:118,0
DA:122,54
DA:123,1
DA:124,1
DA:125,1
DA:126,1
DA:127,1
DA:128,1
DA:129,1
DA:130,1
DA:131,1
DA:132,1
DA:133,1
DA:134,1
DA:135,1
DA:136,1
DA:137,1
DA:139,1
DA:141,0
DA:143,0
DA:144,0
DA:149,54
DA:150,2
DA:151,2
DA:153,2
DA:154,2
DA:155,2
DA:157,2
DA:158,0
DA:160,0
DA:162,2
DA:169,2
DA:172,54
DA:173,4
DA:174,4
DA:175,4
DA:176,4
DA:177,4
DA:178,2
DA:179,2
DA:181,4
DA:185,54
DA:186,2
DA:187,2
DA:188,1
DA:192,54
DA:193,2
DA:196,54
DA:197,5
DA:201,54
DA:202,2
DA:203,2
DA:205,2
DA:206,2
DA:208,2
DA:213,2
DA:216,54
DA:217,2
DA:218,1
DA:220,1
DA:221,1
DA:224,1
DA:226,2
DA:227,2
DA:229,1
DA:232,54
DA:233,1
DA:234,1
DA:235,1
DA:237,1
DA:238,1
DA:241,54
DA:242,2
DA:243,2
DA:245,1
DA:247,1
DA:250,54
DA:251,1
DA:254,54
DA:255,1
DA:256,1
DA:257,1
DA:260,54
DA:261,16
DA:262,16
DA:263,16
DA:264,16
DA:265,16
DA:266,16
DA:271,54
DA:272,1
DA:274,1
DA:275,1
DA:276,1
DA:279,1
DA:280,1
DA:281,0
DA:284,1
DA:286,1
DA:289,54
DA:290,1
DA:291,1
DA:292,1
DA:293,1
DA:294,1
DA:295,1
DA:296,0
DA:298,1
DA:303,54
DA:304,1
DA:305,1
DA:306,1
DA:307,0
DA:310,1
DA:311,0
DA:313,1
DA:316,54
DA:318,3
DA:319,2
DA:320,2
DA:321,2
DA:325,1
DA:326,1
DA:327,1
DA:331,54
DA:332,2
DA:334,2
DA:335,2
DA:336,2
DA:337,2
DA:339,2
DA:340,2
DA:341,0
DA:345,54
DA:346,1
DA:347,1
DA:348,1
DA:349,1
DA:353,54
DA:354,0
DA:355,0
DA:358,54
DA:359,1
DA:360,1
DA:363,54
DA:364,1
DA:365,0
DA:366,0
DA:368,1
DA:371,54
DA:372,54
DA:373,54
DA:374,54
DA:375,54
DA:377,54
LF:200
LH:183
BRDA:65,0,0,2
BRDA:65,0,1,241
BRDA:66,1,0,2
BRDA:66,1,1,1
BRDA:67,2,0,2
BRDA:67,2,1,0
BRDA:68,3,0,2
BRDA:68,3,1,1
BRDA:69,4,0,2
BRDA:69,4,1,2
BRDA:70,5,0,2
BRDA:70,5,1,2
BRDA:81,6,0,0
BRDA:81,6,1,1
BRDA:82,7,0,1
BRDA:82,7,1,0
BRDA:83,8,0,0
BRDA:83,8,1,1
BRDA:84,9,0,0
BRDA:84,9,1,1
BRDA:92,10,0,0
BRDA:92,10,1,27
BRDA:125,11,0,1
BRDA:125,11,1,0
BRDA:127,12,0,1
BRDA:127,12,1,0
BRDA:128,13,0,1
BRDA:128,13,1,1
BRDA:129,14,0,1
BRDA:129,14,1,1
BRDA:130,15,0,1
BRDA:130,15,1,1
BRDA:131,16,0,1
BRDA:131,16,1,1
BRDA:132,17,0,1
BRDA:132,17,1,0
BRDA:133,18,0,1
BRDA:133,18,1,1
BRDA:134,19,0,1
BRDA:134,19,1,1
BRDA:135,20,0,1
BRDA:135,20,1,1
BRDA:136,21,0,1
BRDA:136,21,1,1
BRDA:137,22,0,1
BRDA:137,22,1,1
BRDA:157,23,0,0
BRDA:157,23,1,2
BRDA:177,24,0,2
BRDA:177,24,1,2
BRDA:187,25,0,1
BRDA:187,25,1,1
BRDA:201,26,0,0
BRDA:203,27,0,0
BRDA:203,27,1,2
BRDA:203,28,0,2
BRDA:203,28,1,0
BRDA:217,29,0,1
BRDA:217,29,1,1
BRDA:218,30,0,0
BRDA:218,30,1,1
BRDA:233,31,0,1
BRDA:233,31,1,0
BRDA:234,32,0,1
BRDA:234,32,1,0
BRDA:243,33,0,1
BRDA:243,33,1,1
BRDA:255,34,0,0
BRDA:255,34,1,1
BRDA:255,35,0,1
BRDA:255,35,1,0
BRDA:261,36,0,0
BRDA:261,36,1,16
BRDA:261,37,0,16
BRDA:261,37,1,16
BRDA:262,38,0,16
BRDA:262,38,1,0
BRDA:272,39,0,0
BRDA:272,39,1,1
BRDA:272,40,0,1
BRDA:272,40,1,1
BRDA:280,41,0,0
BRDA:280,41,1,1
BRDA:295,42,0,0
BRDA:295,42,1,1
BRDA:306,43,0,0
BRDA:306,43,1,1
BRDA:310,44,0,0
BRDA:310,44,1,1
BRDA:316,45,0,0
BRDA:318,46,0,2
BRDA:318,46,1,1
BRDA:332,47,0,0
BRDA:332,47,1,2
BRDA:340,48,0,0
BRDA:340,48,1,2
BRDA:347,49,0,1
BRDA:347,49,1,0
BRDA:354,50,0,0
BRDA:354,50,1,0
BRDA:364,51,0,0
BRDA:364,51,1,1
BRDA:375,52,0,54
BRDA:375,52,1,0
BRF:104
BRH:71
end_of_record
TN:
SF:src/screens/ChallengeBossScreen.js
FN:8,(anonymous_0)
FN:16,(anonymous_1)
FN:19,(anonymous_2)
FN:20,(anonymous_3)
FN:29,(anonymous_4)
FN:32,(anonymous_5)
FN:39,(anonymous_6)
FN:41,(anonymous_7)
FN:56,(anonymous_8)
FN:90,(anonymous_9)
FN:101,(anonymous_10)
FN:102,(anonymous_11)
FN:110,(anonymous_12)
FNF:13
FNH:6
FNDA:5,(anonymous_0)
FNDA:5,(anonymous_1)
FNDA:5,(anonymous_2)
FNDA:5,(anonymous_3)
FNDA:5,(anonymous_4)
FNDA:1,(anonymous_5)
FNDA:0,(anonymous_6)
FNDA:0,(anonymous_7)
FNDA:0,(anonymous_8)
FNDA:0,(anonymous_9)
FNDA:0,(anonymous_10)
FNDA:0,(anonymous_11)
FNDA:0,(anonymous_12)
DA:8,1
DA:9,5
DA:10,5
DA:11,5
DA:12,5
DA:13,5
DA:14,5
DA:16,5
DA:18,5
DA:19,1
DA:20,5
DA:22,4
DA:24,1
DA:25,1
DA:26,1
DA:27,1
DA:29,5
DA:32,5
DA:33,1
DA:34,1
DA:35,1
DA:36,1
DA:39,5
DA:41,5
DA:42,0
DA:43,0
DA:46,5
DA:57,0
DA:90,0
DA:102,0
DA:110,0
DA:132,1
LF:32
LH:26
BRDA:18,0,0,1
BRDA:18,0,1,4
BRDA:18,1,0,5
BRDA:18,1,1,2
BRDA:22,2,0,1
BRDA:22,2,1,3
BRDA:22,3,0,4
BRDA:22,3,1,1
BRDA:25,4,0,0
BRDA:25,4,1,1
BRDA:26,5,0,0
BRDA:26,5,1,1
BRDA:53,6,0,0
BRDA:53,6,1,5
BRDA:53,7,0,5
BRDA:53,7,1,5
BRDA:74,8,0,2
BRDA:74,8,1,3
BRDA:82,9,0,3
BRDA:82,9,1,1
BRDA:83,10,0,0
BRDA:83,10,1,1
BRDA:89,11,0,3
BRDA:89,11,1,3
BRDA:95,12,0,3
BRDA:95,12,1,0
BRDA:98,13,0,0
BRDA:98,13,1,0
BRDA:121,14,0,5
BRDA:121,14,1,3
BRDA:121,14,2,2
BRDA:123,15,0,5
BRDA:123,15,1,3
BRDA:125,16,0,2
BRDA:125,16,1,3
BRF:35
BRH:28
end_of_record
TN:
SF:src/screens/ExploreDungeonScreen.js
FN:12,(anonymous_0)
FN:22,(anonymous_1)
FN:30,(anonymous_2)
FN:33,(anonymous_3)
FN:34,(anonymous_4)
FN:41,(anonymous_5)
FN:43,(anonymous_6)
FN:47,(anonymous_7)
FN:50,(anonymous_8)
FN:62,(anonymous_9)
FN:68,(anonymous_10)
FN:74,(anonymous_11)
FN:82,(anonymous_12)
FN:88,(anonymous_13)
FN:127,(anonymous_14)
FN:128,(anonymous_15)
FNF:16
FNH:13
FNDA:11,(anonymous_0)
FNDA:6,(anonymous_1)
FNDA:9,(anonymous_2)
FNDA:15,(anonymous_3)
FNDA:15,(anonymous_4)
FNDA:0,(anonymous_5)
FNDA:1,(anonymous_6)
FNDA:9,(anonymous_7)
FNDA:2,(anonymous_8)
FNDA:11,(anonymous_9)
FNDA:1,(anonymous_10)
FNDA:2,(anonymous_11)
FNDA:0,(anonymous_12)
FNDA:0,(anonymous_13)
FNDA:1,(anonymous_14)
FNDA:2,(anonymous_15)
DA:12,1
DA:13,11
DA:14,11
DA:15,11
DA:16,11
DA:17,11
DA:18,11
DA:20,11
DA:22,11
DA:24,6
DA:25,6
DA:26,6
DA:27,6
DA:30,11
DA:32,9
DA:33,1
DA:34,15
DA:36,8
DA:38,1
DA:40,1
DA:41,0
DA:43,1
DA:45,1
DA:47,9
DA:50,11
DA:51,2
DA:52,1
DA:53,1
DA:54,1
DA:55,1
DA:58,1
DA:59,1
DA:62,11
DA:63,11
DA:68,1
DA:74,2
DA:82,0
DA:88,0
DA:96,11
DA:127,1
DA:128,2
DA:146,1
LF:42
LH:39
BRDA:25,0,0,6
BRDA:25,0,1,6
BRDA:32,1,0,1
BRDA:32,1,1,8
BRDA:32,2,0,9
BRDA:32,2,1,2
BRDA:36,3,0,1
BRDA:36,3,1,7
BRDA:36,4,0,8
BRDA:36,4,1,1
BRDA:40,5,0,0
BRDA:40,5,1,1
BRDA:43,6,0,1
BRDA:43,6,1,0
BRDA:43,7,0,1
BRDA:43,7,1,0
BRDA:43,8,0,1
BRDA:43,8,1,0
BRDA:51,9,0,1
BRDA:51,9,1,1
BRDA:53,10,0,1
BRDA:53,10,1,0
BRDA:67,11,0,11
BRDA:67,11,1,7
BRDA:68,12,0,1
BRDA:68,12,1,1
BRDA:73,13,0,11
BRDA:73,13,1,4
BRDA:74,14,0,2
BRDA:74,14,1,2
BRDA:81,15,0,11
BRDA:81,15,1,0
BRDA:82,16,0,0
BRDA:82,16,1,0
BRDA:87,17,0,11
BRDA:87,17,1,0
BRDA:88,18,0,0
BRDA:88,18,1,0
BRDA:102,19,0,11
BRDA:102,19,1,0
BRDA:110,20,0,2
BRDA:110,20,1,9
BRDA:119,21,0,9
BRDA:119,21,1,4
BRDA:134,22,0,11
BRDA:134,22,1,2
BRDA:139,23,0,2
BRDA:139,23,1,9
BRF:48
BRH:36
end_of_record
TN:
SF:src/screens/GearScreen.js
FN:9,(anonymous_0)
FN:12,(anonymous_1)
FN:18,(anonymous_2)
FN:39,(anonymous_3)
FN:48,(anonymous_4)
FN:50,(anonymous_5)
FN:87,(anonymous_6)
FN:94,(anonymous_7)
FNF:8
FNH:3
FNDA:2,(anonymous_0)
FNDA:18,(anonymous_1)
FNDA:0,(anonymous_2)
FNDA:0,(anonymous_3)
FNDA:0,(anonymous_4)
FNDA:0,(anonymous_5)
FNDA:18,(anonymous_6)
FNDA:0,(anonymous_7)
DA:9,1
DA:10,2
DA:12,2
DA:13,18
DA:14,18
DA:18,0
DA:39,2
DA:40,0
DA:43,0
DA:45,0
DA:48,2
DA:49,0
DA:50,0
DA:72,2
DA:87,18
DA:94,0
DA:103,1
LF:17
LH:10
BRDA:17,0,0,0
BRDA:17,0,1,18
BRDA:18,1,0,0
BRDA:18,1,1,0
BRDA:22,2,0,0
BRDA:22,2,1,18
BRDA:26,3,0,0
BRDA:26,3,1,0
BRDA:27,4,0,0
BRDA:27,4,1,0
BRDA:28,5,0,0
BRDA:28,5,1,0
BRDA:29,6,0,0
BRDA:29,6,1,0
BRDA:40,7,0,0
BRDA:40,7,1,0
BRDA:55,8,0,0
BRDA:55,8,1,0
BRDA:57,9,0,0
BRDA:57,9,1,0
BRDA:58,10,0,0
BRDA:58,10,1,0
BRDA:59,11,0,0
BRDA:59,11,1,0
BRDA:60,12,0,0
BRDA:60,12,1,0
BRDA:63,13,0,0
BRDA:63,13,1,0
BRF:28
BRH:2
end_of_record
TN:
SF:src/screens/TownScreen.js
FN:7,(anonymous_0)
FN:20,(anonymous_1)
FN:28,(anonymous_2)
FN:38,(anonymous_3)
FN:46,(anonymous_4)
FN:51,(anonymous_5)
FN:58,(anonymous_6)
FN:63,(anonymous_7)
FN:71,(anonymous_8)
FN:72,(anonymous_9)
FN:88,(anonymous_10)
FN:93,(anonymous_11)
FN:98,(anonymous_12)
FN:103,(anonymous_13)
FN:108,(anonymous_14)
FN:115,(anonymous_15)
FN:122,(anonymous_16)
FN:142,(anonymous_17)
FN:143,(anonymous_18)
FN:144,(anonymous_19)
FN:168,(anonymous_20)
FN:169,(anonymous_21)
FN:170,(anonymous_22)
FN:171,(anonymous_23)
FN:187,(anonymous_24)
FN:189,(anonymous_25)
FN:212,(anonymous_26)
FN:215,(anonymous_27)
FN:234,(anonymous_28)
FN:256,(anonymous_29)
FN:257,(anonymous_30)
FN:258,(anonymous_31)
FN:259,(anonymous_32)
FNF:33
FNH:16
FNDA:9,(anonymous_0)
FNDA:5,(anonymous_1)
FNDA:0,(anonymous_2)
FNDA:0,(anonymous_3)
FNDA:0,(anonymous_4)
FNDA:0,(anonymous_5)
FNDA:0,(anonymous_6)
FNDA:0,(anonymous_7)
FNDA:0,(anonymous_8)
FNDA:0,(anonymous_9)
FNDA:5,(anonymous_10)
FNDA:1,(anonymous_11)
FNDA:1,(anonymous_12)
FNDA:1,(anonymous_13)
FNDA:1,(anonymous_14)
FNDA:2,(anonymous_15)
FNDA:0,(anonymous_16)
FNDA:0,(anonymous_17)
FNDA:0,(anonymous_18)
FNDA:0,(anonymous_19)
FNDA:4,(anonymous_20)
FNDA:4,(anonymous_21)
FNDA:2,(anonymous_22)
FNDA:0,(anonymous_23)
FNDA:1,(anonymous_24)
FNDA:0,(anonymous_25)
FNDA:1,(anonymous_26)
FNDA:0,(anonymous_27)
FNDA:0,(anonymous_28)
FNDA:2,(anonymous_29)
FNDA:2,(anonymous_30)
FNDA:1,(anonymous_31)
FNDA:0,(anonymous_32)
DA:7,1
DA:13,9
DA:15,9
DA:16,9
DA:17,9
DA:20,9
DA:21,5
DA:28,9
DA:29,0
DA:30,0
DA:31,0
DA:33,0
DA:34,0
DA:38,9
DA:39,0
DA:40,0
DA:41,0
DA:42,0
DA:44,0
DA:46,0
DA:51,9
DA:52,0
DA:53,0
DA:54,0
DA:56,0
DA:58,0
DA:63,9
DA:64,0
DA:67,0
DA:68,0
DA:69,0
DA:70,0
DA:71,0
DA:72,0
DA:73,0
DA:74,0
DA:75,0
DA:76,0
DA:77,0
DA:78,0
DA:80,0
DA:84,0
DA:88,9
DA:89,5
DA:93,1
DA:98,1
DA:103,1
DA:108,1
DA:115,9
DA:116,2
DA:117,2
DA:119,2
DA:122,0
DA:142,0
DA:144,0
DA:145,0
DA:146,0
DA:147,0
DA:168,4
DA:169,4
DA:171,2
DA:187,9
DA:188,1
DA:189,0
DA:212,9
DA:213,1
DA:215,0
DA:235,0
DA:236,0
DA:256,2
DA:257,2
DA:259,1
DA:268,9
DA:279,1
LF:74
LH:33
BRDA:30,0,0,0
BRDA:30,0,1,0
BRDA:39,1,0,0
BRDA:39,1,1,0
BRDA:41,2,0,0
BRDA:41,2,1,0
BRDA:42,3,0,0
BRDA:42,3,1,0
BRDA:53,4,0,0
BRDA:53,4,1,0
BRDA:54,5,0,0
BRDA:54,5,1,0
BRDA:64,6,0,0
BRDA:64,6,1,0
BRDA:68,7,0,0
BRDA:68,7,1,0
BRDA:73,8,0,0
BRDA:73,8,1,0
BRDA:116,9,0,1
BRDA:116,9,1,1
BRDA:117,10,0,1
BRDA:117,10,1,1
BRDA:137,11,0,2
BRDA:137,11,1,0
BRDA:146,12,0,0
BRDA:146,12,1,0
BRDA:153,13,0,0
BRDA:153,13,1,0
BRDA:168,14,0,2
BRDA:168,14,1,2
BRDA:176,15,0,0
BRDA:176,15,1,2
BRDA:177,16,0,2
BRDA:177,16,1,0
BRDA:201,17,0,0
BRDA:201,17,1,1
BRDA:224,18,0,0
BRDA:224,18,1,1
BRDA:233,19,0,0
BRDA:233,19,1,0
BRDA:270,20,0,9
BRDA:270,20,1,5
BRDA:271,21,0,9
BRDA:271,21,1,1
BRDA:272,22,0,9
BRDA:272,22,1,1
BRDA:273,23,0,9
BRDA:273,23,1,1
BRDA:274,24,0,9
BRDA:274,24,1,1
BRF:50
BRH:21
end_of_record
TN:
SF:src/screens/TrainCombatScreen.js
FN:8,(anonymous_0)
FN:22,(anonymous_1)
FN:29,(anonymous_2)
FN:37,(anonymous_3)
FN:47,(anonymous_4)
FN:50,(anonymous_5)
FN:58,(anonymous_6)
FN:64,(anonymous_7)
FN:66,(anonymous_8)
FN:89,(anonymous_9)
FN:92,(anonymous_10)
FN:108,(anonymous_11)
FN:111,(anonymous_12)
FN:118,(anonymous_13)
FN:124,(anonymous_14)
FN:130,(anonymous_15)
FN:146,(anonymous_16)
FN:191,(anonymous_17)
FN:224,(anonymous_18)
FN:230,(anonymous_19)
FNF:20
FNH:15
FNDA:8,(anonymous_0)
FNDA:1,(anonymous_1)
FNDA:1,(anonymous_2)
FNDA:1,(anonymous_3)
FNDA:1,(anonymous_4)
FNDA:1,(anonymous_5)
FNDA:0,(anonymous_6)
FNDA:6,(anonymous_7)
FNDA:2,(anonymous_8)
FNDA:2,(anonymous_9)
FNDA:0,(anonymous_10)
FNDA:2,(anonymous_11)
FNDA:0,(anonymous_12)
FNDA:6,(anonymous_13)
FNDA:8,(anonymous_14)
FNDA:0,(anonymous_15)
FNDA:0,(anonymous_16)
FNDA:15,(anonymous_17)
FNDA:12,(anonymous_18)
FNDA:1,(anonymous_19)
DA:8,1
DA:9,8
DA:10,8
DA:13,8
DA:14,8
DA:15,8
DA:16,8
DA:17,8
DA:19,8
DA:20,8
DA:22,8
DA:23,1
DA:24,1
DA:25,1
DA:29,8
DA:30,1
DA:31,1
DA:32,1
DA:33,1
DA:34,1
DA:37,8
DA:38,1
DA:39,1
DA:40,0
DA:41,0
DA:43,1
DA:44,1
DA:45,1
DA:46,1
DA:47,1
DA:50,8
DA:51,1
DA:52,1
DA:53,1
DA:54,1
DA:58,8
DA:59,0
DA:60,0
DA:61,0
DA:64,8
DA:65,6
DA:66,1
DA:73,2
DA:74,2
DA:75,0
DA:79,2
DA:80,2
DA:81,2
DA:83,2
DA:86,2
DA:87,2
DA:89,2
DA:92,0
DA:96,2
DA:101,2
DA:102,2
DA:104,2
DA:106,2
DA:107,2
DA:108,2
DA:111,0
DA:118,6
DA:119,6
DA:124,8
DA:125,8
DA:127,2
DA:128,0
DA:129,0
DA:130,0
DA:131,0
DA:134,2
DA:140,0
DA:141,0
DA:142,0
DA:144,0
DA:145,0
DA:146,0
DA:154,8
DA:192,15
DA:225,12
DA:226,12
DA:230,1
DA:260,1
LF:83
LH:65
BRDA:23,0,0,0
BRDA:23,0,1,1
BRDA:30,1,0,0
BRDA:30,1,1,1
BRDA:38,2,0,0
BRDA:38,2,1,1
BRDA:39,3,0,0
BRDA:39,3,1,1
BRDA:52,4,0,1
BRDA:52,4,1,0
BRDA:65,5,0,1
BRDA:65,5,1,5
BRDA:65,6,0,6
BRDA:65,6,1,1
BRDA:74,7,0,0
BRDA:74,7,1,2
BRDA:80,8,0,2
BRDA:80,8,1,0
BRDA:96,9,0,2
BRDA:96,9,1,0
BRDA:104,10,0,2
BRDA:104,10,1,0
BRDA:119,11,0,0
BRDA:119,11,1,6
BRDA:125,12,0,6
BRDA:125,12,1,2
BRDA:127,13,0,0
BRDA:127,13,1,2
BRDA:134,14,0,0
BRDA:134,14,1,2
BRDA:134,15,0,2
BRDA:134,15,1,0
BRDA:167,16,0,8
BRDA:167,16,1,0
BRDA:179,17,0,4
BRDA:179,17,1,4
BRDA:196,18,0,2
BRDA:196,18,1,2
BRDA:200,19,0,0
BRDA:200,19,1,2
BRDA:229,20,0,12
BRDA:229,20,1,0
BRDA:234,21,0,0
BRDA:234,21,1,12
BRDA:253,22,0,8
BRDA:253,22,1,1
BRF:46
BRH:29
end_of_record
TN:
SF:src/utils/gameLogic.js
FN:10,getBaseXPTable
FN:32,(anonymous_1)
FN:55,(anonymous_2)
FN:65,(anonymous_3)
FN:89,(anonymous_4)
FN:105,(anonymous_5)
FN:159,(anonymous_6)
FN:277,(anonymous_7)
FN:318,(anonymous_8)
FN:330,(anonymous_9)
FN:336,(anonymous_10)
FNF:11
FNH:11
FNDA:6,getBaseXPTable
FNDA:216,(anonymous_1)
FNDA:48,(anonymous_2)
FNDA:33,(anonymous_3)
FNDA:3,(anonymous_4)
FNDA:3,(anonymous_5)
FNDA:61,(anonymous_6)
FNDA:11,(anonymous_7)
FNDA:4,(anonymous_8)
FNDA:2,(anonymous_9)
FNDA:6,(anonymous_10)
DA:6,6
DA:7,6
DA:11,6
DA:12,6
DA:13,6
DA:17,6
DA:18,48
DA:19,48
DA:21,6
DA:24,6
DA:25,6
DA:32,6
DA:33,216
DA:34,165
DA:42,38
DA:43,38
DA:44,38
DA:46,38
DA:50,38
DA:52,38
DA:55,6
DA:56,48
DA:58,48
DA:59,53
DA:61,48
DA:65,6
DA:67,33
DA:75,33
DA:83,6
DA:89,6
DA:105,3
DA:106,3
DA:107,3
DA:108,3
DA:112,3
DA:113,3
DA:114,3
DA:119,3
DA:122,3
DA:123,3
DA:126,3
DA:128,3
DA:129,1
DA:131,0
DA:138,6
DA:140,6
DA:144,6
DA:154,6
DA:159,6
DA:161,61
DA:163,61
DA:167,61
DA:168,6
DA:170,55
DA:174,61
DA:175,61
DA:177,61
DA:180,61
DA:181,6
DA:187,61
DA:188,61
DA:189,0
DA:192,61
DA:195,61
DA:197,61
DA:199,61
DA:201,61
DA:203,4
DA:204,4
DA:205,4
DA:207,9
DA:208,9
DA:209,9
DA:211,5
DA:212,5
DA:213,5
DA:215,11
DA:216,11
DA:217,11
DA:219,6
DA:220,6
DA:221,6
DA:223,11
DA:224,11
DA:225,11
DA:226,11
DA:228,9
DA:229,9
DA:231,9
DA:232,8
DA:234,9
DA:236,2
DA:237,2
DA:238,2
DA:240,4
DA:241,4
DA:242,4
DA:243,4
DA:246,61
DA:249,61
DA:250,0
DA:252,0
DA:253,0
DA:254,0
DA:257,61
DA:267,6
DA:268,6
DA:270,6
DA:277,6
DA:279,11
DA:280,11
DA:281,11
DA:282,11
DA:286,11
DA:287,11
DA:289,11
DA:291,11
DA:292,11
DA:294,11
DA:295,2
DA:296,2
DA:298,11
DA:299,4
DA:300,4
DA:302,11
DA:303,1
DA:304,1
DA:307,11
DA:318,6
DA:319,4
DA:322,6
DA:330,6
DA:332,2
DA:333,2
DA:336,6
DA:337,6
DA:338,6
DA:340,6
DA:341,16
DA:349,8
DA:351,8
DA:354,8
DA:355,8
DA:358,8
DA:359,8
DA:360,8
DA:362,8
DA:363,8
DA:364,8
DA:367,6
LF:150
LH:144
BRDA:33,0,0,51
BRDA:33,0,1,165
BRDA:34,1,0,127
BRDA:34,1,1,38
BRDA:76,2,0,33
BRDA:76,2,1,31
BRDA:77,3,0,33
BRDA:77,3,1,30
BRDA:78,4,0,33
BRDA:78,4,1,31
BRDA:79,5,0,33
BRDA:79,5,1,32
BRDA:126,6,0,3
BRDA:126,6,1,0
BRDA:128,7,0,2
BRDA:128,7,1,1
BRDA:129,8,0,1
BRDA:129,8,1,0
BRDA:167,9,0,6
BRDA:167,9,1,55
BRDA:180,10,0,6
BRDA:180,10,1,55
BRDA:188,11,0,0
BRDA:188,11,1,61
BRDA:201,12,0,4
BRDA:201,12,1,9
BRDA:201,12,2,5
BRDA:201,12,3,11
BRDA:201,12,4,6
BRDA:201,12,5,11
BRDA:201,12,6,9
BRDA:201,12,7,2
BRDA:201,12,8,4
BRDA:231,13,0,8
BRDA:231,13,1,1
BRDA:249,14,0,0
BRDA:249,14,1,61
BRDA:253,15,0,0
BRDA:253,15,1,0
BRDA:254,16,0,0
BRDA:254,16,1,0
BRDA:262,17,0,6
BRDA:262,17,1,55
BRDA:262,18,0,0
BRDA:262,18,1,61
BRDA:280,19,0,6
BRDA:280,19,1,5
BRDA:281,20,0,0
BRDA:281,20,1,11
BRDA:282,21,0,5
BRDA:282,21,1,6
BRDA:287,22,0,3
BRDA:287,22,1,8
BRDA:294,23,0,2
BRDA:294,23,1,9
BRDA:298,24,0,4
BRDA:298,24,1,7
BRDA:302,25,0,1
BRDA:302,25,1,10
BRDA:341,26,0,8
BRDA:341,26,1,8
BRDA:355,27,0,8
BRDA:355,27,1,0
BRDA:359,28,0,4
BRDA:359,28,1,4
BRDA:360,29,0,4
BRDA:360,29,1,4
BRF:67
BRH:56
end_of_record
